#
# A fatal error has been detected by the Java Runtime Environment:
#
#  SIGSEGV (0xb) at pc=0x00007fff832fa4dd, pid=6795, tid=2571
#
# JRE version: Java(TM) SE Runtime Environment (8.0_65-b17) (build 1.8.0_65-b17)
# Java VM: Java HotSpot(TM) 64-Bit Server VM (25.65-b01 mixed mode bsd-amd64 compressed oops)
# Problematic frame:
# C  [libobjc.A.dylib+0x14dd]  objc_msgSend+0x1d
#
# Failed to write core dump. Core dumps have been disabled. To enable core dumping, try "ulimit -c unlimited" before starting Java again
#
# If you would like to submit a bug report, please visit:
#   http://bugreport.java.com/bugreport/crash.jsp
# The crash happened outside the Java Virtual Machine in native code.
# See problematic frame for where to report the bug.
#

---------------  T H R E A D  ---------------

Current thread (0x00007faf04166800):  JavaThread "AppKit Thread" daemon [_thread_in_native, id=2571, stack(0x00007fff54afc000,0x00007fff552fc000)]

siginfo: si_signo: 11 (SIGSEGV), si_code: 1 (SEGV_MAPERR), si_addr: 0x0000000000000018

Registers:
RAX=0x00007faf03f24b30, RBX=0x00007fff552f6dc8, RCX=0x00007faf03e78c88, RDX=0x00007faf03c55f30
RSP=0x00007fff552f6d88, RBP=0x00007fff552f6d90, RSI=0x00007fff8525984a, RDI=0x00007faf03f24b30
R8 =0x000000000000001f, R9 =0x00007faf03e4a4a0, R10=0x00007fff8525984a, R11=0x0000000000000000
R12=0x00007faf03c55f30, R13=0x00007faf03e4a4a0, R14=0x00007faf03e78c80, R15=0x0000000000000000
RIP=0x00007fff832fa4dd, EFLAGS=0x0000000000010246, ERR=0x0000000000000004
  TRAPNO=0x000000000000000e

Top of Stack: (sp=0x00007fff552f6d88)
0x00007fff552f6d88:   00007fff86994bbc 00007fff552f6db0
0x00007fff552f6d98:   00007fff86994b4f 0000000000000000
0x00007fff552f6da8:   0000000000000000 00007fff552f6e20
0x00007fff552f6db8:   00007fff86994ac7 00007fff552f6df0
0x00007fff552f6dc8:   00007fff7223e0a0 0000000042000000
0x00007fff552f6dd8:   00007fff86994b10 00007fff72766720
0x00007fff552f6de8:   00007faf03e4a4a0 00007faf03c55f30
0x00007fff552f6df8:   00007fff552f75c8 00007fff72893780
0x00007fff552f6e08:   00007fff552f75c8 00007faf03e4a4a0
0x00007fff552f6e18:   00007fff86d549e2 00007fff552f6e60
0x00007fff552f6e28:   00007fff86994832 00007fff552f7440
0x00007fff552f6e38:   0000000000000001 00007fff72893780
0x00007fff552f6e48:   00007fff552f75c8 00007fff832fa4c0
0x00007fff552f6e58:   00007fff86d549e2 00007fff552f7570
0x00007fff552f6e68:   00007fff869515e2 00007faf03f823a0
0x00007fff552f6e78:   ffff8050fc07dc60 00007fff71f4ed00
0x00007fff552f6e88:   00007faf03f0dea0 00007faf048000b8
0x00007fff552f6e98:   00007faf03f8ee50 0000000000000000
0x00007fff552f6ea8:   0000000000000000 0000000000000000
0x00007fff552f6eb8:   00007faf03f8fbf0 00007fff727a3bc0
0x00007fff552f6ec8:   00007fff552f7440 0000000000000002
0x00007fff552f6ed8:   0000000000000100 00007fff552f6f00
0x00007fff552f6ee8:   00007fff552f7340 0000000000000000
0x00007fff552f6ef8:   0000000000000100 00007fff552f6f00
0x00007fff552f6f08:   00007fff72893780 0000000000000000
0x00007fff552f6f18:   00007fff72767500 00007fff72893780
0x00007fff552f6f28:   0000000000000000 00007fff72767500
0x00007fff552f6f38:   00007fff71f4ed00 00007fff552f6fb0
0x00007fff552f6f48:   00007fff833012a4 0000000000000000
0x00007fff552f6f58:   00007fff71f50810 0000000100000000
0x00007fff552f6f68:   0000000000000000 ffff8050fc3e51f0
0x00007fff552f6f78:   00007faf03c39f60 00007faf03c3a110 

Instructions: (pc=0x00007fff832fa4dd)
0x00007fff832fa4bd:   44 00 00 48 85 ff 2e 74 62 40 f6 c7 01 2e 75 66
0x00007fff832fa4cd:   49 bb f8 ff ff ff ff 7f 00 00 4c 23 1f 49 89 f2
0x00007fff832fa4dd:   45 23 53 18 49 c1 e2 04 4d 03 53 10 49 3b 32 75
0x00007fff832fa4ed:   04 41 ff 62 08 49 83 3a 01 76 0d 49 83 c2 10 49 

Register to memory mapping:

RAX=0x00007faf03f24b30 is an unknown value
RBX=0x00007fff552f6dc8 is pointing into the stack for thread: 0x00007faf04166800
RCX=0x00007faf03e78c88 is an unknown value
RDX=0x00007faf03c55f30 is an unknown value
RSP=0x00007fff552f6d88 is pointing into the stack for thread: 0x00007faf04166800
RBP=0x00007fff552f6d90 is pointing into the stack for thread: 0x00007faf04166800
RSI=0x00007fff8525984a: -[NSTitlebarContainerView transparent]+0x63088 in /System/Library/Frameworks/AppKit.framework/Versions/C/AppKit at 0x00007fff847cc000
RDI=0x00007faf03f24b30 is an unknown value
R8 =0x000000000000001f is an unknown value
R9 =0x00007faf03e4a4a0 is an unknown value
R10=0x00007fff8525984a: -[NSTitlebarContainerView transparent]+0x63088 in /System/Library/Frameworks/AppKit.framework/Versions/C/AppKit at 0x00007fff847cc000
R11=0x0000000000000000 is an unknown value
R12=0x00007faf03c55f30 is an unknown value
R13=0x00007faf03e4a4a0 is an unknown value
R14=0x00007faf03e78c80 is an unknown value
R15=0x0000000000000000 is an unknown value


Stack: [0x00007fff54afc000,0x00007fff552fc000],  sp=0x00007fff552f6d88,  free space=8171k
Native frames: (J=compiled Java code, j=interpreted, Vv=VM code, C=native code)
C  [libobjc.A.dylib+0x14dd]  objc_msgSend+0x1d
C  [CoreFoundation+0xa0b4f]  ___CFXRegistrationPost_block_invoke+0x3f
C  [CoreFoundation+0xa0ac7]  _CFXRegistrationPost+0x197
C  [CoreFoundation+0xa0832]  ___CFXNotificationPost_block_invoke+0x32
C  [CoreFoundation+0x5d5e2]  -[_CFXNotificationRegistrar find:object:observer:enumerator:]+0x782
C  [CoreFoundation+0x5c835]  _CFXNotificationPost+0x2b5
C  [Foundation+0x717a]  -[NSNotificationCenter postNotificationName:object:userInfo:]+0x42
C  [AppKit+0x26526e]  -[NSSurface _disposeSurface]+0xa9
C  [AppKit+0x264cc7]  -[NSSurface setWindow:]+0x42
C  [AppKit+0x28ba7]  -[NSView _setWindow:]+0x9be
C  [AppKit+0x2b993]  -[NSView removeFromSuperview]+0x1d7
C  [AppKit+0x155c7b]  -[NSView removeFromSuperviewWithoutNeedingDisplay]+0x26
C  [liblwjgl.dylib+0xa205]  +[MacOSXKeyableWindow destroyWindow]+0xb5
C  [Foundation+0x76fde]  __NSThreadPerformPerform+0x117
C  [CoreFoundation+0xaa881]  __CFRUNLOOP_IS_CALLING_OUT_TO_A_SOURCE0_PERFORM_FUNCTION__+0x11
C  [CoreFoundation+0x89fbc]  __CFRunLoopDoSources0+0x22c
C  [CoreFoundation+0x894df]  __CFRunLoopRun+0x39f
C  [CoreFoundation+0x88ed8]  CFRunLoopRunSpecific+0x128
C  [HIToolbox+0x30935]  RunCurrentEventLoopInMode+0xeb
C  [HIToolbox+0x3076f]  ReceiveNextEventCommon+0x1b0
C  [HIToolbox+0x305af]  _BlockUntilNextEventMatchingListInModeWithFilter+0x47
C  [AppKit+0x48df6]  _DPSNextEvent+0x42b
C  [AppKit+0x48226]  -[NSApplication _nextEventMatchingEventMask:untilDate:inMode:dequeue:]+0x1c6
C  [libosxapp.dylib+0x23aa]  -[NSApplicationAWT nextEventMatchingMask:untilDate:inMode:dequeue:]+0x7c
C  [AppKit+0x3cd80]  -[NSApplication run]+0x2aa
C  [libosxapp.dylib+0x214d]  +[NSApplicationAWT runAWTLoopWithApp:]+0x9c
C  [libawt_lwawt.dylib+0x44517]  -[AWTStarter starter:]+0x389
C  [Foundation+0x76fde]  __NSThreadPerformPerform+0x117
C  [CoreFoundation+0xaa881]  __CFRUNLOOP_IS_CALLING_OUT_TO_A_SOURCE0_PERFORM_FUNCTION__+0x11
C  [CoreFoundation+0x89fbc]  __CFRunLoopDoSources0+0x22c
C  [CoreFoundation+0x894df]  __CFRunLoopRun+0x39f
C  [CoreFoundation+0x88ed8]  CFRunLoopRunSpecific+0x128
C  [java+0x6463]  CreateExecutionEnvironment+0x367
C  [java+0x21ac]  JLI_Launch+0x7a0
C  [java+0x84c0]  main+0x65
C  [java+0x1a04]  start+0x34
C  0x0000000000000006


---------------  P R O C E S S  ---------------

Java Threads: ( => current thread )
  0x00007faf0407a800 JavaThread "AWT-Shutdown" [_thread_blocked, id=30487, stack(0x00007000011d3000,0x00007000012d3000)]
=>0x00007faf04166800 JavaThread "AppKit Thread" daemon [_thread_in_native, id=2571, stack(0x00007fff54afc000,0x00007fff552fc000)]
  0x00007faf04821800 JavaThread "Service Thread" daemon [_thread_blocked, id=18435, stack(0x0000700000dc1000,0x0000700000ec1000)]
  0x00007faf04825000 JavaThread "C1 CompilerThread2" daemon [_thread_blocked, id=17923, stack(0x0000700000cbe000,0x0000700000dbe000)]
  0x00007faf04824000 JavaThread "C2 CompilerThread1" daemon [_thread_blocked, id=17411, stack(0x0000700000bbb000,0x0000700000cbb000)]
  0x00007faf0401b800 JavaThread "C2 CompilerThread0" daemon [_thread_blocked, id=16899, stack(0x0000700000ab8000,0x0000700000bb8000)]
  0x00007faf0400c800 JavaThread "Signal Dispatcher" daemon [_thread_blocked, id=13839, stack(0x00007000009b5000,0x0000700000ab5000)]
  0x00007faf05006800 JavaThread "Finalizer" daemon [_thread_blocked, id=12291, stack(0x000070000082f000,0x000070000092f000)]
  0x00007faf0481e000 JavaThread "Reference Handler" daemon [_thread_blocked, id=11779, stack(0x000070000072c000,0x000070000082c000)]
  0x00007faf04804000 JavaThread "main" [_thread_in_native, id=4099, stack(0x0000700000084000,0x0000700000184000)]

Other Threads:
  0x00007faf0481b800 VMThread [stack: 0x0000700000629000,0x0000700000729000] [id=11267]
  0x00007faf05007800 WatcherThread [stack: 0x0000700000ec4000,0x0000700000fc4000] [id=18947]

VM state:not at safepoint (normal execution)

VM Mutex/Monitor currently owned by a thread: None

Heap:
 PSYoungGen      total 38400K, used 23156K [0x0000000795580000, 0x0000000798000000, 0x00000007c0000000)
  eden space 33280K, 69% used [0x0000000795580000,0x0000000796c1d310,0x0000000797600000)
  from space 5120K, 0% used [0x0000000797b00000,0x0000000797b00000,0x0000000798000000)
  to   space 5120K, 0% used [0x0000000797600000,0x0000000797600000,0x0000000797b00000)
 ParOldGen       total 87552K, used 0K [0x0000000740000000, 0x0000000745580000, 0x0000000795580000)
  object space 87552K, 0% used [0x0000000740000000,0x0000000740000000,0x0000000745580000)
 Metaspace       used 8623K, capacity 8751K, committed 8960K, reserved 1056768K
  class space    used 862K, capacity 922K, committed 1024K, reserved 1048576K

Card table byte_map: [0x000000011b7c0000,0x000000011bbc1000] byte_map_base: 0x0000000117dc0000

Marking Bits: (ParMarkBitMap*) 0x000000010b45ee20
 Begin Bits: [0x000000011be6c000, 0x000000011de6c000)
 End Bits:   [0x000000011de6c000, 0x000000011fe6c000)

Polling page: 0x000000010bb50000

CodeCache: size=245760Kb used=3912Kb max_used=3912Kb free=241847Kb
 bounds [0x000000010c400000, 0x000000010c7e0000, 0x000000011b400000]
 total_blobs=1411 nmethods=1004 adapters=321
 compilation: enabled

Compilation events (10 events):
Event: 3.578 Thread 0x00007faf04824000 1000       4       org.lwjgl.opengl.GLContext::getCapabilitiesImpl (23 bytes)
Event: 3.578 Thread 0x00007faf04824000 nmethod 1000 0x000000010c75efd0 code [0x000000010c75f120, 0x000000010c75f1b8]
Event: 3.605 Thread 0x00007faf04825000 1001       3       org.newdawn.slick.Animation::stop (25 bytes)
Event: 3.605 Thread 0x00007faf04825000 nmethod 1001 0x000000010c7c9a50 code [0x000000010c7c9bc0, 0x000000010c7c9d90]
Event: 3.705 Thread 0x00007faf04825000 1002       3       sun.awt.AWTAutoShutdown::isReadyToShutdown (37 bytes)
Event: 3.705 Thread 0x00007faf04825000 nmethod 1002 0x000000010c7c9410 code [0x000000010c7c95a0, 0x000000010c7c9958]
Event: 3.739 Thread 0x00007faf04825000 1003       3       Player::render (203 bytes)
Event: 3.745 Thread 0x00007faf04825000 nmethod 1003 0x000000010c7c9e50 code [0x000000010c7ca740, 0x000000010c7d02e8]
Event: 3.745 Thread 0x00007faf04825000 1004       3       UserInterface::render (39 bytes)
Event: 3.745 Thread 0x00007faf04825000 nmethod 1004 0x000000010c7c8850 code [0x000000010c7c8a20, 0x000000010c7c9078]

GC Heap History (0 events):
No events

Deoptimization events (3 events):
Event: 0.202 Thread 0x00007faf04804000 Uncommon trap: reason=unstable_if action=reinterpret pc=0x000000010c5395c0 method=java.lang.String.indexOf(II)I @ 49
Event: 1.397 Thread 0x00007faf04804000 Uncommon trap: reason=unstable_if action=reinterpret pc=0x000000010c66ec18 method=java.lang.String.regionMatches(ZILjava/lang/String;II)Z @ 123
Event: 1.545 Thread 0x00007faf04804000 Uncommon trap: reason=unstable_if action=reinterpret pc=0x000000010c709d80 method=org.newdawn.slick.geom.Rectangle.intersects(Lorg/newdawn/slick/geom/Shape;)Z @ 43

Internal exceptions (10 events):
Event: 0.129 Thread 0x00007faf04804000 Exception <a 'java/security/PrivilegedActionException'> (0x000000079578a9c8) thrown at [/Users/java_re/workspace/8-2-build-macosx-x86_64/jdk8u65/4987/hotspot/src/share/vm/prims/jvm.cpp, line 1386]
Event: 0.129 Thread 0x00007faf04804000 Exception <a 'java/security/PrivilegedActionException'> (0x000000079578abd8) thrown at [/Users/java_re/workspace/8-2-build-macosx-x86_64/jdk8u65/4987/hotspot/src/share/vm/prims/jvm.cpp, line 1386]
Event: 0.187 Thread 0x00007faf04804000 Exception <a 'java/security/PrivilegedActionException'> (0x00000007958baad8) thrown at [/Users/java_re/workspace/8-2-build-macosx-x86_64/jdk8u65/4987/hotspot/src/share/vm/prims/jvm.cpp, line 1386]
Event: 0.187 Thread 0x00007faf04804000 Exception <a 'java/security/PrivilegedActionException'> (0x00000007958bace8) thrown at [/Users/java_re/workspace/8-2-build-macosx-x86_64/jdk8u65/4987/hotspot/src/share/vm/prims/jvm.cpp, line 1386]
Event: 0.188 Thread 0x00007faf04804000 Exception <a 'java/security/PrivilegedActionException'> (0x00000007958be170) thrown at [/Users/java_re/workspace/8-2-build-macosx-x86_64/jdk8u65/4987/hotspot/src/share/vm/prims/jvm.cpp, line 1386]
Event: 0.188 Thread 0x00007faf04804000 Exception <a 'java/security/PrivilegedActionException'> (0x00000007958be380) thrown at [/Users/java_re/workspace/8-2-build-macosx-x86_64/jdk8u65/4987/hotspot/src/share/vm/prims/jvm.cpp, line 1386]
Event: 0.238 Thread 0x00007faf04804000 Exception <a 'java/lang/NoSuchFieldError': method resolution failed> (0x000000079598cc08) thrown at [/Users/java_re/workspace/8-2-build-macosx-x86_64/jdk8u65/4987/hotspot/src/share/vm/prims/methodHandles.cpp, line 1146]
Event: 0.241 Thread 0x00007faf04804000 Exception <a 'java/lang/NoSuchFieldError': method resolution failed> (0x000000079599a358) thrown at [/Users/java_re/workspace/8-2-build-macosx-x86_64/jdk8u65/4987/hotspot/src/share/vm/prims/methodHandles.cpp, line 1146]
Event: 0.392 Thread 0x00007faf04804000 Exception <a 'java/io/FileNotFoundException'> (0x0000000795a15480) thrown at [/Users/java_re/workspace/8-2-build-macosx-x86_64/jdk8u65/4987/hotspot/src/share/vm/prims/jni.cpp, line 709]
Event: 0.393 Thread 0x00007faf04804000 Exception <a 'java/io/FileNotFoundException'> (0x0000000795a16000) thrown at [/Users/java_re/workspace/8-2-build-macosx-x86_64/jdk8u65/4987/hotspot/src/share/vm/prims/jni.cpp, line 709]

Events (10 events):
Event: 1.611 Thread 0x00007faf04804000 DEOPT PACKING pc=0x000000010c72dfc0 sp=0x00007000001836c0
Event: 1.611 Thread 0x00007faf04804000 DEOPT UNPACKING pc=0x000000010c447633 sp=0x0000700000183470 mode 0
Event: 1.615 Thread 0x00007faf04804000 DEOPT PACKING pc=0x000000010c72dfc0 sp=0x00007000001836c0
Event: 1.615 Thread 0x00007faf04804000 DEOPT UNPACKING pc=0x000000010c447633 sp=0x0000700000183470 mode 0
Event: 1.618 Thread 0x00007faf04804000 DEOPT PACKING pc=0x000000010c72dfc0 sp=0x00007000001836c0
Event: 1.618 Thread 0x00007faf04804000 DEOPT UNPACKING pc=0x000000010c447633 sp=0x0000700000183470 mode 0
Event: 2.243 Thread 0x00007faf04804000 DEOPT PACKING pc=0x000000010c738b7d sp=0x00007000001835a0
Event: 2.243 Thread 0x00007faf04804000 DEOPT UNPACKING pc=0x000000010c447633 sp=0x0000700000183348 mode 0
Event: 3.846 loading class org/lwjgl/opengl/CallbackUtil
Event: 3.846 loading class org/lwjgl/opengl/CallbackUtil done


Dynamic libraries:
0x0000000001c05000 	/System/Library/Frameworks/Cocoa.framework/Versions/A/Cocoa
0x0000000001c05000 	/System/Library/Frameworks/Security.framework/Versions/A/Security
0x0000000001c05000 	/System/Library/Frameworks/ApplicationServices.framework/Versions/A/ApplicationServices
0x0000000001c05000 	/usr/lib/libz.1.dylib
0x0000000001c05000 	/usr/lib/libSystem.B.dylib
0x0000000001c05000 	/usr/lib/libobjc.A.dylib
0x0000000001c05000 	/System/Library/Frameworks/CoreFoundation.framework/Versions/A/CoreFoundation
0x0000000001c05000 	/System/Library/Frameworks/Foundation.framework/Versions/C/Foundation
0x0000000001c05000 	/System/Library/Frameworks/AppKit.framework/Versions/C/AppKit
0x0000000001c05000 	/System/Library/Frameworks/CoreData.framework/Versions/A/CoreData
0x0000000001c05000 	/System/Library/PrivateFrameworks/RemoteViewServices.framework/Versions/A/RemoteViewServices
0x0000000001c05000 	/System/Library/PrivateFrameworks/UIFoundation.framework/Versions/A/UIFoundation
0x0000000001c05000 	/usr/lib/libScreenReader.dylib
0x0000000001c05000 	/System/Library/Frameworks/Accelerate.framework/Versions/A/Accelerate
0x0000000001c05000 	/System/Library/Frameworks/IOSurface.framework/Versions/A/IOSurface
0x0000000001c05000 	/System/Library/Frameworks/AudioToolbox.framework/Versions/A/AudioToolbox
0x0000000001c05000 	/System/Library/Frameworks/AudioUnit.framework/Versions/A/AudioUnit
0x0000000001c05000 	/System/Library/PrivateFrameworks/DataDetectorsCore.framework/Versions/A/DataDetectorsCore
0x0000000001c05000 	/System/Library/PrivateFrameworks/DesktopServicesPriv.framework/Versions/A/DesktopServicesPriv
0x0000000001c05000 	/System/Library/Frameworks/Carbon.framework/Versions/A/Frameworks/HIToolbox.framework/Versions/A/HIToolbox
0x0000000001c05000 	/System/Library/Frameworks/QuartzCore.framework/Versions/A/QuartzCore
0x0000000001c05000 	/System/Library/Frameworks/Carbon.framework/Versions/A/Frameworks/SpeechRecognition.framework/Versions/A/SpeechRecognition
0x0000000001c05000 	/usr/lib/libauto.dylib
0x0000000001c05000 	/usr/lib/libicucore.A.dylib
0x0000000001c05000 	/usr/lib/libxml2.2.dylib
0x0000000001c05000 	/System/Library/PrivateFrameworks/CoreUI.framework/Versions/A/CoreUI
0x0000000001c05000 	/System/Library/Frameworks/CoreAudio.framework/Versions/A/CoreAudio
0x0000000001c05000 	/System/Library/Frameworks/DiskArbitration.framework/Versions/A/DiskArbitration
0x0000000001c05000 	/usr/lib/liblangid.dylib
0x0000000001c05000 	/System/Library/PrivateFrameworks/MultitouchSupport.framework/Versions/A/MultitouchSupport
0x0000000001c05000 	/System/Library/Frameworks/IOKit.framework/Versions/A/IOKit
0x0000000001c05000 	/usr/lib/libDiagnosticMessagesClient.dylib
0x0000000001c05000 	/System/Library/Frameworks/CoreServices.framework/Versions/A/CoreServices
0x0000000001c05000 	/System/Library/PrivateFrameworks/PerformanceAnalysis.framework/Versions/A/PerformanceAnalysis
0x0000000001c05000 	/System/Library/PrivateFrameworks/GenerationalStorage.framework/Versions/A/GenerationalStorage
0x0000000001c05000 	/System/Library/Frameworks/OpenGL.framework/Versions/A/OpenGL
0x0000000001c05000 	/System/Library/PrivateFrameworks/Sharing.framework/Versions/A/Sharing
0x0000000001c05000 	/System/Library/Frameworks/CoreGraphics.framework/Versions/A/CoreGraphics
0x0000000001c05000 	/System/Library/Frameworks/CoreImage.framework/Versions/A/CoreImage
0x0000000001c05000 	/System/Library/Frameworks/CoreText.framework/Versions/A/CoreText
0x0000000001c05000 	/System/Library/Frameworks/ImageIO.framework/Versions/A/ImageIO
0x0000000001c05000 	/System/Library/PrivateFrameworks/Backup.framework/Versions/A/Backup
0x0000000001c05000 	/usr/lib/libextension.dylib
0x0000000001c05000 	/usr/lib/libarchive.2.dylib
0x0000000001c05000 	/System/Library/Frameworks/CFNetwork.framework/Versions/A/CFNetwork
0x0000000001c05000 	/System/Library/Frameworks/SystemConfiguration.framework/Versions/A/SystemConfiguration
0x0000000001c05000 	/usr/lib/libCRFSuite.dylib
0x0000000001c05000 	/usr/lib/libc++.1.dylib
0x0000000001c05000 	/usr/lib/libc++abi.dylib
0x0000000001c05000 	/usr/lib/system/libcache.dylib
0x0000000001c05000 	/usr/lib/system/libcommonCrypto.dylib
0x0000000001c05000 	/usr/lib/system/libcompiler_rt.dylib
0x0000000001c05000 	/usr/lib/system/libcopyfile.dylib
0x0000000001c05000 	/usr/lib/system/libcorecrypto.dylib
0x0000000001c05000 	/usr/lib/system/libdispatch.dylib
0x0000000001c05000 	/usr/lib/system/libdyld.dylib
0x0000000001c05000 	/usr/lib/system/libkeymgr.dylib
0x0000000001c05000 	/usr/lib/system/liblaunch.dylib
0x0000000001c05000 	/usr/lib/system/libmacho.dylib
0x0000000001c05000 	/usr/lib/system/libquarantine.dylib
0x0000000001c05000 	/usr/lib/system/libremovefile.dylib
0x0000000001c05000 	/usr/lib/system/libsystem_asl.dylib
0x0000000001c05000 	/usr/lib/system/libsystem_blocks.dylib
0x0000000001c05000 	/usr/lib/system/libsystem_c.dylib
0x0000000001c05000 	/usr/lib/system/libsystem_configuration.dylib
0x0000000001c05000 	/usr/lib/system/libsystem_coreservices.dylib
0x0000000001c05000 	/usr/lib/system/libsystem_coretls.dylib
0x0000000001c05000 	/usr/lib/system/libsystem_dnssd.dylib
0x0000000001c05000 	/usr/lib/system/libsystem_info.dylib
0x0000000001c05000 	/usr/lib/system/libsystem_kernel.dylib
0x0000000001c05000 	/usr/lib/system/libsystem_m.dylib
0x0000000001c05000 	/usr/lib/system/libsystem_malloc.dylib
0x0000000001c05000 	/usr/lib/system/libsystem_network.dylib
0x0000000001c05000 	/usr/lib/system/libsystem_networkextension.dylib
0x0000000001c05000 	/usr/lib/system/libsystem_notify.dylib
0x0000000001c05000 	/usr/lib/system/libsystem_platform.dylib
0x0000000001c05000 	/usr/lib/system/libsystem_pthread.dylib
0x0000000001c05000 	/usr/lib/system/libsystem_sandbox.dylib
0x0000000001c05000 	/usr/lib/system/libsystem_secinit.dylib
0x0000000001c05000 	/usr/lib/system/libsystem_trace.dylib
0x0000000001c05000 	/usr/lib/system/libunc.dylib
0x0000000001c05000 	/usr/lib/system/libunwind.dylib
0x0000000001c05000 	/usr/lib/system/libxpc.dylib
0x0000000001c05000 	/usr/lib/libenergytrace.dylib
0x0000000001c05000 	/usr/lib/libbsm.0.dylib
0x0000000001c05000 	/usr/lib/system/libkxld.dylib
0x0000000001c05000 	/usr/lib/libxar.1.dylib
0x0000000001c05000 	/usr/lib/libsqlite3.dylib
0x0000000001c05000 	/usr/lib/libpam.2.dylib
0x0000000001c05000 	/usr/lib/libOpenScriptingUtil.dylib
0x0000000001c05000 	/usr/lib/libbz2.1.0.dylib
0x0000000001c05000 	/usr/lib/liblzma.5.dylib
0x0000000001c05000 	/System/Library/Frameworks/CoreServices.framework/Versions/A/Frameworks/FSEvents.framework/Versions/A/FSEvents
0x0000000001c05000 	/System/Library/Frameworks/CoreServices.framework/Versions/A/Frameworks/CarbonCore.framework/Versions/A/CarbonCore
0x0000000001c05000 	/System/Library/Frameworks/CoreServices.framework/Versions/A/Frameworks/Metadata.framework/Versions/A/Metadata
0x0000000001c05000 	/System/Library/Frameworks/CoreServices.framework/Versions/A/Frameworks/OSServices.framework/Versions/A/OSServices
0x0000000001c05000 	/System/Library/Frameworks/CoreServices.framework/Versions/A/Frameworks/SearchKit.framework/Versions/A/SearchKit
0x0000000001c05000 	/System/Library/Frameworks/CoreServices.framework/Versions/A/Frameworks/AE.framework/Versions/A/AE
0x0000000001c05000 	/System/Library/Frameworks/CoreServices.framework/Versions/A/Frameworks/LaunchServices.framework/Versions/A/LaunchServices
0x0000000001c05000 	/System/Library/Frameworks/CoreServices.framework/Versions/A/Frameworks/DictionaryServices.framework/Versions/A/DictionaryServices
0x0000000001c05000 	/System/Library/Frameworks/CoreServices.framework/Versions/A/Frameworks/SharedFileList.framework/Versions/A/SharedFileList
0x0000000001c05000 	/System/Library/Frameworks/NetFS.framework/Versions/A/NetFS
0x0000000001c05000 	/System/Library/PrivateFrameworks/NetAuth.framework/Versions/A/NetAuth
0x0000000001c05000 	/System/Library/PrivateFrameworks/login.framework/Versions/A/Frameworks/loginsupport.framework/Versions/A/loginsupport
0x0000000001c05000 	/System/Library/PrivateFrameworks/TCC.framework/Versions/A/TCC
0x0000000001c05000 	/usr/lib/libmecabra.dylib
0x0000000001c05000 	/System/Library/Frameworks/ApplicationServices.framework/Versions/A/Frameworks/ATS.framework/Versions/A/ATS
0x0000000001c05000 	/System/Library/Frameworks/ApplicationServices.framework/Versions/A/Frameworks/ColorSync.framework/Versions/A/ColorSync
0x0000000001c05000 	/System/Library/Frameworks/ApplicationServices.framework/Versions/A/Frameworks/HIServices.framework/Versions/A/HIServices
0x0000000001c05000 	/System/Library/Frameworks/ApplicationServices.framework/Versions/A/Frameworks/LangAnalysis.framework/Versions/A/LangAnalysis
0x0000000001c05000 	/System/Library/Frameworks/ApplicationServices.framework/Versions/A/Frameworks/PrintCore.framework/Versions/A/PrintCore
0x0000000001c05000 	/System/Library/Frameworks/ApplicationServices.framework/Versions/A/Frameworks/QD.framework/Versions/A/QD
0x0000000001c05000 	/System/Library/Frameworks/ApplicationServices.framework/Versions/A/Frameworks/SpeechSynthesis.framework/Versions/A/SpeechSynthesis
0x0000000001c05000 	/System/Library/Frameworks/Metal.framework/Versions/A/Metal
0x0000000001c05000 	/System/Library/Frameworks/Accelerate.framework/Versions/A/Frameworks/vImage.framework/Versions/A/vImage
0x0000000001c05000 	/System/Library/Frameworks/Accelerate.framework/Versions/A/Frameworks/vecLib.framework/Versions/A/vecLib
0x0000000001c05000 	/System/Library/Frameworks/Accelerate.framework/Versions/A/Frameworks/vecLib.framework/Versions/A/libvDSP.dylib
0x0000000001c05000 	/System/Library/Frameworks/Accelerate.framework/Versions/A/Frameworks/vecLib.framework/Versions/A/libvMisc.dylib
0x0000000001c05000 	/System/Library/Frameworks/Accelerate.framework/Versions/A/Frameworks/vecLib.framework/Versions/A/libLAPACK.dylib
0x0000000001c05000 	/System/Library/Frameworks/Accelerate.framework/Versions/A/Frameworks/vecLib.framework/Versions/A/libBLAS.dylib
0x0000000001c05000 	/System/Library/Frameworks/Accelerate.framework/Versions/A/Frameworks/vecLib.framework/Versions/A/libLinearAlgebra.dylib
0x0000000001c05000 	/System/Library/Frameworks/Accelerate.framework/Versions/A/Frameworks/vecLib.framework/Versions/A/libSparseBLAS.dylib
0x0000000001c05000 	/System/Library/PrivateFrameworks/GPUCompiler.framework/libmetal_timestamp.dylib
0x0000000001c05000 	/System/Library/Frameworks/OpenGL.framework/Versions/A/Libraries/libCoreFSCache.dylib
0x0000000001c05000 	/System/Library/PrivateFrameworks/IOAccelerator.framework/Versions/A/IOAccelerator
0x0000000001c05000 	/System/Library/Frameworks/ApplicationServices.framework/Versions/A/Frameworks/ATS.framework/Versions/A/Resources/libFontParser.dylib
0x0000000001c05000 	/System/Library/Frameworks/ApplicationServices.framework/Versions/A/Frameworks/ATS.framework/Versions/A/Resources/libFontRegistry.dylib
0x0000000001c05000 	/System/Library/PrivateFrameworks/AppleVPA.framework/Versions/A/AppleVPA
0x0000000001c05000 	/System/Library/PrivateFrameworks/AppleJPEG.framework/Versions/A/AppleJPEG
0x0000000001c05000 	/System/Library/Frameworks/ImageIO.framework/Versions/A/Resources/libJPEG.dylib
0x0000000001c05000 	/System/Library/Frameworks/ImageIO.framework/Versions/A/Resources/libTIFF.dylib
0x0000000001c05000 	/System/Library/Frameworks/ImageIO.framework/Versions/A/Resources/libPng.dylib
0x0000000001c05000 	/System/Library/Frameworks/ImageIO.framework/Versions/A/Resources/libGIF.dylib
0x0000000001c05000 	/System/Library/Frameworks/ImageIO.framework/Versions/A/Resources/libJP2.dylib
0x0000000001c05000 	/System/Library/Frameworks/ImageIO.framework/Versions/A/Resources/libRadiance.dylib
0x0000000001c05000 	/System/Library/Frameworks/CoreVideo.framework/Versions/A/CoreVideo
0x0000000001c05000 	/System/Library/Frameworks/OpenGL.framework/Versions/A/Libraries/libGLU.dylib
0x0000000001c05000 	/System/Library/Frameworks/OpenGL.framework/Versions/A/Libraries/libGFXShared.dylib
0x0000000001c05000 	/System/Library/Frameworks/OpenGL.framework/Versions/A/Libraries/libGL.dylib
0x0000000001c05000 	/System/Library/Frameworks/OpenGL.framework/Versions/A/Libraries/libGLImage.dylib
0x0000000001c05000 	/System/Library/Frameworks/OpenGL.framework/Versions/A/Libraries/libCVMSPluginSupport.dylib
0x0000000001c05000 	/System/Library/Frameworks/OpenGL.framework/Versions/A/Libraries/libCoreVMClient.dylib
0x0000000001c05000 	/usr/lib/libcompression.dylib
0x0000000001c05000 	/usr/lib/libcups.2.dylib
0x0000000001c05000 	/System/Library/Frameworks/Kerberos.framework/Versions/A/Kerberos
0x0000000001c05000 	/System/Library/Frameworks/GSS.framework/Versions/A/GSS
0x0000000001c05000 	/usr/lib/libresolv.9.dylib
0x0000000001c05000 	/usr/lib/libiconv.2.dylib
0x0000000001c05000 	/System/Library/PrivateFrameworks/Heimdal.framework/Versions/A/Heimdal
0x0000000001c05000 	/usr/lib/libheimdal-asn1.dylib
0x0000000001c05000 	/System/Library/Frameworks/OpenDirectory.framework/Versions/A/OpenDirectory
0x0000000001c05000 	/System/Library/PrivateFrameworks/CommonAuth.framework/Versions/A/CommonAuth
0x0000000001c05000 	/System/Library/Frameworks/OpenDirectory.framework/Versions/A/Frameworks/CFOpenDirectory.framework/Versions/A/CFOpenDirectory
0x0000000001c05000 	/System/Library/Frameworks/SecurityFoundation.framework/Versions/A/SecurityFoundation
0x0000000001c05000 	/System/Library/PrivateFrameworks/LanguageModeling.framework/Versions/A/LanguageModeling
0x0000000001c05000 	/usr/lib/libmarisa.dylib
0x0000000001c05000 	/usr/lib/libChineseTokenizer.dylib
0x0000000001c05000 	/usr/lib/libcmph.dylib
0x0000000001c05000 	/System/Library/Frameworks/ServiceManagement.framework/Versions/A/ServiceManagement
0x0000000001c05000 	/usr/lib/libxslt.1.dylib
0x0000000001c05000 	/System/Library/Frameworks/Carbon.framework/Versions/A/Frameworks/Ink.framework/Versions/A/Ink
0x0000000001c05000 	/usr/lib/libFosl_dynamic.dylib
0x0000000001c05000 	/System/Library/PrivateFrameworks/FaceCore.framework/Versions/A/FaceCore
0x0000000001c05000 	/System/Library/Frameworks/OpenCL.framework/Versions/A/OpenCL
0x0000000001c05000 	/System/Library/PrivateFrameworks/CrashReporterSupport.framework/Versions/A/CrashReporterSupport
0x0000000001c05000 	/System/Library/PrivateFrameworks/IconServices.framework/Versions/A/IconServices
0x0000000001c05000 	/System/Library/PrivateFrameworks/Apple80211.framework/Versions/A/Apple80211
0x0000000001c05000 	/System/Library/Frameworks/CoreWLAN.framework/Versions/A/CoreWLAN
0x0000000001c05000 	/System/Library/Frameworks/IOBluetooth.framework/Versions/A/IOBluetooth
0x0000000001c05000 	/System/Library/PrivateFrameworks/CoreWiFi.framework/Versions/A/CoreWiFi
0x0000000001c05000 	/System/Library/Frameworks/CoreBluetooth.framework/Versions/A/CoreBluetooth
0x0000000001c05000 	/System/Library/PrivateFrameworks/ChunkingLibrary.framework/Versions/A/ChunkingLibrary
0x0000000001c05000 	/System/Library/PrivateFrameworks/DebugSymbols.framework/Versions/A/DebugSymbols
0x0000000001c05000 	/System/Library/PrivateFrameworks/CoreSymbolication.framework/Versions/A/CoreSymbolication
0x0000000001c05000 	/System/Library/PrivateFrameworks/Symbolication.framework/Versions/A/Symbolication
0x0000000001c05000 	/System/Library/PrivateFrameworks/SpeechRecognitionCore.framework/Versions/A/SpeechRecognitionCore
0x000000010ab80000 	/Library/Java/JavaVirtualMachines/jdk1.8.0_65.jdk/Contents/Home/jre/lib/server/libjvm.dylib
0x0000000001c05000 	/usr/lib/libstdc++.6.dylib
0x000000010bb0d000 	/Library/Java/JavaVirtualMachines/jdk1.8.0_65.jdk/Contents/Home/jre/lib/libverify.dylib
0x000000010bb1b000 	/Library/Java/JavaVirtualMachines/jdk1.8.0_65.jdk/Contents/Home/jre/lib/libjava.dylib
0x000000010bb5a000 	/Library/Java/JavaVirtualMachines/jdk1.8.0_65.jdk/Contents/Home/jre/lib/libzip.dylib
0x0000000121cd2000 	/System/Library/Frameworks/JavaVM.framework/Frameworks/JavaRuntimeSupport.framework/JavaRuntimeSupport
0x0000000121ced000 	/System/Library/Frameworks/JavaVM.framework/Versions/A/Frameworks/JavaNativeFoundation.framework/Versions/A/JavaNativeFoundation
0x0000000121d02000 	/System/Library/Frameworks/JavaVM.framework/Versions/A/JavaVM
0x0000000001c05000 	/System/Library/Frameworks/Carbon.framework/Versions/A/Carbon
0x000000010bbf4000 	/System/Library/PrivateFrameworks/JavaLaunching.framework/Versions/A/JavaLaunching
0x0000000001c05000 	/System/Library/Frameworks/Carbon.framework/Versions/A/Frameworks/CommonPanels.framework/Versions/A/CommonPanels
0x0000000001c05000 	/System/Library/Frameworks/Carbon.framework/Versions/A/Frameworks/Help.framework/Versions/A/Help
0x0000000001c05000 	/System/Library/Frameworks/Carbon.framework/Versions/A/Frameworks/ImageCapture.framework/Versions/A/ImageCapture
0x0000000001c05000 	/System/Library/Frameworks/Carbon.framework/Versions/A/Frameworks/OpenScripting.framework/Versions/A/OpenScripting
0x0000000001c05000 	/System/Library/Frameworks/Carbon.framework/Versions/A/Frameworks/Print.framework/Versions/A/Print
0x0000000001c05000 	/System/Library/Frameworks/Carbon.framework/Versions/A/Frameworks/SecurityHI.framework/Versions/A/SecurityHI
0x000000012368f000 	/Library/Java/JavaVirtualMachines/jdk1.8.0_65.jdk/Contents/Home/jre/lib/libawt.dylib
0x0000000123737000 	/Library/Java/JavaVirtualMachines/jdk1.8.0_65.jdk/Contents/Home/jre/lib/./libmlib_image.dylib
0x0000000123803000 	/Library/Java/JavaVirtualMachines/jdk1.8.0_65.jdk/Contents/Home/jre/lib/libawt_lwawt.dylib
0x00000001238b8000 	/Library/Java/JavaVirtualMachines/jdk1.8.0_65.jdk/Contents/Home/jre/lib/./libosxapp.dylib
0x0000000001c05000 	/System/Library/Frameworks/ExceptionHandling.framework/Versions/A/ExceptionHandling
0x0000000001c05000 	/System/Library/PrivateFrameworks/CoreServicesInternal.framework/Versions/A/CoreServicesInternal
0x0000000001c05000 	/System/Library/Frameworks/CoreGraphics.framework/Versions/A/Resources/libRIP.A.dylib
0x0000000001c05000 	/System/Library/Frameworks/Accelerate.framework/Versions/A/Frameworks/vImage.framework/Versions/A/Libraries/libCGInterfaces.dylib
0x0000000001c05000 	/System/Library/Frameworks/CoreGraphics.framework/Versions/A/Resources/libCGXType.A.dylib
0x0000000001c05000 	/System/Library/Frameworks/OpenCL.framework/Versions/A/Libraries/libcldcpuengine.dylib
0x0000000001c05000 	/System/Library/PrivateFrameworks/DiskImages.framework/Versions/A/DiskImages
0x0000000001c05000 	/System/Library/Frameworks/DiscRecording.framework/Versions/A/DiscRecording
0x0000000001c05000 	/usr/lib/libcsfde.dylib
0x0000000001c05000 	/usr/lib/libcurl.4.dylib
0x0000000001c05000 	/System/Library/PrivateFrameworks/MediaKit.framework/Versions/A/MediaKit
0x0000000001c05000 	/System/Library/PrivateFrameworks/ProtectedCloudStorage.framework/Versions/A/ProtectedCloudStorage
0x0000000001c05000 	/usr/lib/libCoreStorage.dylib
0x0000000001c05000 	/System/Library/PrivateFrameworks/EFILogin.framework/Versions/A/EFILogin
0x0000000001c05000 	/usr/lib/libutil.dylib
0x0000000001c05000 	/System/Library/PrivateFrameworks/FindMyDevice.framework/Versions/A/FindMyDevice
0x0000000001c05000 	/System/Library/Frameworks/LDAP.framework/Versions/A/LDAP
0x0000000001c05000 	/usr/lib/libsasl2.2.dylib
0x0000000001c05000 	/System/Library/PrivateFrameworks/CoreDaemon.framework/Versions/B/CoreDaemon
0x0000000001c05000 	/usr/lib/libcrypto.0.9.8.dylib
0x0000000001c05000 	/System/Library/PrivateFrameworks/AppleSRP.framework/Versions/A/AppleSRP
0x0000000001c05000 	/System/Library/PrivateFrameworks/TrustEvaluationAgent.framework/Versions/A/TrustEvaluationAgent
0x000000012565d000 	cl_kernels
0x0000000001c05000 	/System/Library/Frameworks/OpenCL.framework/Versions/A/Libraries/ImageFormats/unorm8_bgra.dylib
0x0000000001c05000 	/System/Library/Frameworks/OpenCL.framework/Versions/A/Libraries/ImageFormats/unorm8_rgba.dylib
0x0000000001c05000 	/System/Library/PrivateFrameworks/FamilyControls.framework/Versions/A/FamilyControls
0x0000000001c05000 	/System/Library/PrivateFrameworks/CommerceKit.framework/Versions/A/Frameworks/CommerceCore.framework/Versions/A/CommerceCore
0x0000000001c05000 	/System/Library/PrivateFrameworks/SystemAdministration.framework/Versions/A/SystemAdministration
0x0000000001c05000 	/System/Library/PrivateFrameworks/AppContainer.framework/Versions/A/AppContainer
0x0000000001c05000 	/System/Library/PrivateFrameworks/SecCodeWrapper.framework/Versions/A/SecCodeWrapper
0x0000000001c05000 	/System/Library/Frameworks/DirectoryService.framework/Versions/A/DirectoryService
0x0000000001c05000 	/System/Library/PrivateFrameworks/LoginUIKit.framework/Versions/A/Frameworks/LoginUICore.framework/Versions/A/LoginUICore
0x0000000001c05000 	/usr/lib/libodfde.dylib
0x0000000126738000 	/Library/Java/JavaVirtualMachines/jdk1.8.0_65.jdk/Contents/Home/jre/lib/libfontmanager.dylib
0x000000012679f000 	/Users/williamallen/Downloads/slick (1)/liblwjgl.dylib
0x0000000124a60000 	/Library/Java/JavaVirtualMachines/jdk1.8.0_65.jdk/Contents/Home/jre/lib/libjawt.dylib
0x0000000001c05000 	/System/Library/Frameworks/OpenGL.framework/Versions/A/Resources/GLEngine.bundle/GLEngine
0x0000000001c05000 	/System/Library/Frameworks/OpenGL.framework/Versions/A/Libraries/libGLProgrammability.dylib
0x0000000126821000 	/System/Library/Extensions/AppleIntelBDWGraphicsGLDriver.bundle/Contents/MacOS/AppleIntelBDWGraphicsGLDriver
0x0000000001c05000 	/System/Library/PrivateFrameworks/GPUSupport.framework/Versions/A/Libraries/libGPUSupportMercury.dylib
0x0000000001c05000 	/System/Library/Frameworks/OpenGL.framework/Versions/A/Resources/GLRendererFloat.bundle/GLRendererFloat
0x0000000125650000 	/Users/williamallen/Downloads/slick (1)/libjinput-osx.dylib
0x000000012880b000 	/System/Library/Extensions/IOHIDFamily.kext/Contents/PlugIns/IOHIDLib.plugin/Contents/MacOS/IOHIDLib

VM Arguments:
jvm_args: -Djava.library.path=/Users/williamallen/Downloads/slick (1) -Dfile.encoding=UTF-8 
java_command: Main
java_class_path (initial): /Users/williamallen/Documents/myGames/Wiz/bin:/Users/williamallen/Documents/myGames/Wiz/lib/ibxm.jar:/Users/williamallen/Documents/myGames/Wiz/lib/jinput.jar:/Users/williamallen/Documents/myGames/Wiz/lib/jnlp.jar:/Users/williamallen/Documents/myGames/Wiz/lib/jogg-0.0.7.jar:/Users/williamallen/Documents/myGames/Wiz/lib/jorbis-0.0.15.jar:/Users/williamallen/Documents/myGames/Wiz/lib/lwjgl_util_applet.jar:/Users/williamallen/Documents/myGames/Wiz/lib/lwjgl_util.jar:/Users/williamallen/Documents/myGames/Wiz/lib/lwjgl.jar:/Users/williamallen/Documents/myGames/Wiz/lib/natives-linux.jar:/Users/williamallen/Documents/myGames/Wiz/lib/natives-mac.jar:/Users/williamallen/Documents/myGames/Wiz/lib/natives-windows.jar:/Users/williamallen/Documents/myGames/Wiz/lib/slick-examples.jar:/Users/williamallen/Documents/myGames/Wiz/lib/slick.jar:/Users/williamallen/Documents/myGames/Wiz/lib/tinylinepp.jar
Launcher Type: SUN_STANDARD

Environment Variables:
PATH=/usr/bin:/bin:/usr/sbin:/sbin
SHELL=/bin/bash
DISPLAY=/private/tmp/com.apple.launchd.Osqslh9dPF/org.macosforge.xquartz:0

Signal Handlers:
SIGSEGV: [libjvm.dylib+0x5a6d31], sa_mask[0]=11111111011111110111111111111111, sa_flags=SA_ONSTACK|SA_RESTART|SA_SIGINFO
SIGBUS: [libjvm.dylib+0x5a6d31], sa_mask[0]=11111111011111110111111111111111, sa_flags=SA_RESTART|SA_SIGINFO
SIGFPE: [libjvm.dylib+0x480a40], sa_mask[0]=11111111011111110111111111111111, sa_flags=SA_RESTART|SA_SIGINFO
SIGPIPE: [libjvm.dylib+0x480a40], sa_mask[0]=11111111011111110111111111111111, sa_flags=SA_RESTART|SA_SIGINFO
SIGXFSZ: [libjvm.dylib+0x480a40], sa_mask[0]=11111111011111110111111111111111, sa_flags=SA_RESTART|SA_SIGINFO
SIGILL: [libjvm.dylib+0x480a40], sa_mask[0]=11111111011111110111111111111111, sa_flags=SA_RESTART|SA_SIGINFO
SIGUSR1: SIG_DFL, sa_mask[0]=00000000000000000000000000000000, sa_flags=none
SIGUSR2: [libjvm.dylib+0x48055e], sa_mask[0]=00100000000000000000000000000000, sa_flags=SA_RESTART|SA_SIGINFO
SIGHUP: [libjvm.dylib+0x47eb35], sa_mask[0]=11111111011111110111111111111111, sa_flags=SA_RESTART|SA_SIGINFO
SIGINT: [libjvm.dylib+0x47eb35], sa_mask[0]=11111111011111110111111111111111, sa_flags=SA_RESTART|SA_SIGINFO
SIGTERM: [libjvm.dylib+0x47eb35], sa_mask[0]=11111111011111110111111111111111, sa_flags=SA_RESTART|SA_SIGINFO
SIGQUIT: [libjvm.dylib+0x47eb35], sa_mask[0]=11111111011111110111111111111111, sa_flags=SA_RESTART|SA_SIGINFO


---------------  S Y S T E M  ---------------

OS:Bsduname:Darwin 15.6.0 Darwin Kernel Version 15.6.0: Thu Jun 23 18:25:34 PDT 2016; root:xnu-3248.60.10~1/RELEASE_X86_64 x86_64
rlimit: STACK 8192k, CORE 0k, NPROC 709, NOFILE 10240, AS infinity
load average:1.38 1.39 1.56

CPU:total 4 (2 cores per cpu, 2 threads per core) family 6 model 61 stepping 4, cmov, cx8, fxsr, mmx, sse, sse2, sse3, ssse3, sse4.1, sse4.2, popcnt, avx, avx2, aes, clmul, erms, 3dnowpref, lzcnt, ht, tsc, tscinvbit, bmi1, bmi2, adx

Memory: 4k page, physical 8388608k(1556096k free)

/proc/meminfo:


vm_info: Java HotSpot(TM) 64-Bit Server VM (25.65-b01) for bsd-amd64 JRE (1.8.0_65-b17), built on Oct  6 2015 15:36:46 by "java_re" with gcc 4.2.1 (Based on Apple Inc. build 5658) (LLVM build 2336.11.00)

time: Wed Nov 16 15:26:33 2016
elapsed time: 3 seconds (0d 0h 0m 3s)

