#
# A fatal error has been detected by the Java Runtime Environment:
#
#  SIGSEGV (0xb) at pc=0x00007fff832fa4dd, pid=7806, tid=2571
#
# JRE version: Java(TM) SE Runtime Environment (8.0_65-b17) (build 1.8.0_65-b17)
# Java VM: Java HotSpot(TM) 64-Bit Server VM (25.65-b01 mixed mode bsd-amd64 compressed oops)
# Problematic frame:
# C  [libobjc.A.dylib+0x14dd]  objc_msgSend+0x1d
#
# Failed to write core dump. Core dumps have been disabled. To enable core dumping, try "ulimit -c unlimited" before starting Java again
#
# If you would like to submit a bug report, please visit:
#   http://bugreport.java.com/bugreport/crash.jsp
# The crash happened outside the Java Virtual Machine in native code.
# See problematic frame for where to report the bug.
#

---------------  T H R E A D  ---------------

Current thread (0x00007fb5810e3800):  JavaThread "AppKit Thread" daemon [_thread_in_native, id=2571, stack(0x00007fff5e794000,0x00007fff5ef94000)]

siginfo: si_signo: 11 (SIGSEGV), si_code: 1 (SEGV_MAPERR), si_addr: 0x0000000000000018

Registers:
RAX=0x00007fb580f938c0, RBX=0x00007fff5ef8edc8, RCX=0x00007fb580c92388, RDX=0x00007fb580f53e20
RSP=0x00007fff5ef8ed88, RBP=0x00007fff5ef8ed90, RSI=0x00007fff8525984a, RDI=0x00007fb580f938c0
R8 =0x000000000000001f, R9 =0x00007fb583519020, R10=0x00007fff8525984a, R11=0x0000000000000000
R12=0x00007fb580f53e20, R13=0x00007fb583519020, R14=0x00007fb580c92380, R15=0x0000000000000000
RIP=0x00007fff832fa4dd, EFLAGS=0x0000000000010246, ERR=0x0000000000000004
  TRAPNO=0x000000000000000e

Top of Stack: (sp=0x00007fff5ef8ed88)
0x00007fff5ef8ed88:   00007fff86994bbc 00007fff5ef8edb0
0x00007fff5ef8ed98:   00007fff86994b4f 0000000000000000
0x00007fff5ef8eda8:   0000000000000000 00007fff5ef8ee20
0x00007fff5ef8edb8:   00007fff86994ac7 00007fff5ef8edf0
0x00007fff5ef8edc8:   00007fff7223e0a0 0000000042000000
0x00007fff5ef8edd8:   00007fff86994b10 00007fff72766720
0x00007fff5ef8ede8:   00007fb583519020 00007fb580f53e20
0x00007fff5ef8edf8:   00007fff5ef8f5c8 00007fff72893780
0x00007fff5ef8ee08:   00007fff5ef8f5c8 00007fb583519020
0x00007fff5ef8ee18:   00007fff86d549e2 00007fff5ef8ee60
0x00007fff5ef8ee28:   00007fff86994832 00007fff5ef8f440
0x00007fff5ef8ee38:   0000000000000001 00007fff72893780
0x00007fff5ef8ee48:   00007fff5ef8f5c8 00007fff832fa4c0
0x00007fff5ef8ee58:   00007fff86d549e2 00007fff5ef8f570
0x00007fff5ef8ee68:   00007fff869515e2 00007fb580d3aa60
0x00007fff5ef8ee78:   ffff804a7f2c55a0 00007fff71f4ed00
0x00007fff5ef8ee88:   00007fb580f0f1d0 00007fb5810090b8
0x00007fff5ef8ee98:   00007fb580e52e50 0000000000000000
0x00007fff5ef8eea8:   0000000000000000 0000000000000000
0x00007fff5ef8eeb8:   00007fb580e57270 00007fff727a3bc0
0x00007fff5ef8eec8:   00007fff5ef8f440 0000000000000002
0x00007fff5ef8eed8:   0000000000000100 00007fff5ef8ef00
0x00007fff5ef8eee8:   00007fff5ef8f340 0000000000000000
0x00007fff5ef8eef8:   0000000000000100 00007fff5ef8ef00
0x00007fff5ef8ef08:   00007fff72893780 0000000000000000
0x00007fff5ef8ef18:   00007fff72767500 00007fff72893780
0x00007fff5ef8ef28:   0000000000000000 00007fff72767500
0x00007fff5ef8ef38:   00007fff71f4ed00 00007fff5ef8efb0
0x00007fff5ef8ef48:   00007fff833012a4 0000000000000000
0x00007fff5ef8ef58:   00007fff71f4f890 0000000100000000
0x00007fff5ef8ef68:   0000000000000000 ffff804a7f0ad3f0
0x00007fff5ef8ef78:   00007fb580e3d590 00007fb580e3d700 

Instructions: (pc=0x00007fff832fa4dd)
0x00007fff832fa4bd:   44 00 00 48 85 ff 2e 74 62 40 f6 c7 01 2e 75 66
0x00007fff832fa4cd:   49 bb f8 ff ff ff ff 7f 00 00 4c 23 1f 49 89 f2
0x00007fff832fa4dd:   45 23 53 18 49 c1 e2 04 4d 03 53 10 49 3b 32 75
0x00007fff832fa4ed:   04 41 ff 62 08 49 83 3a 01 76 0d 49 83 c2 10 49 

Register to memory mapping:

RAX=0x00007fb580f938c0 is an unknown value
RBX=0x00007fff5ef8edc8 is pointing into the stack for thread: 0x00007fb5810e3800
RCX=0x00007fb580c92388 is an unknown value
RDX=0x00007fb580f53e20 is an unknown value
RSP=0x00007fff5ef8ed88 is pointing into the stack for thread: 0x00007fb5810e3800
RBP=0x00007fff5ef8ed90 is pointing into the stack for thread: 0x00007fb5810e3800
RSI=0x00007fff8525984a: -[NSTitlebarContainerView transparent]+0x63088 in /System/Library/Frameworks/AppKit.framework/Versions/C/AppKit at 0x00007fff847cc000
RDI=0x00007fb580f938c0 is an unknown value
R8 =0x000000000000001f is an unknown value
R9 =0x00007fb583519020 is an unknown value
R10=0x00007fff8525984a: -[NSTitlebarContainerView transparent]+0x63088 in /System/Library/Frameworks/AppKit.framework/Versions/C/AppKit at 0x00007fff847cc000
R11=0x0000000000000000 is an unknown value
R12=0x00007fb580f53e20 is an unknown value
R13=0x00007fb583519020 is an unknown value
R14=0x00007fb580c92380 is an unknown value
R15=0x0000000000000000 is an unknown value


Stack: [0x00007fff5e794000,0x00007fff5ef94000],  sp=0x00007fff5ef8ed88,  free space=8171k
Native frames: (J=compiled Java code, j=interpreted, Vv=VM code, C=native code)
C  [libobjc.A.dylib+0x14dd]  objc_msgSend+0x1d
C  [CoreFoundation+0xa0b4f]  ___CFXRegistrationPost_block_invoke+0x3f
C  [CoreFoundation+0xa0ac7]  _CFXRegistrationPost+0x197
C  [CoreFoundation+0xa0832]  ___CFXNotificationPost_block_invoke+0x32
C  [CoreFoundation+0x5d5e2]  -[_CFXNotificationRegistrar find:object:observer:enumerator:]+0x782
C  [CoreFoundation+0x5c835]  _CFXNotificationPost+0x2b5
C  [Foundation+0x717a]  -[NSNotificationCenter postNotificationName:object:userInfo:]+0x42
C  [AppKit+0x26526e]  -[NSSurface _disposeSurface]+0xa9
C  [AppKit+0x264cc7]  -[NSSurface setWindow:]+0x42
C  [AppKit+0x28ba7]  -[NSView _setWindow:]+0x9be
C  [AppKit+0x2b993]  -[NSView removeFromSuperview]+0x1d7
C  [AppKit+0x155c7b]  -[NSView removeFromSuperviewWithoutNeedingDisplay]+0x26
C  [liblwjgl.dylib+0xa205]  +[MacOSXKeyableWindow destroyWindow]+0xb5
C  [Foundation+0x76fde]  __NSThreadPerformPerform+0x117
C  [CoreFoundation+0xaa881]  __CFRUNLOOP_IS_CALLING_OUT_TO_A_SOURCE0_PERFORM_FUNCTION__+0x11
C  [CoreFoundation+0x89fbc]  __CFRunLoopDoSources0+0x22c
C  [CoreFoundation+0x894df]  __CFRunLoopRun+0x39f
C  [CoreFoundation+0x88ed8]  CFRunLoopRunSpecific+0x128
C  [HIToolbox+0x30935]  RunCurrentEventLoopInMode+0xeb
C  [HIToolbox+0x3076f]  ReceiveNextEventCommon+0x1b0
C  [HIToolbox+0x305af]  _BlockUntilNextEventMatchingListInModeWithFilter+0x47
C  [AppKit+0x48df6]  _DPSNextEvent+0x42b
C  [AppKit+0x48226]  -[NSApplication _nextEventMatchingEventMask:untilDate:inMode:dequeue:]+0x1c6
C  [libosxapp.dylib+0x23aa]  -[NSApplicationAWT nextEventMatchingMask:untilDate:inMode:dequeue:]+0x7c
C  [AppKit+0x3cd80]  -[NSApplication run]+0x2aa
C  [libosxapp.dylib+0x214d]  +[NSApplicationAWT runAWTLoopWithApp:]+0x9c
C  [libawt_lwawt.dylib+0x44517]  -[AWTStarter starter:]+0x389
C  [Foundation+0x76fde]  __NSThreadPerformPerform+0x117
C  [CoreFoundation+0xaa881]  __CFRUNLOOP_IS_CALLING_OUT_TO_A_SOURCE0_PERFORM_FUNCTION__+0x11
C  [CoreFoundation+0x89fbc]  __CFRunLoopDoSources0+0x22c
C  [CoreFoundation+0x894df]  __CFRunLoopRun+0x39f
C  [CoreFoundation+0x88ed8]  CFRunLoopRunSpecific+0x128
C  [java+0x6463]  CreateExecutionEnvironment+0x367
C  [java+0x21ac]  JLI_Launch+0x7a0
C  [java+0x84c0]  main+0x65
C  [java+0x1a04]  start+0x34
C  0x0000000000000006


---------------  P R O C E S S  ---------------

Java Threads: ( => current thread )
  0x00007fb581192800 JavaThread "AWT-Shutdown" [_thread_blocked, id=33419, stack(0x0000700000fc7000,0x00007000010c7000)]
=>0x00007fb5810e3800 JavaThread "AppKit Thread" daemon [_thread_in_native, id=2571, stack(0x00007fff5e794000,0x00007fff5ef94000)]
  0x00007fb582836000 JavaThread "Service Thread" daemon [_thread_blocked, id=18435, stack(0x0000700000dc1000,0x0000700000ec1000)]
  0x00007fb581099800 JavaThread "C1 CompilerThread2" daemon [_thread_blocked, id=17923, stack(0x0000700000cbe000,0x0000700000dbe000)]
  0x00007fb581098800 JavaThread "C2 CompilerThread1" daemon [_thread_blocked, id=17411, stack(0x0000700000bbb000,0x0000700000cbb000)]
  0x00007fb58181e800 JavaThread "C2 CompilerThread0" daemon [_thread_blocked, id=16899, stack(0x0000700000ab8000,0x0000700000bb8000)]
  0x00007fb58104c800 JavaThread "Signal Dispatcher" daemon [_thread_blocked, id=13839, stack(0x00007000009b5000,0x0000700000ab5000)]
  0x00007fb582009000 JavaThread "Finalizer" daemon [_thread_blocked, id=12291, stack(0x000070000082f000,0x000070000092f000)]
  0x00007fb581808000 JavaThread "Reference Handler" daemon [_thread_blocked, id=11779, stack(0x000070000072c000,0x000070000082c000)]
  0x00007fb58100f000 JavaThread "main" [_thread_in_native, id=5891, stack(0x000070000011a000,0x000070000021a000)]

Other Threads:
  0x00007fb581042800 VMThread [stack: 0x0000700000629000,0x0000700000729000] [id=11267]
  0x00007fb58109a000 WatcherThread [stack: 0x0000700000ec4000,0x0000700000fc4000] [id=18947]

VM state:not at safepoint (normal execution)

VM Mutex/Monitor currently owned by a thread: None

Heap:
 PSYoungGen      total 38400K, used 11619K [0x0000000795580000, 0x0000000798000000, 0x00000007c0000000)
  eden space 33280K, 19% used [0x0000000795580000,0x0000000795bda068,0x0000000797600000)
  from space 5120K, 99% used [0x0000000797600000,0x0000000797afebc8,0x0000000797b00000)
  to   space 5120K, 0% used [0x0000000797b00000,0x0000000797b00000,0x0000000798000000)
 ParOldGen       total 87552K, used 3589K [0x0000000740000000, 0x0000000745580000, 0x0000000795580000)
  object space 87552K, 4% used [0x0000000740000000,0x00000007403815c0,0x0000000745580000)
 Metaspace       used 8843K, capacity 9007K, committed 9216K, reserved 1056768K
  class space    used 882K, capacity 922K, committed 1024K, reserved 1048576K

Card table byte_map: [0x0000000111bc0000,0x0000000111fc1000] byte_map_base: 0x000000010e1c0000

Marking Bits: (ParMarkBitMap*) 0x00000001017c6e20
 Begin Bits: [0x000000011226c000, 0x000000011426c000)
 End Bits:   [0x000000011426c000, 0x000000011626c000)

Polling page: 0x0000000101eb8000

CodeCache: size=245760Kb used=4868Kb max_used=4880Kb free=240891Kb
 bounds [0x0000000102800000, 0x0000000102cd0000, 0x0000000111800000]
 total_blobs=1642 nmethods=1227 adapters=329
 compilation: enabled

Compilation events (10 events):
Event: 59.930 Thread 0x00007fb581098800 1223       4       org.newdawn.slick.opengl.renderer.ImmediateModeOGLRenderer::glBegin (5 bytes)
Event: 59.933 Thread 0x00007fb581098800 nmethod 1223 0x0000000102cc3050 code [0x0000000102cc31c0, 0x0000000102cc32e8]
Event: 60.263 Thread 0x00007fb581099800 1224  s    3       org.lwjgl.opengl.EventQueue::putEvent (80 bytes)
Event: 60.264 Thread 0x00007fb581099800 nmethod 1224 0x0000000102cc1690 code [0x0000000102cc18e0, 0x0000000102cc29a8]
Event: 80.384 Thread 0x00007fb58181e800 1225       4       org.lwjgl.opengl.MacOSXDisplay::wasResized (9 bytes)
Event: 80.385 Thread 0x00007fb58181e800 nmethod 1225 0x0000000102c7d2d0 code [0x0000000102c7d420, 0x0000000102c7d4a8]
Event: 80.389 Thread 0x00007fb581098800 1227       4       org.lwjgl.opengl.DrawableGL::swapBuffers (4 bytes)
Event: 80.389 Thread 0x00007fb581099800 1226   !   3       org.lwjgl.opengl.Display::update (154 bytes)
Event: 80.391 Thread 0x00007fb581099800 nmethod 1226 0x0000000102cc4390 code [0x0000000102cc4640, 0x0000000102cc57b8]
Event: 80.394 Thread 0x00007fb581098800 nmethod 1227 0x0000000102cc3950 code [0x0000000102cc3ae0, 0x0000000102cc3f08]

GC Heap History (2 events):
Event: 36.685 GC heap before
{Heap before GC invocations=1 (full 0):
 PSYoungGen      total 38400K, used 33280K [0x0000000795580000, 0x0000000798000000, 0x00000007c0000000)
  eden space 33280K, 100% used [0x0000000795580000,0x0000000797600000,0x0000000797600000)
  from space 5120K, 0% used [0x0000000797b00000,0x0000000797b00000,0x0000000798000000)
  to   space 5120K, 0% used [0x0000000797600000,0x0000000797600000,0x0000000797b00000)
 ParOldGen       total 87552K, used 0K [0x0000000740000000, 0x0000000745580000, 0x0000000795580000)
  object space 87552K, 0% used [0x0000000740000000,0x0000000740000000,0x0000000745580000)
 Metaspace       used 8816K, capacity 8943K, committed 9216K, reserved 1056768K
  class space    used 881K, capacity 922K, committed 1024K, reserved 1048576K
Event: 36.697 GC heap after
Heap after GC invocations=1 (full 0):
 PSYoungGen      total 38400K, used 5114K [0x0000000795580000, 0x0000000798000000, 0x00000007c0000000)
  eden space 33280K, 0% used [0x0000000795580000,0x0000000795580000,0x0000000797600000)
  from space 5120K, 99% used [0x0000000797600000,0x0000000797afebc8,0x0000000797b00000)
  to   space 5120K, 0% used [0x0000000797b00000,0x0000000797b00000,0x0000000798000000)
 ParOldGen       total 87552K, used 3589K [0x0000000740000000, 0x0000000745580000, 0x0000000795580000)
  object space 87552K, 4% used [0x0000000740000000,0x00000007403815c0,0x0000000745580000)
 Metaspace       used 8816K, capacity 8943K, committed 9216K, reserved 1056768K
  class space    used 881K, capacity 922K, committed 1024K, reserved 1048576K
}

Deoptimization events (10 events):
Event: 1.619 Thread 0x00007fb58100f000 Uncommon trap: reason=unstable_if action=reinterpret pc=0x0000000102a74558 method=java.lang.String.regionMatches(ZILjava/lang/String;II)Z @ 123
Event: 1.712 Thread 0x00007fb58100f000 Uncommon trap: reason=unstable_if action=reinterpret pc=0x0000000102afad80 method=org.newdawn.slick.geom.Rectangle.intersects(Lorg/newdawn/slick/geom/Shape;)Z @ 43
Event: 2.675 Thread 0x00007fb58100f000 Uncommon trap: reason=unstable_if action=reinterpret pc=0x0000000102b55934 method=org.newdawn.slick.particles.Particle.update(I)V @ 28
Event: 2.756 Thread 0x00007fb58100f000 Uncommon trap: reason=unstable_if action=reinterpret pc=0x0000000102b4f2c4 method=org.newdawn.slick.particles.Particle.update(I)V @ 28
Event: 17.796 Thread 0x00007fb58100f000 Uncommon trap: reason=unstable_if action=reinterpret pc=0x0000000102c50a58 method=sun.misc.FloatingDecimal$BinaryToASCIIBuffer.dtoa(IJIZ)V @ 116
Event: 17.797 Thread 0x00007fb58100f000 Uncommon trap: reason=unstable_if action=reinterpret pc=0x0000000102c46fd4 method=sun.misc.FloatingDecimal$BinaryToASCIIBuffer.getChars([C)I @ 150
Event: 18.123 Thread 0x00007fb58100f000 Uncommon trap: reason=unstable_if action=reinterpret pc=0x0000000102c45374 method=org.lwjgl.opengl.MacOSXNativeKeyboard.flushDeferredEvent()V @ 4
Event: 50.793 Thread 0x00007fb58100f000 Uncommon trap: reason=unstable_if action=reinterpret pc=0x0000000102c99194 method=org.newdawn.slick.Input.poll(II)V @ 1050
Event: 79.742 Thread 0x00007fb58100f000 Uncommon trap: reason=unstable_if action=reinterpret pc=0x0000000102c89084 method=org.lwjgl.opengl.MacOSXDisplay.update()V @ 86
Event: 80.654 Thread 0x00007fb58100f000 Uncommon trap: reason=unstable_if action=reinterpret pc=0x0000000102c7a9a0 method=org.newdawn.slick.AppGameContainer.gameLoop()V @ 60

Internal exceptions (10 events):
Event: 0.160 Thread 0x00007fb58100f000 Exception <a 'java/security/PrivilegedActionException'> (0x000000079578aa38) thrown at [/Users/java_re/workspace/8-2-build-macosx-x86_64/jdk8u65/4987/hotspot/src/share/vm/prims/jvm.cpp, line 1386]
Event: 0.160 Thread 0x00007fb58100f000 Exception <a 'java/security/PrivilegedActionException'> (0x000000079578ac48) thrown at [/Users/java_re/workspace/8-2-build-macosx-x86_64/jdk8u65/4987/hotspot/src/share/vm/prims/jvm.cpp, line 1386]
Event: 0.246 Thread 0x00007fb58100f000 Exception <a 'java/security/PrivilegedActionException'> (0x00000007958bab18) thrown at [/Users/java_re/workspace/8-2-build-macosx-x86_64/jdk8u65/4987/hotspot/src/share/vm/prims/jvm.cpp, line 1386]
Event: 0.246 Thread 0x00007fb58100f000 Exception <a 'java/security/PrivilegedActionException'> (0x00000007958bad28) thrown at [/Users/java_re/workspace/8-2-build-macosx-x86_64/jdk8u65/4987/hotspot/src/share/vm/prims/jvm.cpp, line 1386]
Event: 0.246 Thread 0x00007fb58100f000 Exception <a 'java/security/PrivilegedActionException'> (0x00000007958be1b0) thrown at [/Users/java_re/workspace/8-2-build-macosx-x86_64/jdk8u65/4987/hotspot/src/share/vm/prims/jvm.cpp, line 1386]
Event: 0.247 Thread 0x00007fb58100f000 Exception <a 'java/security/PrivilegedActionException'> (0x00000007958be3c0) thrown at [/Users/java_re/workspace/8-2-build-macosx-x86_64/jdk8u65/4987/hotspot/src/share/vm/prims/jvm.cpp, line 1386]
Event: 0.330 Thread 0x00007fb58100f000 Exception <a 'java/lang/NoSuchFieldError': method resolution failed> (0x000000079598cb90) thrown at [/Users/java_re/workspace/8-2-build-macosx-x86_64/jdk8u65/4987/hotspot/src/share/vm/prims/methodHandles.cpp, line 1146]
Event: 0.332 Thread 0x00007fb58100f000 Exception <a 'java/lang/NoSuchFieldError': method resolution failed> (0x000000079599a2e0) thrown at [/Users/java_re/workspace/8-2-build-macosx-x86_64/jdk8u65/4987/hotspot/src/share/vm/prims/methodHandles.cpp, line 1146]
Event: 0.535 Thread 0x00007fb58100f000 Exception <a 'java/io/FileNotFoundException'> (0x0000000795a15408) thrown at [/Users/java_re/workspace/8-2-build-macosx-x86_64/jdk8u65/4987/hotspot/src/share/vm/prims/jni.cpp, line 709]
Event: 0.536 Thread 0x00007fb58100f000 Exception <a 'java/io/FileNotFoundException'> (0x0000000795a15f88) thrown at [/Users/java_re/workspace/8-2-build-macosx-x86_64/jdk8u65/4987/hotspot/src/share/vm/prims/jni.cpp, line 709]

Events (10 events):
Event: 72.922 Thread 0x00007fb581192800 Thread exited: 0x00007fb581192800
Event: 75.672 Thread 0x00007fb581192800 Thread added: 0x00007fb581192800
Event: 79.742 Thread 0x00007fb58100f000 Uncommon trap: trap_request=0xffffff65 fr.pc=0x0000000102c89084
Event: 79.742 Thread 0x00007fb58100f000 DEOPT PACKING pc=0x0000000102c89084 sp=0x00007000002197d0
Event: 79.742 Thread 0x00007fb58100f000 DEOPT UNPACKING pc=0x0000000102805229 sp=0x00007000002196b8 mode 2
Event: 80.654 Thread 0x00007fb58100f000 Uncommon trap: trap_request=0xffffff65 fr.pc=0x0000000102c7a9a0
Event: 80.654 Thread 0x00007fb58100f000 DEOPT PACKING pc=0x0000000102c7a9a0 sp=0x0000700000219830
Event: 80.654 Thread 0x00007fb58100f000 DEOPT UNPACKING pc=0x0000000102805229 sp=0x00007000002197f8 mode 2
Event: 80.660 loading class org/lwjgl/opengl/CallbackUtil
Event: 80.660 loading class org/lwjgl/opengl/CallbackUtil done


Dynamic libraries:
0x0000000001c05000 	/System/Library/Frameworks/Cocoa.framework/Versions/A/Cocoa
0x0000000001c05000 	/System/Library/Frameworks/Security.framework/Versions/A/Security
0x0000000001c05000 	/System/Library/Frameworks/ApplicationServices.framework/Versions/A/ApplicationServices
0x0000000001c05000 	/usr/lib/libz.1.dylib
0x0000000001c05000 	/usr/lib/libSystem.B.dylib
0x0000000001c05000 	/usr/lib/libobjc.A.dylib
0x0000000001c05000 	/System/Library/Frameworks/CoreFoundation.framework/Versions/A/CoreFoundation
0x0000000001c05000 	/System/Library/Frameworks/Foundation.framework/Versions/C/Foundation
0x0000000001c05000 	/System/Library/Frameworks/AppKit.framework/Versions/C/AppKit
0x0000000001c05000 	/System/Library/Frameworks/CoreData.framework/Versions/A/CoreData
0x0000000001c05000 	/System/Library/PrivateFrameworks/RemoteViewServices.framework/Versions/A/RemoteViewServices
0x0000000001c05000 	/System/Library/PrivateFrameworks/UIFoundation.framework/Versions/A/UIFoundation
0x0000000001c05000 	/usr/lib/libScreenReader.dylib
0x0000000001c05000 	/System/Library/Frameworks/Accelerate.framework/Versions/A/Accelerate
0x0000000001c05000 	/System/Library/Frameworks/IOSurface.framework/Versions/A/IOSurface
0x0000000001c05000 	/System/Library/Frameworks/AudioToolbox.framework/Versions/A/AudioToolbox
0x0000000001c05000 	/System/Library/Frameworks/AudioUnit.framework/Versions/A/AudioUnit
0x0000000001c05000 	/System/Library/PrivateFrameworks/DataDetectorsCore.framework/Versions/A/DataDetectorsCore
0x0000000001c05000 	/System/Library/PrivateFrameworks/DesktopServicesPriv.framework/Versions/A/DesktopServicesPriv
0x0000000001c05000 	/System/Library/Frameworks/Carbon.framework/Versions/A/Frameworks/HIToolbox.framework/Versions/A/HIToolbox
0x0000000001c05000 	/System/Library/Frameworks/QuartzCore.framework/Versions/A/QuartzCore
0x0000000001c05000 	/System/Library/Frameworks/Carbon.framework/Versions/A/Frameworks/SpeechRecognition.framework/Versions/A/SpeechRecognition
0x0000000001c05000 	/usr/lib/libauto.dylib
0x0000000001c05000 	/usr/lib/libicucore.A.dylib
0x0000000001c05000 	/usr/lib/libxml2.2.dylib
0x0000000001c05000 	/System/Library/PrivateFrameworks/CoreUI.framework/Versions/A/CoreUI
0x0000000001c05000 	/System/Library/Frameworks/CoreAudio.framework/Versions/A/CoreAudio
0x0000000001c05000 	/System/Library/Frameworks/DiskArbitration.framework/Versions/A/DiskArbitration
0x0000000001c05000 	/usr/lib/liblangid.dylib
0x0000000001c05000 	/System/Library/PrivateFrameworks/MultitouchSupport.framework/Versions/A/MultitouchSupport
0x0000000001c05000 	/System/Library/Frameworks/IOKit.framework/Versions/A/IOKit
0x0000000001c05000 	/usr/lib/libDiagnosticMessagesClient.dylib
0x0000000001c05000 	/System/Library/Frameworks/CoreServices.framework/Versions/A/CoreServices
0x0000000001c05000 	/System/Library/PrivateFrameworks/PerformanceAnalysis.framework/Versions/A/PerformanceAnalysis
0x0000000001c05000 	/System/Library/PrivateFrameworks/GenerationalStorage.framework/Versions/A/GenerationalStorage
0x0000000001c05000 	/System/Library/Frameworks/OpenGL.framework/Versions/A/OpenGL
0x0000000001c05000 	/System/Library/PrivateFrameworks/Sharing.framework/Versions/A/Sharing
0x0000000001c05000 	/System/Library/Frameworks/CoreGraphics.framework/Versions/A/CoreGraphics
0x0000000001c05000 	/System/Library/Frameworks/CoreImage.framework/Versions/A/CoreImage
0x0000000001c05000 	/System/Library/Frameworks/CoreText.framework/Versions/A/CoreText
0x0000000001c05000 	/System/Library/Frameworks/ImageIO.framework/Versions/A/ImageIO
0x0000000001c05000 	/System/Library/PrivateFrameworks/Backup.framework/Versions/A/Backup
0x0000000001c05000 	/usr/lib/libextension.dylib
0x0000000001c05000 	/usr/lib/libarchive.2.dylib
0x0000000001c05000 	/System/Library/Frameworks/CFNetwork.framework/Versions/A/CFNetwork
0x0000000001c05000 	/System/Library/Frameworks/SystemConfiguration.framework/Versions/A/SystemConfiguration
0x0000000001c05000 	/usr/lib/libCRFSuite.dylib
0x0000000001c05000 	/usr/lib/libc++.1.dylib
0x0000000001c05000 	/usr/lib/libc++abi.dylib
0x0000000001c05000 	/usr/lib/system/libcache.dylib
0x0000000001c05000 	/usr/lib/system/libcommonCrypto.dylib
0x0000000001c05000 	/usr/lib/system/libcompiler_rt.dylib
0x0000000001c05000 	/usr/lib/system/libcopyfile.dylib
0x0000000001c05000 	/usr/lib/system/libcorecrypto.dylib
0x0000000001c05000 	/usr/lib/system/libdispatch.dylib
0x0000000001c05000 	/usr/lib/system/libdyld.dylib
0x0000000001c05000 	/usr/lib/system/libkeymgr.dylib
0x0000000001c05000 	/usr/lib/system/liblaunch.dylib
0x0000000001c05000 	/usr/lib/system/libmacho.dylib
0x0000000001c05000 	/usr/lib/system/libquarantine.dylib
0x0000000001c05000 	/usr/lib/system/libremovefile.dylib
0x0000000001c05000 	/usr/lib/system/libsystem_asl.dylib
0x0000000001c05000 	/usr/lib/system/libsystem_blocks.dylib
0x0000000001c05000 	/usr/lib/system/libsystem_c.dylib
0x0000000001c05000 	/usr/lib/system/libsystem_configuration.dylib
0x0000000001c05000 	/usr/lib/system/libsystem_coreservices.dylib
0x0000000001c05000 	/usr/lib/system/libsystem_coretls.dylib
0x0000000001c05000 	/usr/lib/system/libsystem_dnssd.dylib
0x0000000001c05000 	/usr/lib/system/libsystem_info.dylib
0x0000000001c05000 	/usr/lib/system/libsystem_kernel.dylib
0x0000000001c05000 	/usr/lib/system/libsystem_m.dylib
0x0000000001c05000 	/usr/lib/system/libsystem_malloc.dylib
0x0000000001c05000 	/usr/lib/system/libsystem_network.dylib
0x0000000001c05000 	/usr/lib/system/libsystem_networkextension.dylib
0x0000000001c05000 	/usr/lib/system/libsystem_notify.dylib
0x0000000001c05000 	/usr/lib/system/libsystem_platform.dylib
0x0000000001c05000 	/usr/lib/system/libsystem_pthread.dylib
0x0000000001c05000 	/usr/lib/system/libsystem_sandbox.dylib
0x0000000001c05000 	/usr/lib/system/libsystem_secinit.dylib
0x0000000001c05000 	/usr/lib/system/libsystem_trace.dylib
0x0000000001c05000 	/usr/lib/system/libunc.dylib
0x0000000001c05000 	/usr/lib/system/libunwind.dylib
0x0000000001c05000 	/usr/lib/system/libxpc.dylib
0x0000000001c05000 	/usr/lib/libenergytrace.dylib
0x0000000001c05000 	/usr/lib/libbsm.0.dylib
0x0000000001c05000 	/usr/lib/system/libkxld.dylib
0x0000000001c05000 	/usr/lib/libxar.1.dylib
0x0000000001c05000 	/usr/lib/libsqlite3.dylib
0x0000000001c05000 	/usr/lib/libpam.2.dylib
0x0000000001c05000 	/usr/lib/libOpenScriptingUtil.dylib
0x0000000001c05000 	/usr/lib/libbz2.1.0.dylib
0x0000000001c05000 	/usr/lib/liblzma.5.dylib
0x0000000001c05000 	/System/Library/Frameworks/CoreServices.framework/Versions/A/Frameworks/FSEvents.framework/Versions/A/FSEvents
0x0000000001c05000 	/System/Library/Frameworks/CoreServices.framework/Versions/A/Frameworks/CarbonCore.framework/Versions/A/CarbonCore
0x0000000001c05000 	/System/Library/Frameworks/CoreServices.framework/Versions/A/Frameworks/Metadata.framework/Versions/A/Metadata
0x0000000001c05000 	/System/Library/Frameworks/CoreServices.framework/Versions/A/Frameworks/OSServices.framework/Versions/A/OSServices
0x0000000001c05000 	/System/Library/Frameworks/CoreServices.framework/Versions/A/Frameworks/SearchKit.framework/Versions/A/SearchKit
0x0000000001c05000 	/System/Library/Frameworks/CoreServices.framework/Versions/A/Frameworks/AE.framework/Versions/A/AE
0x0000000001c05000 	/System/Library/Frameworks/CoreServices.framework/Versions/A/Frameworks/LaunchServices.framework/Versions/A/LaunchServices
0x0000000001c05000 	/System/Library/Frameworks/CoreServices.framework/Versions/A/Frameworks/DictionaryServices.framework/Versions/A/DictionaryServices
0x0000000001c05000 	/System/Library/Frameworks/CoreServices.framework/Versions/A/Frameworks/SharedFileList.framework/Versions/A/SharedFileList
0x0000000001c05000 	/System/Library/Frameworks/NetFS.framework/Versions/A/NetFS
0x0000000001c05000 	/System/Library/PrivateFrameworks/NetAuth.framework/Versions/A/NetAuth
0x0000000001c05000 	/System/Library/PrivateFrameworks/login.framework/Versions/A/Frameworks/loginsupport.framework/Versions/A/loginsupport
0x0000000001c05000 	/System/Library/PrivateFrameworks/TCC.framework/Versions/A/TCC
0x0000000001c05000 	/usr/lib/libmecabra.dylib
0x0000000001c05000 	/System/Library/Frameworks/ApplicationServices.framework/Versions/A/Frameworks/ATS.framework/Versions/A/ATS
0x0000000001c05000 	/System/Library/Frameworks/ApplicationServices.framework/Versions/A/Frameworks/ColorSync.framework/Versions/A/ColorSync
0x0000000001c05000 	/System/Library/Frameworks/ApplicationServices.framework/Versions/A/Frameworks/HIServices.framework/Versions/A/HIServices
0x0000000001c05000 	/System/Library/Frameworks/ApplicationServices.framework/Versions/A/Frameworks/LangAnalysis.framework/Versions/A/LangAnalysis
0x0000000001c05000 	/System/Library/Frameworks/ApplicationServices.framework/Versions/A/Frameworks/PrintCore.framework/Versions/A/PrintCore
0x0000000001c05000 	/System/Library/Frameworks/ApplicationServices.framework/Versions/A/Frameworks/QD.framework/Versions/A/QD
0x0000000001c05000 	/System/Library/Frameworks/ApplicationServices.framework/Versions/A/Frameworks/SpeechSynthesis.framework/Versions/A/SpeechSynthesis
0x0000000001c05000 	/System/Library/Frameworks/Metal.framework/Versions/A/Metal
0x0000000001c05000 	/System/Library/Frameworks/Accelerate.framework/Versions/A/Frameworks/vImage.framework/Versions/A/vImage
0x0000000001c05000 	/System/Library/Frameworks/Accelerate.framework/Versions/A/Frameworks/vecLib.framework/Versions/A/vecLib
0x0000000001c05000 	/System/Library/Frameworks/Accelerate.framework/Versions/A/Frameworks/vecLib.framework/Versions/A/libvDSP.dylib
0x0000000001c05000 	/System/Library/Frameworks/Accelerate.framework/Versions/A/Frameworks/vecLib.framework/Versions/A/libvMisc.dylib
0x0000000001c05000 	/System/Library/Frameworks/Accelerate.framework/Versions/A/Frameworks/vecLib.framework/Versions/A/libLAPACK.dylib
0x0000000001c05000 	/System/Library/Frameworks/Accelerate.framework/Versions/A/Frameworks/vecLib.framework/Versions/A/libBLAS.dylib
0x0000000001c05000 	/System/Library/Frameworks/Accelerate.framework/Versions/A/Frameworks/vecLib.framework/Versions/A/libLinearAlgebra.dylib
0x0000000001c05000 	/System/Library/Frameworks/Accelerate.framework/Versions/A/Frameworks/vecLib.framework/Versions/A/libSparseBLAS.dylib
0x0000000001c05000 	/System/Library/PrivateFrameworks/GPUCompiler.framework/libmetal_timestamp.dylib
0x0000000001c05000 	/System/Library/Frameworks/OpenGL.framework/Versions/A/Libraries/libCoreFSCache.dylib
0x0000000001c05000 	/System/Library/PrivateFrameworks/IOAccelerator.framework/Versions/A/IOAccelerator
0x0000000001c05000 	/System/Library/Frameworks/ApplicationServices.framework/Versions/A/Frameworks/ATS.framework/Versions/A/Resources/libFontParser.dylib
0x0000000001c05000 	/System/Library/Frameworks/ApplicationServices.framework/Versions/A/Frameworks/ATS.framework/Versions/A/Resources/libFontRegistry.dylib
0x0000000001c05000 	/System/Library/PrivateFrameworks/AppleVPA.framework/Versions/A/AppleVPA
0x0000000001c05000 	/System/Library/PrivateFrameworks/AppleJPEG.framework/Versions/A/AppleJPEG
0x0000000001c05000 	/System/Library/Frameworks/ImageIO.framework/Versions/A/Resources/libJPEG.dylib
0x0000000001c05000 	/System/Library/Frameworks/ImageIO.framework/Versions/A/Resources/libTIFF.dylib
0x0000000001c05000 	/System/Library/Frameworks/ImageIO.framework/Versions/A/Resources/libPng.dylib
0x0000000001c05000 	/System/Library/Frameworks/ImageIO.framework/Versions/A/Resources/libGIF.dylib
0x0000000001c05000 	/System/Library/Frameworks/ImageIO.framework/Versions/A/Resources/libJP2.dylib
0x0000000001c05000 	/System/Library/Frameworks/ImageIO.framework/Versions/A/Resources/libRadiance.dylib
0x0000000001c05000 	/System/Library/Frameworks/CoreVideo.framework/Versions/A/CoreVideo
0x0000000001c05000 	/System/Library/Frameworks/OpenGL.framework/Versions/A/Libraries/libGLU.dylib
0x0000000001c05000 	/System/Library/Frameworks/OpenGL.framework/Versions/A/Libraries/libGFXShared.dylib
0x0000000001c05000 	/System/Library/Frameworks/OpenGL.framework/Versions/A/Libraries/libGL.dylib
0x0000000001c05000 	/System/Library/Frameworks/OpenGL.framework/Versions/A/Libraries/libGLImage.dylib
0x0000000001c05000 	/System/Library/Frameworks/OpenGL.framework/Versions/A/Libraries/libCVMSPluginSupport.dylib
0x0000000001c05000 	/System/Library/Frameworks/OpenGL.framework/Versions/A/Libraries/libCoreVMClient.dylib
0x0000000001c05000 	/usr/lib/libcompression.dylib
0x0000000001c05000 	/usr/lib/libcups.2.dylib
0x0000000001c05000 	/System/Library/Frameworks/Kerberos.framework/Versions/A/Kerberos
0x0000000001c05000 	/System/Library/Frameworks/GSS.framework/Versions/A/GSS
0x0000000001c05000 	/usr/lib/libresolv.9.dylib
0x0000000001c05000 	/usr/lib/libiconv.2.dylib
0x0000000001c05000 	/System/Library/PrivateFrameworks/Heimdal.framework/Versions/A/Heimdal
0x0000000001c05000 	/usr/lib/libheimdal-asn1.dylib
0x0000000001c05000 	/System/Library/Frameworks/OpenDirectory.framework/Versions/A/OpenDirectory
0x0000000001c05000 	/System/Library/PrivateFrameworks/CommonAuth.framework/Versions/A/CommonAuth
0x0000000001c05000 	/System/Library/Frameworks/OpenDirectory.framework/Versions/A/Frameworks/CFOpenDirectory.framework/Versions/A/CFOpenDirectory
0x0000000001c05000 	/System/Library/Frameworks/SecurityFoundation.framework/Versions/A/SecurityFoundation
0x0000000001c05000 	/System/Library/PrivateFrameworks/LanguageModeling.framework/Versions/A/LanguageModeling
0x0000000001c05000 	/usr/lib/libmarisa.dylib
0x0000000001c05000 	/usr/lib/libChineseTokenizer.dylib
0x0000000001c05000 	/usr/lib/libcmph.dylib
0x0000000001c05000 	/System/Library/Frameworks/ServiceManagement.framework/Versions/A/ServiceManagement
0x0000000001c05000 	/usr/lib/libxslt.1.dylib
0x0000000001c05000 	/System/Library/Frameworks/Carbon.framework/Versions/A/Frameworks/Ink.framework/Versions/A/Ink
0x0000000001c05000 	/usr/lib/libFosl_dynamic.dylib
0x0000000001c05000 	/System/Library/PrivateFrameworks/FaceCore.framework/Versions/A/FaceCore
0x0000000001c05000 	/System/Library/Frameworks/OpenCL.framework/Versions/A/OpenCL
0x0000000001c05000 	/System/Library/PrivateFrameworks/CrashReporterSupport.framework/Versions/A/CrashReporterSupport
0x0000000001c05000 	/System/Library/PrivateFrameworks/IconServices.framework/Versions/A/IconServices
0x0000000001c05000 	/System/Library/PrivateFrameworks/Apple80211.framework/Versions/A/Apple80211
0x0000000001c05000 	/System/Library/Frameworks/CoreWLAN.framework/Versions/A/CoreWLAN
0x0000000001c05000 	/System/Library/Frameworks/IOBluetooth.framework/Versions/A/IOBluetooth
0x0000000001c05000 	/System/Library/PrivateFrameworks/CoreWiFi.framework/Versions/A/CoreWiFi
0x0000000001c05000 	/System/Library/Frameworks/CoreBluetooth.framework/Versions/A/CoreBluetooth
0x0000000001c05000 	/System/Library/PrivateFrameworks/ChunkingLibrary.framework/Versions/A/ChunkingLibrary
0x0000000001c05000 	/System/Library/PrivateFrameworks/DebugSymbols.framework/Versions/A/DebugSymbols
0x0000000001c05000 	/System/Library/PrivateFrameworks/CoreSymbolication.framework/Versions/A/CoreSymbolication
0x0000000001c05000 	/System/Library/PrivateFrameworks/Symbolication.framework/Versions/A/Symbolication
0x0000000001c05000 	/System/Library/PrivateFrameworks/SpeechRecognitionCore.framework/Versions/A/SpeechRecognitionCore
0x0000000100ee8000 	/Library/Java/JavaVirtualMachines/jdk1.8.0_65.jdk/Contents/Home/jre/lib/server/libjvm.dylib
0x0000000001c05000 	/usr/lib/libstdc++.6.dylib
0x0000000101e75000 	/Library/Java/JavaVirtualMachines/jdk1.8.0_65.jdk/Contents/Home/jre/lib/libverify.dylib
0x0000000101e83000 	/Library/Java/JavaVirtualMachines/jdk1.8.0_65.jdk/Contents/Home/jre/lib/libjava.dylib
0x0000000101ec2000 	/Library/Java/JavaVirtualMachines/jdk1.8.0_65.jdk/Contents/Home/jre/lib/libzip.dylib
0x0000000118041000 	/System/Library/Frameworks/JavaVM.framework/Frameworks/JavaRuntimeSupport.framework/JavaRuntimeSupport
0x000000011805c000 	/System/Library/Frameworks/JavaVM.framework/Versions/A/Frameworks/JavaNativeFoundation.framework/Versions/A/JavaNativeFoundation
0x0000000101fed000 	/System/Library/Frameworks/JavaVM.framework/Versions/A/JavaVM
0x0000000001c05000 	/System/Library/Frameworks/Carbon.framework/Versions/A/Carbon
0x0000000118071000 	/System/Library/PrivateFrameworks/JavaLaunching.framework/Versions/A/JavaLaunching
0x0000000001c05000 	/System/Library/Frameworks/Carbon.framework/Versions/A/Frameworks/CommonPanels.framework/Versions/A/CommonPanels
0x0000000001c05000 	/System/Library/Frameworks/Carbon.framework/Versions/A/Frameworks/Help.framework/Versions/A/Help
0x0000000001c05000 	/System/Library/Frameworks/Carbon.framework/Versions/A/Frameworks/ImageCapture.framework/Versions/A/ImageCapture
0x0000000001c05000 	/System/Library/Frameworks/Carbon.framework/Versions/A/Frameworks/OpenScripting.framework/Versions/A/OpenScripting
0x0000000001c05000 	/System/Library/Frameworks/Carbon.framework/Versions/A/Frameworks/Print.framework/Versions/A/Print
0x0000000001c05000 	/System/Library/Frameworks/Carbon.framework/Versions/A/Frameworks/SecurityHI.framework/Versions/A/SecurityHI
0x00000001199f7000 	/Library/Java/JavaVirtualMachines/jdk1.8.0_65.jdk/Contents/Home/jre/lib/libawt.dylib
0x0000000119a9f000 	/Library/Java/JavaVirtualMachines/jdk1.8.0_65.jdk/Contents/Home/jre/lib/./libmlib_image.dylib
0x0000000119b6b000 	/Library/Java/JavaVirtualMachines/jdk1.8.0_65.jdk/Contents/Home/jre/lib/libawt_lwawt.dylib
0x0000000119c20000 	/Library/Java/JavaVirtualMachines/jdk1.8.0_65.jdk/Contents/Home/jre/lib/./libosxapp.dylib
0x0000000001c05000 	/System/Library/Frameworks/ExceptionHandling.framework/Versions/A/ExceptionHandling
0x0000000001c05000 	/System/Library/PrivateFrameworks/CoreServicesInternal.framework/Versions/A/CoreServicesInternal
0x0000000001c05000 	/System/Library/Frameworks/CoreGraphics.framework/Versions/A/Resources/libRIP.A.dylib
0x0000000001c05000 	/System/Library/Frameworks/Accelerate.framework/Versions/A/Frameworks/vImage.framework/Versions/A/Libraries/libCGInterfaces.dylib
0x0000000001c05000 	/System/Library/Frameworks/CoreGraphics.framework/Versions/A/Resources/libCGXType.A.dylib
0x0000000001c05000 	/System/Library/Frameworks/OpenCL.framework/Versions/A/Libraries/libcldcpuengine.dylib
0x0000000001c05000 	/System/Library/PrivateFrameworks/DiskImages.framework/Versions/A/DiskImages
0x0000000001c05000 	/System/Library/Frameworks/DiscRecording.framework/Versions/A/DiscRecording
0x0000000001c05000 	/usr/lib/libcsfde.dylib
0x0000000001c05000 	/usr/lib/libcurl.4.dylib
0x0000000001c05000 	/System/Library/PrivateFrameworks/MediaKit.framework/Versions/A/MediaKit
0x0000000001c05000 	/System/Library/PrivateFrameworks/ProtectedCloudStorage.framework/Versions/A/ProtectedCloudStorage
0x0000000001c05000 	/usr/lib/libCoreStorage.dylib
0x0000000001c05000 	/System/Library/PrivateFrameworks/EFILogin.framework/Versions/A/EFILogin
0x0000000001c05000 	/usr/lib/libutil.dylib
0x0000000001c05000 	/System/Library/PrivateFrameworks/FindMyDevice.framework/Versions/A/FindMyDevice
0x0000000001c05000 	/System/Library/Frameworks/LDAP.framework/Versions/A/LDAP
0x0000000001c05000 	/usr/lib/libsasl2.2.dylib
0x0000000001c05000 	/System/Library/PrivateFrameworks/CoreDaemon.framework/Versions/B/CoreDaemon
0x0000000001c05000 	/usr/lib/libcrypto.0.9.8.dylib
0x0000000001c05000 	/System/Library/PrivateFrameworks/AppleSRP.framework/Versions/A/AppleSRP
0x0000000001c05000 	/System/Library/PrivateFrameworks/TrustEvaluationAgent.framework/Versions/A/TrustEvaluationAgent
0x000000011b9c5000 	cl_kernels
0x0000000001c05000 	/System/Library/Frameworks/OpenCL.framework/Versions/A/Libraries/ImageFormats/unorm8_bgra.dylib
0x0000000001c05000 	/System/Library/Frameworks/OpenCL.framework/Versions/A/Libraries/ImageFormats/unorm8_rgba.dylib
0x0000000001c05000 	/System/Library/PrivateFrameworks/FamilyControls.framework/Versions/A/FamilyControls
0x0000000001c05000 	/System/Library/PrivateFrameworks/CommerceKit.framework/Versions/A/Frameworks/CommerceCore.framework/Versions/A/CommerceCore
0x0000000001c05000 	/System/Library/PrivateFrameworks/SystemAdministration.framework/Versions/A/SystemAdministration
0x0000000001c05000 	/System/Library/PrivateFrameworks/AppContainer.framework/Versions/A/AppContainer
0x0000000001c05000 	/System/Library/PrivateFrameworks/SecCodeWrapper.framework/Versions/A/SecCodeWrapper
0x0000000001c05000 	/System/Library/Frameworks/DirectoryService.framework/Versions/A/DirectoryService
0x0000000001c05000 	/System/Library/PrivateFrameworks/LoginUIKit.framework/Versions/A/Frameworks/LoginUICore.framework/Versions/A/LoginUICore
0x0000000001c05000 	/usr/lib/libodfde.dylib
0x000000011caa0000 	/Library/Java/JavaVirtualMachines/jdk1.8.0_65.jdk/Contents/Home/jre/lib/libfontmanager.dylib
0x000000011cb07000 	/Users/williamallen/Downloads/slick (1)/liblwjgl.dylib
0x000000011adc8000 	/Library/Java/JavaVirtualMachines/jdk1.8.0_65.jdk/Contents/Home/jre/lib/libjawt.dylib
0x0000000001c05000 	/System/Library/Frameworks/OpenGL.framework/Versions/A/Resources/GLEngine.bundle/GLEngine
0x0000000001c05000 	/System/Library/Frameworks/OpenGL.framework/Versions/A/Libraries/libGLProgrammability.dylib
0x000000011cb89000 	/System/Library/Extensions/AppleIntelBDWGraphicsGLDriver.bundle/Contents/MacOS/AppleIntelBDWGraphicsGLDriver
0x0000000001c05000 	/System/Library/PrivateFrameworks/GPUSupport.framework/Versions/A/Libraries/libGPUSupportMercury.dylib
0x0000000001c05000 	/System/Library/Frameworks/OpenGL.framework/Versions/A/Resources/GLRendererFloat.bundle/GLRendererFloat
0x000000011b9b8000 	/Users/williamallen/Downloads/slick (1)/libjinput-osx.dylib
0x000000011eb73000 	/System/Library/Extensions/IOHIDFamily.kext/Contents/PlugIns/IOHIDLib.plugin/Contents/MacOS/IOHIDLib

VM Arguments:
jvm_args: -Djava.library.path=/Users/williamallen/Downloads/slick (1) -Dfile.encoding=UTF-8 
java_command: Main
java_class_path (initial): /Users/williamallen/Documents/myGames/Wiz/bin:/Users/williamallen/Documents/myGames/Wiz/lib/ibxm.jar:/Users/williamallen/Documents/myGames/Wiz/lib/jinput.jar:/Users/williamallen/Documents/myGames/Wiz/lib/jnlp.jar:/Users/williamallen/Documents/myGames/Wiz/lib/jogg-0.0.7.jar:/Users/williamallen/Documents/myGames/Wiz/lib/jorbis-0.0.15.jar:/Users/williamallen/Documents/myGames/Wiz/lib/lwjgl_util_applet.jar:/Users/williamallen/Documents/myGames/Wiz/lib/lwjgl_util.jar:/Users/williamallen/Documents/myGames/Wiz/lib/lwjgl.jar:/Users/williamallen/Documents/myGames/Wiz/lib/natives-linux.jar:/Users/williamallen/Documents/myGames/Wiz/lib/natives-mac.jar:/Users/williamallen/Documents/myGames/Wiz/lib/natives-windows.jar:/Users/williamallen/Documents/myGames/Wiz/lib/slick-examples.jar:/Users/williamallen/Documents/myGames/Wiz/lib/slick.jar:/Users/williamallen/Documents/myGames/Wiz/lib/tinylinepp.jar
Launcher Type: SUN_STANDARD

Environment Variables:
PATH=/usr/bin:/bin:/usr/sbin:/sbin
SHELL=/bin/bash
DISPLAY=/private/tmp/com.apple.launchd.Osqslh9dPF/org.macosforge.xquartz:0

Signal Handlers:
SIGSEGV: [libjvm.dylib+0x5a6d31], sa_mask[0]=11111111011111110111111111111111, sa_flags=SA_ONSTACK|SA_RESTART|SA_SIGINFO
SIGBUS: [libjvm.dylib+0x5a6d31], sa_mask[0]=11111111011111110111111111111111, sa_flags=SA_RESTART|SA_SIGINFO
SIGFPE: [libjvm.dylib+0x480a40], sa_mask[0]=11111111011111110111111111111111, sa_flags=SA_RESTART|SA_SIGINFO
SIGPIPE: [libjvm.dylib+0x480a40], sa_mask[0]=11111111011111110111111111111111, sa_flags=SA_RESTART|SA_SIGINFO
SIGXFSZ: [libjvm.dylib+0x480a40], sa_mask[0]=11111111011111110111111111111111, sa_flags=SA_RESTART|SA_SIGINFO
SIGILL: [libjvm.dylib+0x480a40], sa_mask[0]=11111111011111110111111111111111, sa_flags=SA_RESTART|SA_SIGINFO
SIGUSR1: SIG_DFL, sa_mask[0]=00000000000000000000000000000000, sa_flags=none
SIGUSR2: [libjvm.dylib+0x48055e], sa_mask[0]=00100000000000000000000000000000, sa_flags=SA_RESTART|SA_SIGINFO
SIGHUP: [libjvm.dylib+0x47eb35], sa_mask[0]=11111111011111110111111111111111, sa_flags=SA_RESTART|SA_SIGINFO
SIGINT: [libjvm.dylib+0x47eb35], sa_mask[0]=11111111011111110111111111111111, sa_flags=SA_RESTART|SA_SIGINFO
SIGTERM: [libjvm.dylib+0x47eb35], sa_mask[0]=11111111011111110111111111111111, sa_flags=SA_RESTART|SA_SIGINFO
SIGQUIT: [libjvm.dylib+0x47eb35], sa_mask[0]=11111111011111110111111111111111, sa_flags=SA_RESTART|SA_SIGINFO


---------------  S Y S T E M  ---------------

OS:Bsduname:Darwin 15.6.0 Darwin Kernel Version 15.6.0: Thu Jun 23 18:25:34 PDT 2016; root:xnu-3248.60.10~1/RELEASE_X86_64 x86_64
rlimit: STACK 8192k, CORE 0k, NPROC 709, NOFILE 10240, AS infinity
load average:2.82 2.22 1.81

CPU:total 4 (2 cores per cpu, 2 threads per core) family 6 model 61 stepping 4, cmov, cx8, fxsr, mmx, sse, sse2, sse3, ssse3, sse4.1, sse4.2, popcnt, avx, avx2, aes, clmul, erms, 3dnowpref, lzcnt, ht, tsc, tscinvbit, bmi1, bmi2, adx

Memory: 4k page, physical 8388608k(140700k free)

/proc/meminfo:


vm_info: Java HotSpot(TM) 64-Bit Server VM (25.65-b01) for bsd-amd64 JRE (1.8.0_65-b17), built on Oct  6 2015 15:36:46 by "java_re" with gcc 4.2.1 (Based on Apple Inc. build 5658) (LLVM build 2336.11.00)

time: Thu Nov 17 15:30:32 2016
elapsed time: 80 seconds (0d 0h 1m 20s)

