#
# A fatal error has been detected by the Java Runtime Environment:
#
#  SIGSEGV (0xb) at pc=0x00007fff937cf388, pid=2003, tid=2571
#
# JRE version: Java(TM) SE Runtime Environment (8.0_65-b17) (build 1.8.0_65-b17)
# Java VM: Java HotSpot(TM) 64-Bit Server VM (25.65-b01 mixed mode bsd-amd64 compressed oops)
# Problematic frame:
# C  [OpenGL+0x3388]  glcGetIOAccelService+0x971
#
# Failed to write core dump. Core dumps have been disabled. To enable core dumping, try "ulimit -c unlimited" before starting Java again
#
# If you would like to submit a bug report, please visit:
#   http://bugreport.java.com/bugreport/crash.jsp
# The crash happened outside the Java Virtual Machine in native code.
# See problematic frame for where to report the bug.
#

---------------  T H R E A D  ---------------

Current thread (0x00007fc812906000):  JavaThread "AppKit Thread" daemon [_thread_in_native, id=2571, stack(0x00007fff5bb65000,0x00007fff5c365000)]

siginfo: si_signo: 11 (SIGSEGV), si_code: 1 (SEGV_MAPERR), si_addr: 0x0000000000001f2f

Registers:
RAX=0x0000000000000001, RBX=0xffffffffffffffff, RCX=0x00007fc812458938, RDX=0x00007fc812794bc0
RSP=0x00007fff5c35fd50, RBP=0x00007fff5c35fd60, RSI=0x00007fff937cf86f, RDI=0x00007fff7c565dc0
R8 =0x000000000000003f, R9 =0x00007fc8124719f0, R10=0x00000000ffffffff, R11=0x00007fff8e285114
R12=0x00007fc812794bc0, R13=0x00007fc8124719f0, R14=0xffffffffffffffff, R15=0x0000000000000000
RIP=0x00007fff937cf388, EFLAGS=0x0000000000010286, ERR=0x0000000000000004
  TRAPNO=0x000000000000000e

Top of Stack: (sp=0x00007fff5c35fd50)
0x00007fff5c35fd50:   0000000000000010 00007fff5c35fdd8
0x00007fff5c35fd60:   00007fff5c35fd90 00007fff937d2770
0x00007fff5c35fd70:   00007fff5c35fdd8 00007fc812794bc0
0x00007fff5c35fd80:   00007fc812458930 0000000000000000
0x00007fff5c35fd90:   00007fff5c35fda0 00007fff900f4bbc
0x00007fff5c35fda0:   00007fff5c35fdc0 00007fff900f4b4f
0x00007fff5c35fdb0:   0000000000000000 0000000000000000
0x00007fff5c35fdc0:   00007fff5c35fe30 00007fff900f4ac7
0x00007fff5c35fdd0:   00007fff5c35fe00 00007fff7b99e0a0
0x00007fff5c35fde0:   0000000042000000 00007fff900f4b10
0x00007fff5c35fdf0:   00007fff7bec6720 00007fc8124719f0
0x00007fff5c35fe00:   00007fc812794bc0 00007fff5c3605d8
0x00007fff5c35fe10:   00007fff7bff3780 00007fff5c3605d8
0x00007fff5c35fe20:   00007fc8124719f0 00007fff904b49e2
0x00007fff5c35fe30:   00007fff5c35fe70 00007fff900f4832
0x00007fff5c35fe40:   00007fff5c360450 0000000000000001
0x00007fff5c35fe50:   00007fff7bff3780 00007fff5c3605d8
0x00007fff5c35fe60:   00007fff8ca5a4c0 00007fff904b49e2
0x00007fff5c35fe70:   00007fff5c360580 00007fff900b15e2
0x00007fff5c35fe80:   00007fc812537500 ffff8037edac8b00
0x00007fff5c35fe90:   00007fff7b6aed00 00007fc812411db0
0x00007fff5c35fea0:   00007fc8128090b8 00007fc812459e70
0x00007fff5c35feb0:   0000000000000000 0000000000000000
0x00007fff5c35fec0:   0000000000000000 00007fc81245acc0
0x00007fff5c35fed0:   00007fff7bf03bc0 00007fff5c360450
0x00007fff5c35fee0:   0000000000000002 0000000000000100
0x00007fff5c35fef0:   00007fff5c35ff00 00007fff5c360350
0x00007fff5c35ff00:   0000000000000000 0000000000000100
0x00007fff5c35ff10:   00007fff5c35ff00 00007fff7bff3780
0x00007fff5c35ff20:   0000000000000000 00007fff7bec7500
0x00007fff5c35ff30:   00007fff7bff3780 0000000000000000
0x00007fff5c35ff40:   00007fff7bec7500 00007fff7b6aed00 

Instructions: (pc=0x00007fff937cf388)
0x00007fff937cf368:   e5 53 50 48 89 fb 48 8d 3d 4b 6a d9 e8 48 8d 35
0x00007fff937cf378:   f3 04 00 00 e8 2d 9f 00 00 48 85 db 74 0e b0 01
0x00007fff937cf388:   81 bb 30 1f 00 00 43 18 7f 1b 74 18 48 8d 05 cd
0x00007fff937cf398:   6a d9 e8 80 38 00 74 0a bf 14 27 00 00 e8 a1 54 

Register to memory mapping:

RAX=0x0000000000000001 is an unknown value
RBX=0xffffffffffffffff is an unknown value
RCX=0x00007fc812458938 is an unknown value
RDX=0x00007fc812794bc0 is an unknown value
RSP=0x00007fff5c35fd50 is pointing into the stack for thread: 0x00007fc812906000
RBP=0x00007fff5c35fd60 is pointing into the stack for thread: 0x00007fc812906000
RSI=0x00007fff937cf86f: glcGetIOAccelService+0xe58 in /System/Library/Frameworks/OpenGL.framework/Versions/A/OpenGL at 0x00007fff937cc000
RDI=0x00007fff7c565dc0: <offset 0xe8d99dc0> in /System/Library/Frameworks/OpenGL.framework/Versions/A/OpenGL at 0x00007fff937cc000
R8 =0x000000000000003f is an unknown value
R9 =0x00007fc8124719f0 is an unknown value
R10=0x00000000ffffffff is an unknown value
R11=0x00007fff8e285114: -[NSOpenGLContext _surfaceWillGoAway:]+0 in /System/Library/Frameworks/AppKit.framework/Versions/C/AppKit at 0x00007fff8df2c000
R12=0x00007fc812794bc0 is an unknown value
R13=0x00007fc8124719f0 is an unknown value
R14=0xffffffffffffffff is an unknown value
R15=0x0000000000000000 is an unknown value


Stack: [0x00007fff5bb65000,0x00007fff5c365000],  sp=0x00007fff5c35fd50,  free space=8171k
Native frames: (J=compiled Java code, j=interpreted, Vv=VM code, C=native code)
C  [OpenGL+0x3388]  glcGetIOAccelService+0x971
C  [OpenGL+0x6770]  CGLClearDrawable+0x13
C  [CoreFoundation+0xa0bbc]  __CFNOTIFICATIONCENTER_IS_CALLING_OUT_TO_AN_OBSERVER__+0xc
C  [CoreFoundation+0xa0b4f]  ___CFXRegistrationPost_block_invoke+0x3f
C  [CoreFoundation+0xa0ac7]  _CFXRegistrationPost+0x197
C  [CoreFoundation+0xa0832]  ___CFXNotificationPost_block_invoke+0x32
C  [CoreFoundation+0x5d5e2]  -[_CFXNotificationRegistrar find:object:observer:enumerator:]+0x782
C  [CoreFoundation+0x5c835]  _CFXNotificationPost+0x2b5
C  [Foundation+0x717a]  -[NSNotificationCenter postNotificationName:object:userInfo:]+0x42
C  [AppKit+0x26526e]  -[NSSurface _disposeSurface]+0xa9
C  [AppKit+0x264cc7]  -[NSSurface setWindow:]+0x42
C  [AppKit+0x28ba7]  -[NSView _setWindow:]+0x9be
C  [AppKit+0x2b993]  -[NSView removeFromSuperview]+0x1d7
C  [AppKit+0x155c7b]  -[NSView removeFromSuperviewWithoutNeedingDisplay]+0x26
C  [liblwjgl.dylib+0xa205]  +[MacOSXKeyableWindow destroyWindow]+0xb5
C  [Foundation+0x76fde]  __NSThreadPerformPerform+0x117
C  [CoreFoundation+0xaa881]  __CFRUNLOOP_IS_CALLING_OUT_TO_A_SOURCE0_PERFORM_FUNCTION__+0x11
C  [CoreFoundation+0x89fbc]  __CFRunLoopDoSources0+0x22c
C  [CoreFoundation+0x894df]  __CFRunLoopRun+0x39f
C  [CoreFoundation+0x88ed8]  CFRunLoopRunSpecific+0x128
C  [HIToolbox+0x30935]  RunCurrentEventLoopInMode+0xeb
C  [HIToolbox+0x3076f]  ReceiveNextEventCommon+0x1b0
C  [HIToolbox+0x305af]  _BlockUntilNextEventMatchingListInModeWithFilter+0x47
C  [AppKit+0x48df6]  _DPSNextEvent+0x42b
C  [AppKit+0x48226]  -[NSApplication _nextEventMatchingEventMask:untilDate:inMode:dequeue:]+0x1c6
C  [libosxapp.dylib+0x23aa]  -[NSApplicationAWT nextEventMatchingMask:untilDate:inMode:dequeue:]+0x7c
C  [AppKit+0x3cd80]  -[NSApplication run]+0x2aa
C  [libosxapp.dylib+0x214d]  +[NSApplicationAWT runAWTLoopWithApp:]+0x9c
C  [libawt_lwawt.dylib+0x44517]  -[AWTStarter starter:]+0x389
C  [Foundation+0x76fde]  __NSThreadPerformPerform+0x117
C  [CoreFoundation+0xaa881]  __CFRUNLOOP_IS_CALLING_OUT_TO_A_SOURCE0_PERFORM_FUNCTION__+0x11
C  [CoreFoundation+0x89fbc]  __CFRunLoopDoSources0+0x22c
C  [CoreFoundation+0x894df]  __CFRunLoopRun+0x39f
C  [CoreFoundation+0x88ed8]  CFRunLoopRunSpecific+0x128
C  [java+0x6463]  CreateExecutionEnvironment+0x367
C  [java+0x21ac]  JLI_Launch+0x7a0
C  [java+0x84c0]  main+0x65
C  [java+0x1a04]  start+0x34
C  0x0000000000000006


---------------  P R O C E S S  ---------------

Java Threads: ( => current thread )
  0x00007fc81308d800 JavaThread "AWT-Shutdown" [_thread_blocked, id=53343, stack(0x00007000011d3000,0x00007000012d3000)]
=>0x00007fc812906000 JavaThread "AppKit Thread" daemon [_thread_in_native, id=2571, stack(0x00007fff5bb65000,0x00007fff5c365000)]
  0x00007fc814027800 JavaThread "Service Thread" daemon [_thread_blocked, id=18691, stack(0x0000700000e44000,0x0000700000f44000)]
  0x00007fc814026800 JavaThread "C1 CompilerThread2" daemon [_thread_blocked, id=18179, stack(0x0000700000d41000,0x0000700000e41000)]
  0x00007fc814046800 JavaThread "C2 CompilerThread1" daemon [_thread_blocked, id=17667, stack(0x0000700000c3e000,0x0000700000d3e000)]
  0x00007fc814025000 JavaThread "C2 CompilerThread0" daemon [_thread_blocked, id=17155, stack(0x0000700000b3b000,0x0000700000c3b000)]
  0x00007fc814046000 JavaThread "Signal Dispatcher" daemon [_thread_blocked, id=12815, stack(0x0000700000a38000,0x0000700000b38000)]
  0x00007fc813007000 JavaThread "Finalizer" daemon [_thread_blocked, id=12291, stack(0x000070000082f000,0x000070000092f000)]
  0x00007fc813002000 JavaThread "Reference Handler" daemon [_thread_blocked, id=11779, stack(0x000070000072c000,0x000070000082c000)]
  0x00007fc81280b000 JavaThread "main" [_thread_in_native, id=5891, stack(0x000070000011a000,0x000070000021a000)]

Other Threads:
  0x00007fc81403d800 VMThread [stack: 0x0000700000629000,0x0000700000729000] [id=11267]
  0x00007fc813839800 WatcherThread [stack: 0x0000700000f47000,0x0000700001047000] [id=19203]

VM state:not at safepoint (normal execution)

VM Mutex/Monitor currently owned by a thread: None

Heap:
 PSYoungGen      total 38400K, used 21121K [0x0000000795580000, 0x0000000798000000, 0x00000007c0000000)
  eden space 33280K, 63% used [0x0000000795580000,0x0000000796a20610,0x0000000797600000)
  from space 5120K, 0% used [0x0000000797b00000,0x0000000797b00000,0x0000000798000000)
  to   space 5120K, 0% used [0x0000000797600000,0x0000000797600000,0x0000000797b00000)
 ParOldGen       total 87552K, used 0K [0x0000000740000000, 0x0000000745580000, 0x0000000795580000)
  object space 87552K, 0% used [0x0000000740000000,0x0000000740000000,0x0000000745580000)
 Metaspace       used 8505K, capacity 8687K, committed 8960K, reserved 1056768K
  class space    used 861K, capacity 922K, committed 1024K, reserved 1048576K

Card table byte_map: [0x0000000114749000,0x0000000114b4a000] byte_map_base: 0x0000000110d49000

Marking Bits: (ParMarkBitMap*) 0x0000000104cdee20
 Begin Bits: [0x0000000114df5000, 0x0000000116df5000)
 End Bits:   [0x0000000116df5000, 0x0000000118df5000)

Polling page: 0x0000000103b5e000

CodeCache: size=245760Kb used=3647Kb max_used=3657Kb free=242112Kb
 bounds [0x0000000105389000, 0x0000000105729000, 0x0000000114389000]
 total_blobs=1314 nmethods=909 adapters=319
 compilation: enabled

Compilation events (10 events):
Event: 13.947 Thread 0x00007fc814025000  905   !   4       org.lwjgl.opengl.Display::isFullscreen (34 bytes)
Event: 13.948 Thread 0x00007fc814025000 nmethod 905 0x000000010571a090 code [0x000000010571a1e0, 0x000000010571a418]
Event: 15.047 Thread 0x00007fc814026800  906  s    3       org.lwjgl.opengl.MacOSXNativeMouse::mouseMoved (138 bytes)
Event: 15.047 Thread 0x00007fc814026800 nmethod 906 0x0000000105717d90 code [0x0000000105717fa0, 0x0000000105718828]
Event: 15.312 Thread 0x00007fc814046800  907       4       java.nio.DirectIntBufferU::put (18 bytes)
Event: 15.312 Thread 0x00007fc814046800 nmethod 907 0x000000010571b450 code [0x000000010571b5a0, 0x000000010571b658]
Event: 15.319 Thread 0x00007fc814025000  908   !   4       org.lwjgl.opengl.Display::isActive (38 bytes)
Event: 15.321 Thread 0x00007fc814025000 nmethod 908 0x0000000105717790 code [0x0000000105717900, 0x0000000105717c68]
Event: 17.964 Thread 0x00007fc814026800  909   !   3       java.util.zip.Inflater::finished (19 bytes)
Event: 17.964 Thread 0x00007fc814026800 nmethod 909 0x0000000105717250 code [0x00000001057173c0, 0x00000001057176b0]

GC Heap History (0 events):
No events

Deoptimization events (2 events):
Event: 0.181 Thread 0x00007fc81280b000 Uncommon trap: reason=unstable_if action=reinterpret pc=0x00000001054c0c80 method=java.lang.String.indexOf(II)I @ 49
Event: 1.270 Thread 0x00007fc81280b000 Uncommon trap: reason=unstable_if action=reinterpret pc=0x00000001055f5ad8 method=java.lang.String.regionMatches(ZILjava/lang/String;II)Z @ 123

Internal exceptions (10 events):
Event: 0.113 Thread 0x00007fc81280b000 Exception <a 'java/security/PrivilegedActionException'> (0x000000079578aa38) thrown at [/Users/java_re/workspace/8-2-build-macosx-x86_64/jdk8u65/4987/hotspot/src/share/vm/prims/jvm.cpp, line 1386]
Event: 0.113 Thread 0x00007fc81280b000 Exception <a 'java/security/PrivilegedActionException'> (0x000000079578ac48) thrown at [/Users/java_re/workspace/8-2-build-macosx-x86_64/jdk8u65/4987/hotspot/src/share/vm/prims/jvm.cpp, line 1386]
Event: 0.165 Thread 0x00007fc81280b000 Exception <a 'java/security/PrivilegedActionException'> (0x00000007958bab18) thrown at [/Users/java_re/workspace/8-2-build-macosx-x86_64/jdk8u65/4987/hotspot/src/share/vm/prims/jvm.cpp, line 1386]
Event: 0.165 Thread 0x00007fc81280b000 Exception <a 'java/security/PrivilegedActionException'> (0x00000007958bad28) thrown at [/Users/java_re/workspace/8-2-build-macosx-x86_64/jdk8u65/4987/hotspot/src/share/vm/prims/jvm.cpp, line 1386]
Event: 0.165 Thread 0x00007fc81280b000 Exception <a 'java/security/PrivilegedActionException'> (0x00000007958be1b0) thrown at [/Users/java_re/workspace/8-2-build-macosx-x86_64/jdk8u65/4987/hotspot/src/share/vm/prims/jvm.cpp, line 1386]
Event: 0.165 Thread 0x00007fc81280b000 Exception <a 'java/security/PrivilegedActionException'> (0x00000007958be3c0) thrown at [/Users/java_re/workspace/8-2-build-macosx-x86_64/jdk8u65/4987/hotspot/src/share/vm/prims/jvm.cpp, line 1386]
Event: 0.213 Thread 0x00007fc81280b000 Exception <a 'java/lang/NoSuchFieldError': method resolution failed> (0x000000079598cb90) thrown at [/Users/java_re/workspace/8-2-build-macosx-x86_64/jdk8u65/4987/hotspot/src/share/vm/prims/methodHandles.cpp, line 1146]
Event: 0.216 Thread 0x00007fc81280b000 Exception <a 'java/lang/NoSuchFieldError': method resolution failed> (0x000000079599a2e0) thrown at [/Users/java_re/workspace/8-2-build-macosx-x86_64/jdk8u65/4987/hotspot/src/share/vm/prims/methodHandles.cpp, line 1146]
Event: 0.393 Thread 0x00007fc81280b000 Exception <a 'java/io/FileNotFoundException'> (0x0000000795a154a8) thrown at [/Users/java_re/workspace/8-2-build-macosx-x86_64/jdk8u65/4987/hotspot/src/share/vm/prims/jni.cpp, line 709]
Event: 0.393 Thread 0x00007fc81280b000 Exception <a 'java/io/FileNotFoundException'> (0x0000000795a16028) thrown at [/Users/java_re/workspace/8-2-build-macosx-x86_64/jdk8u65/4987/hotspot/src/share/vm/prims/jni.cpp, line 709]

Events (10 events):
Event: 11.533 Executing VM operation: RevokeBias done
Event: 11.533 Thread 0x00007fc8141cb800 Thread exited: 0x00007fc8141cb800
Event: 13.421 Thread 0x00007fc813a39800 Thread added: 0x00007fc813a39800
Event: 13.422 Executing VM operation: RevokeBias
Event: 13.422 Executing VM operation: RevokeBias done
Event: 14.621 Executing VM operation: RevokeBias
Event: 14.621 Executing VM operation: RevokeBias done
Event: 14.621 Thread 0x00007fc813a39800 Thread exited: 0x00007fc813a39800
Event: 17.963 loading class org/lwjgl/opengl/CallbackUtil
Event: 17.963 loading class org/lwjgl/opengl/CallbackUtil done


Dynamic libraries:
0x000000000b365000 	/System/Library/Frameworks/Cocoa.framework/Versions/A/Cocoa
0x000000000b365000 	/System/Library/Frameworks/Security.framework/Versions/A/Security
0x000000000b365000 	/System/Library/Frameworks/ApplicationServices.framework/Versions/A/ApplicationServices
0x000000000b365000 	/usr/lib/libz.1.dylib
0x000000000b365000 	/usr/lib/libSystem.B.dylib
0x000000000b365000 	/usr/lib/libobjc.A.dylib
0x000000000b365000 	/System/Library/Frameworks/CoreFoundation.framework/Versions/A/CoreFoundation
0x000000000b365000 	/System/Library/Frameworks/Foundation.framework/Versions/C/Foundation
0x000000000b365000 	/System/Library/Frameworks/AppKit.framework/Versions/C/AppKit
0x000000000b365000 	/System/Library/Frameworks/CoreData.framework/Versions/A/CoreData
0x000000000b365000 	/System/Library/PrivateFrameworks/RemoteViewServices.framework/Versions/A/RemoteViewServices
0x000000000b365000 	/System/Library/PrivateFrameworks/UIFoundation.framework/Versions/A/UIFoundation
0x000000000b365000 	/usr/lib/libScreenReader.dylib
0x000000000b365000 	/System/Library/Frameworks/Accelerate.framework/Versions/A/Accelerate
0x000000000b365000 	/System/Library/Frameworks/IOSurface.framework/Versions/A/IOSurface
0x000000000b365000 	/System/Library/Frameworks/AudioToolbox.framework/Versions/A/AudioToolbox
0x000000000b365000 	/System/Library/Frameworks/AudioUnit.framework/Versions/A/AudioUnit
0x000000000b365000 	/System/Library/PrivateFrameworks/DataDetectorsCore.framework/Versions/A/DataDetectorsCore
0x000000000b365000 	/System/Library/PrivateFrameworks/DesktopServicesPriv.framework/Versions/A/DesktopServicesPriv
0x000000000b365000 	/System/Library/Frameworks/Carbon.framework/Versions/A/Frameworks/HIToolbox.framework/Versions/A/HIToolbox
0x000000000b365000 	/System/Library/Frameworks/QuartzCore.framework/Versions/A/QuartzCore
0x000000000b365000 	/System/Library/Frameworks/Carbon.framework/Versions/A/Frameworks/SpeechRecognition.framework/Versions/A/SpeechRecognition
0x000000000b365000 	/usr/lib/libauto.dylib
0x000000000b365000 	/usr/lib/libicucore.A.dylib
0x000000000b365000 	/usr/lib/libxml2.2.dylib
0x000000000b365000 	/System/Library/PrivateFrameworks/CoreUI.framework/Versions/A/CoreUI
0x000000000b365000 	/System/Library/Frameworks/CoreAudio.framework/Versions/A/CoreAudio
0x000000000b365000 	/System/Library/Frameworks/DiskArbitration.framework/Versions/A/DiskArbitration
0x000000000b365000 	/usr/lib/liblangid.dylib
0x000000000b365000 	/System/Library/PrivateFrameworks/MultitouchSupport.framework/Versions/A/MultitouchSupport
0x000000000b365000 	/System/Library/Frameworks/IOKit.framework/Versions/A/IOKit
0x000000000b365000 	/usr/lib/libDiagnosticMessagesClient.dylib
0x000000000b365000 	/System/Library/Frameworks/CoreServices.framework/Versions/A/CoreServices
0x000000000b365000 	/System/Library/PrivateFrameworks/PerformanceAnalysis.framework/Versions/A/PerformanceAnalysis
0x000000000b365000 	/System/Library/PrivateFrameworks/GenerationalStorage.framework/Versions/A/GenerationalStorage
0x000000000b365000 	/System/Library/Frameworks/OpenGL.framework/Versions/A/OpenGL
0x000000000b365000 	/System/Library/PrivateFrameworks/Sharing.framework/Versions/A/Sharing
0x000000000b365000 	/System/Library/Frameworks/CoreGraphics.framework/Versions/A/CoreGraphics
0x000000000b365000 	/System/Library/Frameworks/CoreImage.framework/Versions/A/CoreImage
0x000000000b365000 	/System/Library/Frameworks/CoreText.framework/Versions/A/CoreText
0x000000000b365000 	/System/Library/Frameworks/ImageIO.framework/Versions/A/ImageIO
0x000000000b365000 	/System/Library/PrivateFrameworks/Backup.framework/Versions/A/Backup
0x000000000b365000 	/usr/lib/libextension.dylib
0x000000000b365000 	/usr/lib/libarchive.2.dylib
0x000000000b365000 	/System/Library/Frameworks/CFNetwork.framework/Versions/A/CFNetwork
0x000000000b365000 	/System/Library/Frameworks/SystemConfiguration.framework/Versions/A/SystemConfiguration
0x000000000b365000 	/usr/lib/libCRFSuite.dylib
0x000000000b365000 	/usr/lib/libc++.1.dylib
0x000000000b365000 	/usr/lib/libc++abi.dylib
0x000000000b365000 	/usr/lib/system/libcache.dylib
0x000000000b365000 	/usr/lib/system/libcommonCrypto.dylib
0x000000000b365000 	/usr/lib/system/libcompiler_rt.dylib
0x000000000b365000 	/usr/lib/system/libcopyfile.dylib
0x000000000b365000 	/usr/lib/system/libcorecrypto.dylib
0x000000000b365000 	/usr/lib/system/libdispatch.dylib
0x000000000b365000 	/usr/lib/system/libdyld.dylib
0x000000000b365000 	/usr/lib/system/libkeymgr.dylib
0x000000000b365000 	/usr/lib/system/liblaunch.dylib
0x000000000b365000 	/usr/lib/system/libmacho.dylib
0x000000000b365000 	/usr/lib/system/libquarantine.dylib
0x000000000b365000 	/usr/lib/system/libremovefile.dylib
0x000000000b365000 	/usr/lib/system/libsystem_asl.dylib
0x000000000b365000 	/usr/lib/system/libsystem_blocks.dylib
0x000000000b365000 	/usr/lib/system/libsystem_c.dylib
0x000000000b365000 	/usr/lib/system/libsystem_configuration.dylib
0x000000000b365000 	/usr/lib/system/libsystem_coreservices.dylib
0x000000000b365000 	/usr/lib/system/libsystem_coretls.dylib
0x000000000b365000 	/usr/lib/system/libsystem_dnssd.dylib
0x000000000b365000 	/usr/lib/system/libsystem_info.dylib
0x000000000b365000 	/usr/lib/system/libsystem_kernel.dylib
0x000000000b365000 	/usr/lib/system/libsystem_m.dylib
0x000000000b365000 	/usr/lib/system/libsystem_malloc.dylib
0x000000000b365000 	/usr/lib/system/libsystem_network.dylib
0x000000000b365000 	/usr/lib/system/libsystem_networkextension.dylib
0x000000000b365000 	/usr/lib/system/libsystem_notify.dylib
0x000000000b365000 	/usr/lib/system/libsystem_platform.dylib
0x000000000b365000 	/usr/lib/system/libsystem_pthread.dylib
0x000000000b365000 	/usr/lib/system/libsystem_sandbox.dylib
0x000000000b365000 	/usr/lib/system/libsystem_secinit.dylib
0x000000000b365000 	/usr/lib/system/libsystem_trace.dylib
0x000000000b365000 	/usr/lib/system/libunc.dylib
0x000000000b365000 	/usr/lib/system/libunwind.dylib
0x000000000b365000 	/usr/lib/system/libxpc.dylib
0x000000000b365000 	/usr/lib/libenergytrace.dylib
0x000000000b365000 	/usr/lib/libbsm.0.dylib
0x000000000b365000 	/usr/lib/system/libkxld.dylib
0x000000000b365000 	/usr/lib/libxar.1.dylib
0x000000000b365000 	/usr/lib/libsqlite3.dylib
0x000000000b365000 	/usr/lib/libpam.2.dylib
0x000000000b365000 	/usr/lib/libOpenScriptingUtil.dylib
0x000000000b365000 	/usr/lib/libbz2.1.0.dylib
0x000000000b365000 	/usr/lib/liblzma.5.dylib
0x000000000b365000 	/System/Library/Frameworks/CoreServices.framework/Versions/A/Frameworks/FSEvents.framework/Versions/A/FSEvents
0x000000000b365000 	/System/Library/Frameworks/CoreServices.framework/Versions/A/Frameworks/CarbonCore.framework/Versions/A/CarbonCore
0x000000000b365000 	/System/Library/Frameworks/CoreServices.framework/Versions/A/Frameworks/Metadata.framework/Versions/A/Metadata
0x000000000b365000 	/System/Library/Frameworks/CoreServices.framework/Versions/A/Frameworks/OSServices.framework/Versions/A/OSServices
0x000000000b365000 	/System/Library/Frameworks/CoreServices.framework/Versions/A/Frameworks/SearchKit.framework/Versions/A/SearchKit
0x000000000b365000 	/System/Library/Frameworks/CoreServices.framework/Versions/A/Frameworks/AE.framework/Versions/A/AE
0x000000000b365000 	/System/Library/Frameworks/CoreServices.framework/Versions/A/Frameworks/LaunchServices.framework/Versions/A/LaunchServices
0x000000000b365000 	/System/Library/Frameworks/CoreServices.framework/Versions/A/Frameworks/DictionaryServices.framework/Versions/A/DictionaryServices
0x000000000b365000 	/System/Library/Frameworks/CoreServices.framework/Versions/A/Frameworks/SharedFileList.framework/Versions/A/SharedFileList
0x000000000b365000 	/System/Library/Frameworks/NetFS.framework/Versions/A/NetFS
0x000000000b365000 	/System/Library/PrivateFrameworks/NetAuth.framework/Versions/A/NetAuth
0x000000000b365000 	/System/Library/PrivateFrameworks/login.framework/Versions/A/Frameworks/loginsupport.framework/Versions/A/loginsupport
0x000000000b365000 	/System/Library/PrivateFrameworks/TCC.framework/Versions/A/TCC
0x000000000b365000 	/usr/lib/libmecabra.dylib
0x000000000b365000 	/System/Library/Frameworks/ApplicationServices.framework/Versions/A/Frameworks/ATS.framework/Versions/A/ATS
0x000000000b365000 	/System/Library/Frameworks/ApplicationServices.framework/Versions/A/Frameworks/ColorSync.framework/Versions/A/ColorSync
0x000000000b365000 	/System/Library/Frameworks/ApplicationServices.framework/Versions/A/Frameworks/HIServices.framework/Versions/A/HIServices
0x000000000b365000 	/System/Library/Frameworks/ApplicationServices.framework/Versions/A/Frameworks/LangAnalysis.framework/Versions/A/LangAnalysis
0x000000000b365000 	/System/Library/Frameworks/ApplicationServices.framework/Versions/A/Frameworks/PrintCore.framework/Versions/A/PrintCore
0x000000000b365000 	/System/Library/Frameworks/ApplicationServices.framework/Versions/A/Frameworks/QD.framework/Versions/A/QD
0x000000000b365000 	/System/Library/Frameworks/ApplicationServices.framework/Versions/A/Frameworks/SpeechSynthesis.framework/Versions/A/SpeechSynthesis
0x000000000b365000 	/System/Library/Frameworks/Metal.framework/Versions/A/Metal
0x000000000b365000 	/System/Library/Frameworks/Accelerate.framework/Versions/A/Frameworks/vImage.framework/Versions/A/vImage
0x000000000b365000 	/System/Library/Frameworks/Accelerate.framework/Versions/A/Frameworks/vecLib.framework/Versions/A/vecLib
0x000000000b365000 	/System/Library/Frameworks/Accelerate.framework/Versions/A/Frameworks/vecLib.framework/Versions/A/libvDSP.dylib
0x000000000b365000 	/System/Library/Frameworks/Accelerate.framework/Versions/A/Frameworks/vecLib.framework/Versions/A/libvMisc.dylib
0x000000000b365000 	/System/Library/Frameworks/Accelerate.framework/Versions/A/Frameworks/vecLib.framework/Versions/A/libLAPACK.dylib
0x000000000b365000 	/System/Library/Frameworks/Accelerate.framework/Versions/A/Frameworks/vecLib.framework/Versions/A/libBLAS.dylib
0x000000000b365000 	/System/Library/Frameworks/Accelerate.framework/Versions/A/Frameworks/vecLib.framework/Versions/A/libLinearAlgebra.dylib
0x000000000b365000 	/System/Library/Frameworks/Accelerate.framework/Versions/A/Frameworks/vecLib.framework/Versions/A/libSparseBLAS.dylib
0x000000000b365000 	/System/Library/PrivateFrameworks/GPUCompiler.framework/libmetal_timestamp.dylib
0x000000000b365000 	/System/Library/Frameworks/OpenGL.framework/Versions/A/Libraries/libCoreFSCache.dylib
0x000000000b365000 	/System/Library/PrivateFrameworks/IOAccelerator.framework/Versions/A/IOAccelerator
0x000000000b365000 	/System/Library/Frameworks/ApplicationServices.framework/Versions/A/Frameworks/ATS.framework/Versions/A/Resources/libFontParser.dylib
0x000000000b365000 	/System/Library/Frameworks/ApplicationServices.framework/Versions/A/Frameworks/ATS.framework/Versions/A/Resources/libFontRegistry.dylib
0x000000000b365000 	/System/Library/PrivateFrameworks/AppleVPA.framework/Versions/A/AppleVPA
0x000000000b365000 	/System/Library/PrivateFrameworks/AppleJPEG.framework/Versions/A/AppleJPEG
0x000000000b365000 	/System/Library/Frameworks/ImageIO.framework/Versions/A/Resources/libJPEG.dylib
0x000000000b365000 	/System/Library/Frameworks/ImageIO.framework/Versions/A/Resources/libTIFF.dylib
0x000000000b365000 	/System/Library/Frameworks/ImageIO.framework/Versions/A/Resources/libPng.dylib
0x000000000b365000 	/System/Library/Frameworks/ImageIO.framework/Versions/A/Resources/libGIF.dylib
0x000000000b365000 	/System/Library/Frameworks/ImageIO.framework/Versions/A/Resources/libJP2.dylib
0x000000000b365000 	/System/Library/Frameworks/ImageIO.framework/Versions/A/Resources/libRadiance.dylib
0x000000000b365000 	/System/Library/Frameworks/CoreVideo.framework/Versions/A/CoreVideo
0x000000000b365000 	/System/Library/Frameworks/OpenGL.framework/Versions/A/Libraries/libGLU.dylib
0x000000000b365000 	/System/Library/Frameworks/OpenGL.framework/Versions/A/Libraries/libGFXShared.dylib
0x000000000b365000 	/System/Library/Frameworks/OpenGL.framework/Versions/A/Libraries/libGL.dylib
0x000000000b365000 	/System/Library/Frameworks/OpenGL.framework/Versions/A/Libraries/libGLImage.dylib
0x000000000b365000 	/System/Library/Frameworks/OpenGL.framework/Versions/A/Libraries/libCVMSPluginSupport.dylib
0x000000000b365000 	/System/Library/Frameworks/OpenGL.framework/Versions/A/Libraries/libCoreVMClient.dylib
0x000000000b365000 	/usr/lib/libcompression.dylib
0x000000000b365000 	/usr/lib/libcups.2.dylib
0x000000000b365000 	/System/Library/Frameworks/Kerberos.framework/Versions/A/Kerberos
0x000000000b365000 	/System/Library/Frameworks/GSS.framework/Versions/A/GSS
0x000000000b365000 	/usr/lib/libresolv.9.dylib
0x000000000b365000 	/usr/lib/libiconv.2.dylib
0x000000000b365000 	/System/Library/PrivateFrameworks/Heimdal.framework/Versions/A/Heimdal
0x000000000b365000 	/usr/lib/libheimdal-asn1.dylib
0x000000000b365000 	/System/Library/Frameworks/OpenDirectory.framework/Versions/A/OpenDirectory
0x000000000b365000 	/System/Library/PrivateFrameworks/CommonAuth.framework/Versions/A/CommonAuth
0x000000000b365000 	/System/Library/Frameworks/OpenDirectory.framework/Versions/A/Frameworks/CFOpenDirectory.framework/Versions/A/CFOpenDirectory
0x000000000b365000 	/System/Library/Frameworks/SecurityFoundation.framework/Versions/A/SecurityFoundation
0x000000000b365000 	/System/Library/PrivateFrameworks/LanguageModeling.framework/Versions/A/LanguageModeling
0x000000000b365000 	/usr/lib/libmarisa.dylib
0x000000000b365000 	/usr/lib/libChineseTokenizer.dylib
0x000000000b365000 	/usr/lib/libcmph.dylib
0x000000000b365000 	/System/Library/Frameworks/ServiceManagement.framework/Versions/A/ServiceManagement
0x000000000b365000 	/usr/lib/libxslt.1.dylib
0x000000000b365000 	/System/Library/Frameworks/Carbon.framework/Versions/A/Frameworks/Ink.framework/Versions/A/Ink
0x000000000b365000 	/usr/lib/libFosl_dynamic.dylib
0x000000000b365000 	/System/Library/PrivateFrameworks/FaceCore.framework/Versions/A/FaceCore
0x000000000b365000 	/System/Library/Frameworks/OpenCL.framework/Versions/A/OpenCL
0x000000000b365000 	/System/Library/PrivateFrameworks/CrashReporterSupport.framework/Versions/A/CrashReporterSupport
0x000000000b365000 	/System/Library/PrivateFrameworks/IconServices.framework/Versions/A/IconServices
0x000000000b365000 	/System/Library/PrivateFrameworks/Apple80211.framework/Versions/A/Apple80211
0x000000000b365000 	/System/Library/Frameworks/CoreWLAN.framework/Versions/A/CoreWLAN
0x000000000b365000 	/System/Library/Frameworks/IOBluetooth.framework/Versions/A/IOBluetooth
0x000000000b365000 	/System/Library/PrivateFrameworks/CoreWiFi.framework/Versions/A/CoreWiFi
0x000000000b365000 	/System/Library/Frameworks/CoreBluetooth.framework/Versions/A/CoreBluetooth
0x000000000b365000 	/System/Library/PrivateFrameworks/ChunkingLibrary.framework/Versions/A/ChunkingLibrary
0x000000000b365000 	/System/Library/PrivateFrameworks/DebugSymbols.framework/Versions/A/DebugSymbols
0x000000000b365000 	/System/Library/PrivateFrameworks/CoreSymbolication.framework/Versions/A/CoreSymbolication
0x000000000b365000 	/System/Library/PrivateFrameworks/Symbolication.framework/Versions/A/Symbolication
0x000000000b365000 	/System/Library/PrivateFrameworks/SpeechRecognitionCore.framework/Versions/A/SpeechRecognitionCore
0x0000000104400000 	/Library/Java/JavaVirtualMachines/jdk1.8.0_65.jdk/Contents/Home/jre/lib/server/libjvm.dylib
0x000000000b365000 	/usr/lib/libstdc++.6.dylib
0x0000000103b1b000 	/Library/Java/JavaVirtualMachines/jdk1.8.0_65.jdk/Contents/Home/jre/lib/libverify.dylib
0x0000000103b29000 	/Library/Java/JavaVirtualMachines/jdk1.8.0_65.jdk/Contents/Home/jre/lib/libjava.dylib
0x0000000103b68000 	/Library/Java/JavaVirtualMachines/jdk1.8.0_65.jdk/Contents/Home/jre/lib/libzip.dylib
0x0000000103be2000 	/System/Library/Frameworks/JavaVM.framework/Frameworks/JavaRuntimeSupport.framework/JavaRuntimeSupport
0x000000011ac7b000 	/System/Library/Frameworks/JavaVM.framework/Versions/A/Frameworks/JavaNativeFoundation.framework/Versions/A/JavaNativeFoundation
0x000000011ac90000 	/System/Library/Frameworks/JavaVM.framework/Versions/A/JavaVM
0x000000000b365000 	/System/Library/Frameworks/Carbon.framework/Versions/A/Carbon
0x000000011ac9d000 	/System/Library/PrivateFrameworks/JavaLaunching.framework/Versions/A/JavaLaunching
0x000000000b365000 	/System/Library/Frameworks/Carbon.framework/Versions/A/Frameworks/CommonPanels.framework/Versions/A/CommonPanels
0x000000000b365000 	/System/Library/Frameworks/Carbon.framework/Versions/A/Frameworks/Help.framework/Versions/A/Help
0x000000000b365000 	/System/Library/Frameworks/Carbon.framework/Versions/A/Frameworks/ImageCapture.framework/Versions/A/ImageCapture
0x000000000b365000 	/System/Library/Frameworks/Carbon.framework/Versions/A/Frameworks/OpenScripting.framework/Versions/A/OpenScripting
0x000000000b365000 	/System/Library/Frameworks/Carbon.framework/Versions/A/Frameworks/Print.framework/Versions/A/Print
0x000000000b365000 	/System/Library/Frameworks/Carbon.framework/Versions/A/Frameworks/SecurityHI.framework/Versions/A/SecurityHI
0x000000011c626000 	/Library/Java/JavaVirtualMachines/jdk1.8.0_65.jdk/Contents/Home/jre/lib/libawt.dylib
0x000000011c6ce000 	/Library/Java/JavaVirtualMachines/jdk1.8.0_65.jdk/Contents/Home/jre/lib/./libmlib_image.dylib
0x000000011c79a000 	/Library/Java/JavaVirtualMachines/jdk1.8.0_65.jdk/Contents/Home/jre/lib/libawt_lwawt.dylib
0x000000011c84f000 	/Library/Java/JavaVirtualMachines/jdk1.8.0_65.jdk/Contents/Home/jre/lib/./libosxapp.dylib
0x000000000b365000 	/System/Library/Frameworks/ExceptionHandling.framework/Versions/A/ExceptionHandling
0x000000000b365000 	/System/Library/PrivateFrameworks/CoreServicesInternal.framework/Versions/A/CoreServicesInternal
0x000000000b365000 	/System/Library/Frameworks/CoreGraphics.framework/Versions/A/Resources/libRIP.A.dylib
0x000000000b365000 	/System/Library/Frameworks/Accelerate.framework/Versions/A/Frameworks/vImage.framework/Versions/A/Libraries/libCGInterfaces.dylib
0x000000000b365000 	/System/Library/Frameworks/CoreGraphics.framework/Versions/A/Resources/libCGXType.A.dylib
0x000000000b365000 	/System/Library/Frameworks/OpenCL.framework/Versions/A/Libraries/libcldcpuengine.dylib
0x000000000b365000 	/System/Library/PrivateFrameworks/DiskImages.framework/Versions/A/DiskImages
0x000000000b365000 	/System/Library/Frameworks/DiscRecording.framework/Versions/A/DiscRecording
0x000000000b365000 	/usr/lib/libcsfde.dylib
0x000000000b365000 	/usr/lib/libcurl.4.dylib
0x000000000b365000 	/System/Library/PrivateFrameworks/MediaKit.framework/Versions/A/MediaKit
0x000000000b365000 	/System/Library/PrivateFrameworks/ProtectedCloudStorage.framework/Versions/A/ProtectedCloudStorage
0x000000000b365000 	/usr/lib/libCoreStorage.dylib
0x000000000b365000 	/System/Library/PrivateFrameworks/EFILogin.framework/Versions/A/EFILogin
0x000000000b365000 	/usr/lib/libutil.dylib
0x000000000b365000 	/System/Library/PrivateFrameworks/FindMyDevice.framework/Versions/A/FindMyDevice
0x000000000b365000 	/System/Library/Frameworks/LDAP.framework/Versions/A/LDAP
0x000000000b365000 	/usr/lib/libsasl2.2.dylib
0x000000000b365000 	/System/Library/PrivateFrameworks/CoreDaemon.framework/Versions/B/CoreDaemon
0x000000000b365000 	/usr/lib/libcrypto.0.9.8.dylib
0x000000000b365000 	/System/Library/PrivateFrameworks/AppleSRP.framework/Versions/A/AppleSRP
0x000000000b365000 	/System/Library/PrivateFrameworks/TrustEvaluationAgent.framework/Versions/A/TrustEvaluationAgent
0x000000011e5f4000 	cl_kernels
0x000000000b365000 	/System/Library/Frameworks/OpenCL.framework/Versions/A/Libraries/ImageFormats/unorm8_bgra.dylib
0x000000000b365000 	/System/Library/Frameworks/OpenCL.framework/Versions/A/Libraries/ImageFormats/unorm8_rgba.dylib
0x000000000b365000 	/System/Library/PrivateFrameworks/FamilyControls.framework/Versions/A/FamilyControls
0x000000000b365000 	/System/Library/PrivateFrameworks/CommerceKit.framework/Versions/A/Frameworks/CommerceCore.framework/Versions/A/CommerceCore
0x000000000b365000 	/System/Library/PrivateFrameworks/SystemAdministration.framework/Versions/A/SystemAdministration
0x000000000b365000 	/System/Library/PrivateFrameworks/AppContainer.framework/Versions/A/AppContainer
0x000000000b365000 	/System/Library/PrivateFrameworks/SecCodeWrapper.framework/Versions/A/SecCodeWrapper
0x000000000b365000 	/System/Library/Frameworks/DirectoryService.framework/Versions/A/DirectoryService
0x000000000b365000 	/System/Library/PrivateFrameworks/LoginUIKit.framework/Versions/A/Frameworks/LoginUICore.framework/Versions/A/LoginUICore
0x000000000b365000 	/usr/lib/libodfde.dylib
0x000000011f6cf000 	/Library/Java/JavaVirtualMachines/jdk1.8.0_65.jdk/Contents/Home/jre/lib/libfontmanager.dylib
0x000000011f736000 	/Users/williamallen/Downloads/slick (1)/liblwjgl.dylib
0x000000011d9f7000 	/Library/Java/JavaVirtualMachines/jdk1.8.0_65.jdk/Contents/Home/jre/lib/libjawt.dylib
0x000000000b365000 	/System/Library/Frameworks/OpenGL.framework/Versions/A/Resources/GLEngine.bundle/GLEngine
0x000000000b365000 	/System/Library/Frameworks/OpenGL.framework/Versions/A/Libraries/libGLProgrammability.dylib
0x000000011f7b8000 	/System/Library/Extensions/AppleIntelBDWGraphicsGLDriver.bundle/Contents/MacOS/AppleIntelBDWGraphicsGLDriver
0x000000000b365000 	/System/Library/PrivateFrameworks/GPUSupport.framework/Versions/A/Libraries/libGPUSupportMercury.dylib
0x000000000b365000 	/System/Library/Frameworks/OpenGL.framework/Versions/A/Resources/GLRendererFloat.bundle/GLRendererFloat
0x000000011e5e7000 	/Users/williamallen/Downloads/slick (1)/libjinput-osx.dylib
0x0000000121798000 	/System/Library/Extensions/IOHIDFamily.kext/Contents/PlugIns/IOHIDLib.plugin/Contents/MacOS/IOHIDLib

VM Arguments:
jvm_args: -Djava.library.path=/Users/williamallen/Downloads/slick (1) -Dfile.encoding=UTF-8 
java_command: Main
java_class_path (initial): /Users/williamallen/Documents/myGames/Wiz/bin:/Users/williamallen/Documents/myGames/Wiz/lib/ibxm.jar:/Users/williamallen/Documents/myGames/Wiz/lib/jinput.jar:/Users/williamallen/Documents/myGames/Wiz/lib/jnlp.jar:/Users/williamallen/Documents/myGames/Wiz/lib/jogg-0.0.7.jar:/Users/williamallen/Documents/myGames/Wiz/lib/jorbis-0.0.15.jar:/Users/williamallen/Documents/myGames/Wiz/lib/lwjgl_util_applet.jar:/Users/williamallen/Documents/myGames/Wiz/lib/lwjgl_util.jar:/Users/williamallen/Documents/myGames/Wiz/lib/lwjgl.jar:/Users/williamallen/Documents/myGames/Wiz/lib/natives-linux.jar:/Users/williamallen/Documents/myGames/Wiz/lib/natives-mac.jar:/Users/williamallen/Documents/myGames/Wiz/lib/natives-windows.jar:/Users/williamallen/Documents/myGames/Wiz/lib/slick-examples.jar:/Users/williamallen/Documents/myGames/Wiz/lib/slick.jar:/Users/williamallen/Documents/myGames/Wiz/lib/tinylinepp.jar
Launcher Type: SUN_STANDARD

Environment Variables:
PATH=/usr/bin:/bin:/usr/sbin:/sbin
SHELL=/bin/bash
DISPLAY=/private/tmp/com.apple.launchd.zddCYXPGWm/org.macosforge.xquartz:0

Signal Handlers:
SIGSEGV: [libjvm.dylib+0x5a6d31], sa_mask[0]=11111111011111110111111111111111, sa_flags=SA_ONSTACK|SA_RESTART|SA_SIGINFO
SIGBUS: [libjvm.dylib+0x5a6d31], sa_mask[0]=11111111011111110111111111111111, sa_flags=SA_RESTART|SA_SIGINFO
SIGFPE: [libjvm.dylib+0x480a40], sa_mask[0]=11111111011111110111111111111111, sa_flags=SA_RESTART|SA_SIGINFO
SIGPIPE: [libjvm.dylib+0x480a40], sa_mask[0]=11111111011111110111111111111111, sa_flags=SA_RESTART|SA_SIGINFO
SIGXFSZ: [libjvm.dylib+0x480a40], sa_mask[0]=11111111011111110111111111111111, sa_flags=SA_RESTART|SA_SIGINFO
SIGILL: [libjvm.dylib+0x480a40], sa_mask[0]=11111111011111110111111111111111, sa_flags=SA_RESTART|SA_SIGINFO
SIGUSR1: SIG_DFL, sa_mask[0]=00000000000000000000000000000000, sa_flags=none
SIGUSR2: [libjvm.dylib+0x48055e], sa_mask[0]=00100000000000000000000000000000, sa_flags=SA_RESTART|SA_SIGINFO
SIGHUP: [libjvm.dylib+0x47eb35], sa_mask[0]=11111111011111110111111111111111, sa_flags=SA_RESTART|SA_SIGINFO
SIGINT: [libjvm.dylib+0x47eb35], sa_mask[0]=11111111011111110111111111111111, sa_flags=SA_RESTART|SA_SIGINFO
SIGTERM: [libjvm.dylib+0x47eb35], sa_mask[0]=11111111011111110111111111111111, sa_flags=SA_RESTART|SA_SIGINFO
SIGQUIT: [libjvm.dylib+0x47eb35], sa_mask[0]=11111111011111110111111111111111, sa_flags=SA_RESTART|SA_SIGINFO


---------------  S Y S T E M  ---------------

OS:Bsduname:Darwin 15.6.0 Darwin Kernel Version 15.6.0: Thu Jun 23 18:25:34 PDT 2016; root:xnu-3248.60.10~1/RELEASE_X86_64 x86_64
rlimit: STACK 8192k, CORE 0k, NPROC 709, NOFILE 10240, AS infinity
load average:1.75 1.86 1.94

CPU:total 4 (2 cores per cpu, 2 threads per core) family 6 model 61 stepping 4, cmov, cx8, fxsr, mmx, sse, sse2, sse3, ssse3, sse4.1, sse4.2, popcnt, avx, avx2, aes, clmul, erms, 3dnowpref, lzcnt, ht, tsc, tscinvbit, bmi1, bmi2, adx

Memory: 4k page, physical 8388608k(48768k free)

/proc/meminfo:


vm_info: Java HotSpot(TM) 64-Bit Server VM (25.65-b01) for bsd-amd64 JRE (1.8.0_65-b17), built on Oct  6 2015 15:36:46 by "java_re" with gcc 4.2.1 (Based on Apple Inc. build 5658) (LLVM build 2336.11.00)

time: Sun Nov  6 19:31:37 2016
elapsed time: 17 seconds (0d 0h 0m 17s)

