#
# A fatal error has been detected by the Java Runtime Environment:
#
#  SIGSEGV (0xb) at pc=0x00007fff83304330, pid=12853, tid=2571
#
# JRE version: Java(TM) SE Runtime Environment (8.0_65-b17) (build 1.8.0_65-b17)
# Java VM: Java HotSpot(TM) 64-Bit Server VM (25.65-b01 mixed mode bsd-amd64 compressed oops)
# Problematic frame:
# C  [libobjc.A.dylib+0xb330]  objc_storeWeak+0x112
#
# Failed to write core dump. Core dumps have been disabled. To enable core dumping, try "ulimit -c unlimited" before starting Java again
#
# If you would like to submit a bug report, please visit:
#   http://bugreport.java.com/bugreport/crash.jsp
# The crash happened outside the Java Virtual Machine in native code.
# See problematic frame for where to report the bug.
#

---------------  T H R E A D  ---------------

Current thread (0x00007fc5ec1ed800):  JavaThread "AppKit Thread" daemon [_thread_in_native, id=2571, stack(0x00007fff4fe32000,0x00007fff50632000)]

siginfo: si_signo: 11 (SIGSEGV), si_code: 1 (SEGV_MAPERR), si_addr: 0x0000000000000000

Registers:
RAX=0x00007fc5eb80a000, RBX=0x00007fff71f4ed00, RCX=0x0000000000000000, RDX=0x00007ffffffffff8
RSP=0x00007fff5062d1f0, RBP=0x00007fff5062d260, RSI=0x00007fc5eb80a000, RDI=0x00007fff71f4ed00
R8 =0x00007fff949eaa67, R9 =0x00007fc5eb763790, R10=0x0000000000000064, R11=0x0000000000000014
R12=0x00007fc5eb787050, R13=0x0000000000000000, R14=0x00007fff71f4ff80, R15=0x0000000000000000
RIP=0x00007fff83304330, EFLAGS=0x0000000000010206, ERR=0x0000000000000004
  TRAPNO=0x000000000000000e

Top of Stack: (sp=0x00007fff5062d1f0)
0x00007fff5062d1f0:   ffff803a1489c870 00007fc5eb786f10
0x00007fff5062d200:   0000000000001280 0000000000000000
0x00007fff5062d210:   0000000000000000 0000000000000000
0x00007fff5062d220:   00007fc5eb556570 0000000000000025
0x00007fff5062d230:   0000000000000002 00007fc5eb763790
0x00007fff5062d240:   0000000000000000 00007fc5eb740a80
0x00007fff5062d250:   00007fc5eb786f10 00007fc5eb556570
0x00007fff5062d260:   00007fff5062d2a0 00007fff949e4973
0x00007fff5062d270:   00007fc5eb763790 0000000000000000
0x00007fff5062d280:   00007fc5eb556570 00007fff832fa4c0
0x00007fff5062d290:   00007fc5eb763790 00007fff725f3388
0x00007fff5062d2a0:   00007fff5062d2d0 00007fff84b11f6a
0x00007fff5062d2b0:   00007fff5062d348 00007fff832fa4c0
0x00007fff5062d2c0:   00007fc5eb556570 00007fc5eb763790
0x00007fff5062d2d0:   00007fff5062d300 00007fff84e516dd
0x00007fff5062d2e0:   0000000000000000 0000000000000094
0x00007fff5062d2f0:   00007fff5062d348 0000000000000001
0x00007fff5062d300:   00007fff5062d330 00007fff8494f325
0x00007fff5062d310:   00007fc5eb763790 00007fc5eb556570
0x00007fff5062d320:   00007fc5eb763790 0000000000000000
0x00007fff5062d330:   00007fff5062d390 00007fff84b11c0d
0x00007fff5062d340:   0000000000000000 00007fff7223e0a0
0x00007fff5062d350:   0000000042000000 00007fff84e51607
0x00007fff5062d360:   00007fff7235f9e0 0000000000000000
0x00007fff5062d370:   00007fc5eb556570 00007fc5eb763790
0x00007fff5062d380:   00007fc5eb763790 00007fc5eb556570
0x00007fff5062d390:   00007fff5062d3c0 000000012b473586
0x00007fff5062d3a0:   00007fc5eb763790 000000012b4a7c60
0x00007fff5062d3b0:   00007fc5eb740a80 00007fc5eb763790
0x00007fff5062d3c0:   00007fff5062d8a0 00007fff84974797
0x00007fff5062d3d0:   0000000000000000 0000000000000000
0x00007fff5062d3e0:   4089000000000000 4082c00000000000 

Instructions: (pc=0x00007fff83304330)
0x00007fff83304310:   0d 8b e2 b8 ee 48 8b 34 c1 48 8b 45 b8 48 39 c6
0x00007fff83304320:   74 48 48 8b 46 20 48 89 c1 48 21 d1 48 8b 49 08
0x00007fff83304330:   f6 01 01 75 0a 48 8b 06 48 21 d0 48 8b 40 20 48
0x00007fff83304340:   21 d0 f6 40 03 20 75 22 49 89 f7 48 89 df e8 6d 

Register to memory mapping:

RAX=0x00007fc5eb80a000 is a thread
RBX=0x00007fff71f4ed00: _ZN12_GLOBAL__N_1L12SideTableBufE+0 in /usr/lib/libobjc.A.dylib at 0x00007fff832f9000
RCX=0x0000000000000000 is an unknown value
RDX=0x00007ffffffffff8 is an unknown value
RSP=0x00007fff5062d1f0 is pointing into the stack for thread: 0x00007fc5ec1ed800
RBP=0x00007fff5062d260 is pointing into the stack for thread: 0x00007fc5ec1ed800
RSI=0x00007fc5eb80a000 is a thread
RDI=0x00007fff71f4ed00: _ZN12_GLOBAL__N_1L12SideTableBufE+0 in /usr/lib/libobjc.A.dylib at 0x00007fff832f9000
R8 =0x00007fff949eaa67: storeARCWeakAt+0 in /System/Library/Frameworks/Foundation.framework/Versions/C/Foundation at 0x00007fff949cb000
R9 =0x00007fc5eb763790 is an unknown value
R10=0x0000000000000064 is an unknown value
R11=0x0000000000000014 is an unknown value
R12=0x00007fc5eb787050 is an unknown value
R13=0x0000000000000000 is an unknown value
R14=0x00007fff71f4ff80: _ZN12_GLOBAL__N_1L12SideTableBufE+0x1280 in /usr/lib/libobjc.A.dylib at 0x00007fff832f9000
R15=0x0000000000000000 is an unknown value


Stack: [0x00007fff4fe32000,0x00007fff50632000],  sp=0x00007fff5062d1f0,  free space=8172k
Native frames: (J=compiled Java code, j=interpreted, Vv=VM code, C=native code)
C  [libobjc.A.dylib+0xb330]  objc_storeWeak+0x112
C  [Foundation+0x19973]  -[NSConcreteMapTable setObject:forKey:]+0x6e
C  [AppKit+0x345f6a]  -[NSView(NSOpenGLContextAssociation) _setOpenGLContext:]+0xf2
C  [AppKit+0x6856dd]  __27-[NSOpenGLContext setView:]_block_invoke+0xd6
C  [AppKit+0x183325]  NSPerformVisuallyAtomicChange+0x93
C  [AppKit+0x345c0d]  -[NSOpenGLContext setView:]+0x77
C  [liblwjgl.dylib+0xa586]  -[MacOSXOpenGLView lockFocus]+0x76
C  [AppKit+0x1a8797]  -[NSView _recursiveDisplayRectIfNeededIgnoringOpacity:isVisibleRect:rectIsVisibleRectForView:topView:]+0x6e2
C  [AppKit+0x1a9785]  -[NSView _recursiveDisplayRectIfNeededIgnoringOpacity:isVisibleRect:rectIsVisibleRectForView:topView:]+0x16d0
C  [AppKit+0x1a7be0]  -[NSThemeFrame _recursiveDisplayRectIfNeededIgnoringOpacity:isVisibleRect:rectIsVisibleRectForView:topView:]+0x14e
C  [AppKit+0x1a5feb]  -[NSView _displayRectIgnoringOpacity:isVisibleRect:rectIsVisibleRectForView:]+0x991
C  [AppKit+0x1a13f5]  -[NSView displayIfNeeded]+0x79e
C  [AppKit+0x1a0c3c]  -[NSWindow displayIfNeeded]+0xe8
C  [AppKit+0x82541b]  ___NSWindowGetDisplayCycleObserver_block_invoke6365+0x1dc
C  [AppKit+0x1a05d6]  __37+[NSDisplayCycle currentDisplayCycle]_block_invoke+0x3ad
C  [QuartzCore+0x10f71]  _ZN2CA11Transaction19run_commit_handlersE18CATransactionPhase+0x55
C  [QuartzCore+0x1042c]  _ZN2CA7Context18commit_transactionEPNS_11TransactionE+0xa0
C  [QuartzCore+0x100ec]  _ZN2CA11Transaction6commitEv+0x1fc
C  [QuartzCore+0x1b977]  _ZN2CA11Transaction17observer_callbackEP19__CFRunLoopObservermPv+0x47
C  [CoreFoundation+0xaa067]  __CFRUNLOOP_IS_CALLING_OUT_TO_AN_OBSERVER_CALLBACK_FUNCTION__+0x17
C  [CoreFoundation+0xa9fd7]  __CFRunLoopDoObservers+0x187
C  [CoreFoundation+0x88ef8]  CFRunLoopRunSpecific+0x148
C  [HIToolbox+0x30935]  RunCurrentEventLoopInMode+0xeb
C  [HIToolbox+0x30677]  ReceiveNextEventCommon+0xb8
C  [HIToolbox+0x305af]  _BlockUntilNextEventMatchingListInModeWithFilter+0x47
C  [AppKit+0x48df6]  _DPSNextEvent+0x42b
C  [AppKit+0x48226]  -[NSApplication _nextEventMatchingEventMask:untilDate:inMode:dequeue:]+0x1c6
C  [libosxapp.dylib+0x23aa]  -[NSApplicationAWT nextEventMatchingMask:untilDate:inMode:dequeue:]+0x7c
C  [AppKit+0x3cd80]  -[NSApplication run]+0x2aa
C  [libosxapp.dylib+0x214d]  +[NSApplicationAWT runAWTLoopWithApp:]+0x9c
C  [libawt_lwawt.dylib+0x44517]  -[AWTStarter starter:]+0x389
C  [Foundation+0x76fde]  __NSThreadPerformPerform+0x117
C  [CoreFoundation+0xaa881]  __CFRUNLOOP_IS_CALLING_OUT_TO_A_SOURCE0_PERFORM_FUNCTION__+0x11
C  [CoreFoundation+0x89fbc]  __CFRunLoopDoSources0+0x22c
C  [CoreFoundation+0x894df]  __CFRunLoopRun+0x39f
C  [CoreFoundation+0x88ed8]  CFRunLoopRunSpecific+0x128
C  [java+0x6463]  CreateExecutionEnvironment+0x367
C  [java+0x21ac]  JLI_Launch+0x7a0
C  [java+0x84c0]  main+0x65
C  [java+0x1a04]  start+0x34
C  0x0000000000000006


---------------  P R O C E S S  ---------------

Java Threads: ( => current thread )
  0x00007fc5ec889800 JavaThread "AWT-Shutdown" [_thread_blocked, id=29971, stack(0x00007000011d3000,0x00007000012d3000)]
=>0x00007fc5ec1ed800 JavaThread "AppKit Thread" daemon [_thread_in_native, id=2571, stack(0x00007fff4fe32000,0x00007fff50632000)]
  0x00007fc5ec039000 JavaThread "Service Thread" daemon [_thread_blocked, id=18691, stack(0x0000700000ec7000,0x0000700000fc7000)]
  0x00007fc5ed012000 JavaThread "C1 CompilerThread2" daemon [_thread_blocked, id=18179, stack(0x0000700000dc4000,0x0000700000ec4000)]
  0x00007fc5ed011800 JavaThread "C2 CompilerThread1" daemon [_thread_blocked, id=17667, stack(0x0000700000cc1000,0x0000700000dc1000)]
  0x00007fc5ec80e800 JavaThread "C2 CompilerThread0" daemon [_thread_blocked, id=17155, stack(0x0000700000bbe000,0x0000700000cbe000)]
  0x00007fc5ec800800 JavaThread "Signal Dispatcher" daemon [_thread_blocked, id=16403, stack(0x0000700000abb000,0x0000700000bbb000)]
  0x00007fc5ec028000 JavaThread "Finalizer" daemon [_thread_blocked, id=11779, stack(0x000070000082f000,0x000070000092f000)]
  0x00007fc5ec027000 JavaThread "Reference Handler" daemon [_thread_blocked, id=11267, stack(0x000070000072c000,0x000070000082c000)]
  0x00007fc5eb80a000 JavaThread "main" [_thread_in_native, id=4099, stack(0x0000700000084000,0x0000700000184000)]

Other Threads:
  0x00007fc5ed034000 VMThread [stack: 0x0000700000629000,0x0000700000729000] [id=10755]
  0x00007fc5eb816800 WatcherThread [stack: 0x0000700000fca000,0x00007000010ca000] [id=19203]

VM state:not at safepoint (normal execution)

VM Mutex/Monitor currently owned by a thread: None

Heap:
 PSYoungGen      total 38400K, used 22831K [0x0000000795580000, 0x0000000798000000, 0x00000007c0000000)
  eden space 33280K, 68% used [0x0000000795580000,0x0000000796bcbd58,0x0000000797600000)
  from space 5120K, 0% used [0x0000000797b00000,0x0000000797b00000,0x0000000798000000)
  to   space 5120K, 0% used [0x0000000797600000,0x0000000797600000,0x0000000797b00000)
 ParOldGen       total 87552K, used 0K [0x0000000740000000, 0x0000000745580000, 0x0000000795580000)
  object space 87552K, 0% used [0x0000000740000000,0x0000000740000000,0x0000000745580000)
 Metaspace       used 8778K, capacity 8943K, committed 9216K, reserved 1056768K
  class space    used 877K, capacity 922K, committed 1024K, reserved 1048576K

Card table byte_map: [0x00000001205c0000,0x00000001209c1000] byte_map_base: 0x000000011cbc0000

Marking Bits: (ParMarkBitMap*) 0x0000000110128e20
 Begin Bits: [0x0000000120c6c000, 0x0000000122c6c000)
 End Bits:   [0x0000000122c6c000, 0x0000000124c6c000)

Polling page: 0x0000000110816000

CodeCache: size=245760Kb used=4399Kb max_used=4410Kb free=241360Kb
 bounds [0x0000000111200000, 0x0000000111660000, 0x0000000120200000]
 total_blobs=1545 nmethods=1131 adapters=328
 compilation: enabled

Compilation events (10 events):
Event: 8.956 Thread 0x00007fc5ec80e800 1127       4       java.nio.DirectIntBufferU::put (18 bytes)
Event: 8.957 Thread 0x00007fc5ec80e800 nmethod 1127 0x0000000111650810 code [0x0000000111650960, 0x0000000111650a18]
Event: 8.960 Thread 0x00007fc5ed011800 1128   !   4       org.lwjgl.opengl.Display::isActive (38 bytes)
Event: 8.961 Thread 0x00007fc5ed011800 nmethod 1128 0x000000011164d090 code [0x000000011164d200, 0x000000011164d568]
Event: 9.826 Thread 0x00007fc5ec80e800 1129       4       java.util.ArrayList::clear (39 bytes)
Event: 9.827 Thread 0x00007fc5ec80e800 nmethod 1129 0x0000000111646bd0 code [0x0000000111646d20, 0x0000000111646db8]
Event: 9.840 Thread 0x00007fc5ed011800 1130   !   4       org.lwjgl.opengl.Display::isFullscreen (34 bytes)
Event: 9.842 Thread 0x00007fc5ed011800 nmethod 1130 0x0000000111652090 code [0x00000001116521e0, 0x0000000111652418]
Event: 10.123 Thread 0x00007fc5ed012000 1131       1       org.newdawn.slick.BasicGame::isAcceptingInput (2 bytes)
Event: 10.123 Thread 0x00007fc5ed012000 nmethod 1131 0x0000000111651dd0 code [0x0000000111651f20, 0x0000000111652030]

GC Heap History (0 events):
No events

Deoptimization events (6 events):
Event: 0.194 Thread 0x00007fc5eb80a000 Uncommon trap: reason=unstable_if action=reinterpret pc=0x0000000111335200 method=java.lang.String.indexOf(II)I @ 49
Event: 1.308 Thread 0x00007fc5eb80a000 Uncommon trap: reason=unstable_if action=reinterpret pc=0x0000000111470f18 method=java.lang.String.regionMatches(ZILjava/lang/String;II)Z @ 123
Event: 1.373 Thread 0x00007fc5eb80a000 Uncommon trap: reason=unstable_if action=reinterpret pc=0x00000001114e4180 method=org.newdawn.slick.geom.Rectangle.intersects(Lorg/newdawn/slick/geom/Shape;)Z @ 43
Event: 2.258 Thread 0x00007fc5eb80a000 Uncommon trap: reason=unstable_if action=reinterpret pc=0x00000001114f4df4 method=org.newdawn.slick.particles.Particle.inUse()Z @ 6
Event: 2.908 Thread 0x00007fc5eb80a000 Uncommon trap: reason=unstable_if action=reinterpret pc=0x000000011151147c method=org.newdawn.slick.particles.Particle.inUse()Z @ 6
Event: 2.908 Thread 0x00007fc5eb80a000 Uncommon trap: reason=unstable_if action=reinterpret pc=0x0000000111512b64 method=org.newdawn.slick.particles.Particle.inUse()Z @ 6

Internal exceptions (10 events):
Event: 0.116 Thread 0x00007fc5eb80a000 Exception <a 'java/security/PrivilegedActionException'> (0x000000079578aa38) thrown at [/Users/java_re/workspace/8-2-build-macosx-x86_64/jdk8u65/4987/hotspot/src/share/vm/prims/jvm.cpp, line 1386]
Event: 0.116 Thread 0x00007fc5eb80a000 Exception <a 'java/security/PrivilegedActionException'> (0x000000079578ac48) thrown at [/Users/java_re/workspace/8-2-build-macosx-x86_64/jdk8u65/4987/hotspot/src/share/vm/prims/jvm.cpp, line 1386]
Event: 0.176 Thread 0x00007fc5eb80a000 Exception <a 'java/security/PrivilegedActionException'> (0x00000007958bab18) thrown at [/Users/java_re/workspace/8-2-build-macosx-x86_64/jdk8u65/4987/hotspot/src/share/vm/prims/jvm.cpp, line 1386]
Event: 0.176 Thread 0x00007fc5eb80a000 Exception <a 'java/security/PrivilegedActionException'> (0x00000007958bad28) thrown at [/Users/java_re/workspace/8-2-build-macosx-x86_64/jdk8u65/4987/hotspot/src/share/vm/prims/jvm.cpp, line 1386]
Event: 0.177 Thread 0x00007fc5eb80a000 Exception <a 'java/security/PrivilegedActionException'> (0x00000007958be1b0) thrown at [/Users/java_re/workspace/8-2-build-macosx-x86_64/jdk8u65/4987/hotspot/src/share/vm/prims/jvm.cpp, line 1386]
Event: 0.177 Thread 0x00007fc5eb80a000 Exception <a 'java/security/PrivilegedActionException'> (0x00000007958be3c0) thrown at [/Users/java_re/workspace/8-2-build-macosx-x86_64/jdk8u65/4987/hotspot/src/share/vm/prims/jvm.cpp, line 1386]
Event: 0.227 Thread 0x00007fc5eb80a000 Exception <a 'java/lang/NoSuchFieldError': method resolution failed> (0x000000079598cc38) thrown at [/Users/java_re/workspace/8-2-build-macosx-x86_64/jdk8u65/4987/hotspot/src/share/vm/prims/methodHandles.cpp, line 1146]
Event: 0.230 Thread 0x00007fc5eb80a000 Exception <a 'java/lang/NoSuchFieldError': method resolution failed> (0x000000079599a388) thrown at [/Users/java_re/workspace/8-2-build-macosx-x86_64/jdk8u65/4987/hotspot/src/share/vm/prims/methodHandles.cpp, line 1146]
Event: 0.396 Thread 0x00007fc5eb80a000 Exception <a 'java/io/FileNotFoundException'> (0x0000000795a154c8) thrown at [/Users/java_re/workspace/8-2-build-macosx-x86_64/jdk8u65/4987/hotspot/src/share/vm/prims/jni.cpp, line 709]
Event: 0.397 Thread 0x00007fc5eb80a000 Exception <a 'java/io/FileNotFoundException'> (0x0000000795a16048) thrown at [/Users/java_re/workspace/8-2-build-macosx-x86_64/jdk8u65/4987/hotspot/src/share/vm/prims/jni.cpp, line 709]

Events (10 events):
Event: 2.965 Thread 0x00007fc5eb80a000 DEOPT PACKING pc=0x00000001115e16ba sp=0x0000700000183560
Event: 2.965 Thread 0x00007fc5eb80a000 DEOPT UNPACKING pc=0x0000000111247633 sp=0x0000700000183338 mode 0
Event: 2.969 Thread 0x00007fc5eb80a000 DEOPT PACKING pc=0x00000001115e16ba sp=0x0000700000183560
Event: 2.969 Thread 0x00007fc5eb80a000 DEOPT UNPACKING pc=0x0000000111247633 sp=0x0000700000183338 mode 0
Event: 2.973 Thread 0x00007fc5eb80a000 DEOPT PACKING pc=0x00000001115e16ba sp=0x0000700000183560
Event: 2.973 Thread 0x00007fc5eb80a000 DEOPT UNPACKING pc=0x0000000111247633 sp=0x0000700000183338 mode 0
Event: 2.977 Thread 0x00007fc5eb80a000 DEOPT PACKING pc=0x00000001115e16ba sp=0x0000700000183560
Event: 2.977 Thread 0x00007fc5eb80a000 DEOPT UNPACKING pc=0x0000000111247633 sp=0x0000700000183338 mode 0
Event: 4.121 Executing VM operation: EnableBiasedLocking
Event: 4.122 Executing VM operation: EnableBiasedLocking done


Dynamic libraries:
0x0000000001c05000 	/System/Library/Frameworks/Cocoa.framework/Versions/A/Cocoa
0x0000000001c05000 	/System/Library/Frameworks/Security.framework/Versions/A/Security
0x0000000001c05000 	/System/Library/Frameworks/ApplicationServices.framework/Versions/A/ApplicationServices
0x0000000001c05000 	/usr/lib/libz.1.dylib
0x0000000001c05000 	/usr/lib/libSystem.B.dylib
0x0000000001c05000 	/usr/lib/libobjc.A.dylib
0x0000000001c05000 	/System/Library/Frameworks/CoreFoundation.framework/Versions/A/CoreFoundation
0x0000000001c05000 	/System/Library/Frameworks/Foundation.framework/Versions/C/Foundation
0x0000000001c05000 	/System/Library/Frameworks/AppKit.framework/Versions/C/AppKit
0x0000000001c05000 	/System/Library/Frameworks/CoreData.framework/Versions/A/CoreData
0x0000000001c05000 	/System/Library/PrivateFrameworks/RemoteViewServices.framework/Versions/A/RemoteViewServices
0x0000000001c05000 	/System/Library/PrivateFrameworks/UIFoundation.framework/Versions/A/UIFoundation
0x0000000001c05000 	/usr/lib/libScreenReader.dylib
0x0000000001c05000 	/System/Library/Frameworks/Accelerate.framework/Versions/A/Accelerate
0x0000000001c05000 	/System/Library/Frameworks/IOSurface.framework/Versions/A/IOSurface
0x0000000001c05000 	/System/Library/Frameworks/AudioToolbox.framework/Versions/A/AudioToolbox
0x0000000001c05000 	/System/Library/Frameworks/AudioUnit.framework/Versions/A/AudioUnit
0x0000000001c05000 	/System/Library/PrivateFrameworks/DataDetectorsCore.framework/Versions/A/DataDetectorsCore
0x0000000001c05000 	/System/Library/PrivateFrameworks/DesktopServicesPriv.framework/Versions/A/DesktopServicesPriv
0x0000000001c05000 	/System/Library/Frameworks/Carbon.framework/Versions/A/Frameworks/HIToolbox.framework/Versions/A/HIToolbox
0x0000000001c05000 	/System/Library/Frameworks/QuartzCore.framework/Versions/A/QuartzCore
0x0000000001c05000 	/System/Library/Frameworks/Carbon.framework/Versions/A/Frameworks/SpeechRecognition.framework/Versions/A/SpeechRecognition
0x0000000001c05000 	/usr/lib/libauto.dylib
0x0000000001c05000 	/usr/lib/libicucore.A.dylib
0x0000000001c05000 	/usr/lib/libxml2.2.dylib
0x0000000001c05000 	/System/Library/PrivateFrameworks/CoreUI.framework/Versions/A/CoreUI
0x0000000001c05000 	/System/Library/Frameworks/CoreAudio.framework/Versions/A/CoreAudio
0x0000000001c05000 	/System/Library/Frameworks/DiskArbitration.framework/Versions/A/DiskArbitration
0x0000000001c05000 	/usr/lib/liblangid.dylib
0x0000000001c05000 	/System/Library/PrivateFrameworks/MultitouchSupport.framework/Versions/A/MultitouchSupport
0x0000000001c05000 	/System/Library/Frameworks/IOKit.framework/Versions/A/IOKit
0x0000000001c05000 	/usr/lib/libDiagnosticMessagesClient.dylib
0x0000000001c05000 	/System/Library/Frameworks/CoreServices.framework/Versions/A/CoreServices
0x0000000001c05000 	/System/Library/PrivateFrameworks/PerformanceAnalysis.framework/Versions/A/PerformanceAnalysis
0x0000000001c05000 	/System/Library/PrivateFrameworks/GenerationalStorage.framework/Versions/A/GenerationalStorage
0x0000000001c05000 	/System/Library/Frameworks/OpenGL.framework/Versions/A/OpenGL
0x0000000001c05000 	/System/Library/PrivateFrameworks/Sharing.framework/Versions/A/Sharing
0x0000000001c05000 	/System/Library/Frameworks/CoreGraphics.framework/Versions/A/CoreGraphics
0x0000000001c05000 	/System/Library/Frameworks/CoreImage.framework/Versions/A/CoreImage
0x0000000001c05000 	/System/Library/Frameworks/CoreText.framework/Versions/A/CoreText
0x0000000001c05000 	/System/Library/Frameworks/ImageIO.framework/Versions/A/ImageIO
0x0000000001c05000 	/System/Library/PrivateFrameworks/Backup.framework/Versions/A/Backup
0x0000000001c05000 	/usr/lib/libextension.dylib
0x0000000001c05000 	/usr/lib/libarchive.2.dylib
0x0000000001c05000 	/System/Library/Frameworks/CFNetwork.framework/Versions/A/CFNetwork
0x0000000001c05000 	/System/Library/Frameworks/SystemConfiguration.framework/Versions/A/SystemConfiguration
0x0000000001c05000 	/usr/lib/libCRFSuite.dylib
0x0000000001c05000 	/usr/lib/libc++.1.dylib
0x0000000001c05000 	/usr/lib/libc++abi.dylib
0x0000000001c05000 	/usr/lib/system/libcache.dylib
0x0000000001c05000 	/usr/lib/system/libcommonCrypto.dylib
0x0000000001c05000 	/usr/lib/system/libcompiler_rt.dylib
0x0000000001c05000 	/usr/lib/system/libcopyfile.dylib
0x0000000001c05000 	/usr/lib/system/libcorecrypto.dylib
0x0000000001c05000 	/usr/lib/system/libdispatch.dylib
0x0000000001c05000 	/usr/lib/system/libdyld.dylib
0x0000000001c05000 	/usr/lib/system/libkeymgr.dylib
0x0000000001c05000 	/usr/lib/system/liblaunch.dylib
0x0000000001c05000 	/usr/lib/system/libmacho.dylib
0x0000000001c05000 	/usr/lib/system/libquarantine.dylib
0x0000000001c05000 	/usr/lib/system/libremovefile.dylib
0x0000000001c05000 	/usr/lib/system/libsystem_asl.dylib
0x0000000001c05000 	/usr/lib/system/libsystem_blocks.dylib
0x0000000001c05000 	/usr/lib/system/libsystem_c.dylib
0x0000000001c05000 	/usr/lib/system/libsystem_configuration.dylib
0x0000000001c05000 	/usr/lib/system/libsystem_coreservices.dylib
0x0000000001c05000 	/usr/lib/system/libsystem_coretls.dylib
0x0000000001c05000 	/usr/lib/system/libsystem_dnssd.dylib
0x0000000001c05000 	/usr/lib/system/libsystem_info.dylib
0x0000000001c05000 	/usr/lib/system/libsystem_kernel.dylib
0x0000000001c05000 	/usr/lib/system/libsystem_m.dylib
0x0000000001c05000 	/usr/lib/system/libsystem_malloc.dylib
0x0000000001c05000 	/usr/lib/system/libsystem_network.dylib
0x0000000001c05000 	/usr/lib/system/libsystem_networkextension.dylib
0x0000000001c05000 	/usr/lib/system/libsystem_notify.dylib
0x0000000001c05000 	/usr/lib/system/libsystem_platform.dylib
0x0000000001c05000 	/usr/lib/system/libsystem_pthread.dylib
0x0000000001c05000 	/usr/lib/system/libsystem_sandbox.dylib
0x0000000001c05000 	/usr/lib/system/libsystem_secinit.dylib
0x0000000001c05000 	/usr/lib/system/libsystem_trace.dylib
0x0000000001c05000 	/usr/lib/system/libunc.dylib
0x0000000001c05000 	/usr/lib/system/libunwind.dylib
0x0000000001c05000 	/usr/lib/system/libxpc.dylib
0x0000000001c05000 	/usr/lib/libenergytrace.dylib
0x0000000001c05000 	/usr/lib/libbsm.0.dylib
0x0000000001c05000 	/usr/lib/system/libkxld.dylib
0x0000000001c05000 	/usr/lib/libxar.1.dylib
0x0000000001c05000 	/usr/lib/libsqlite3.dylib
0x0000000001c05000 	/usr/lib/libpam.2.dylib
0x0000000001c05000 	/usr/lib/libOpenScriptingUtil.dylib
0x0000000001c05000 	/usr/lib/libbz2.1.0.dylib
0x0000000001c05000 	/usr/lib/liblzma.5.dylib
0x0000000001c05000 	/System/Library/Frameworks/CoreServices.framework/Versions/A/Frameworks/FSEvents.framework/Versions/A/FSEvents
0x0000000001c05000 	/System/Library/Frameworks/CoreServices.framework/Versions/A/Frameworks/CarbonCore.framework/Versions/A/CarbonCore
0x0000000001c05000 	/System/Library/Frameworks/CoreServices.framework/Versions/A/Frameworks/Metadata.framework/Versions/A/Metadata
0x0000000001c05000 	/System/Library/Frameworks/CoreServices.framework/Versions/A/Frameworks/OSServices.framework/Versions/A/OSServices
0x0000000001c05000 	/System/Library/Frameworks/CoreServices.framework/Versions/A/Frameworks/SearchKit.framework/Versions/A/SearchKit
0x0000000001c05000 	/System/Library/Frameworks/CoreServices.framework/Versions/A/Frameworks/AE.framework/Versions/A/AE
0x0000000001c05000 	/System/Library/Frameworks/CoreServices.framework/Versions/A/Frameworks/LaunchServices.framework/Versions/A/LaunchServices
0x0000000001c05000 	/System/Library/Frameworks/CoreServices.framework/Versions/A/Frameworks/DictionaryServices.framework/Versions/A/DictionaryServices
0x0000000001c05000 	/System/Library/Frameworks/CoreServices.framework/Versions/A/Frameworks/SharedFileList.framework/Versions/A/SharedFileList
0x0000000001c05000 	/System/Library/Frameworks/NetFS.framework/Versions/A/NetFS
0x0000000001c05000 	/System/Library/PrivateFrameworks/NetAuth.framework/Versions/A/NetAuth
0x0000000001c05000 	/System/Library/PrivateFrameworks/login.framework/Versions/A/Frameworks/loginsupport.framework/Versions/A/loginsupport
0x0000000001c05000 	/System/Library/PrivateFrameworks/TCC.framework/Versions/A/TCC
0x0000000001c05000 	/usr/lib/libmecabra.dylib
0x0000000001c05000 	/System/Library/Frameworks/ApplicationServices.framework/Versions/A/Frameworks/ATS.framework/Versions/A/ATS
0x0000000001c05000 	/System/Library/Frameworks/ApplicationServices.framework/Versions/A/Frameworks/ColorSync.framework/Versions/A/ColorSync
0x0000000001c05000 	/System/Library/Frameworks/ApplicationServices.framework/Versions/A/Frameworks/HIServices.framework/Versions/A/HIServices
0x0000000001c05000 	/System/Library/Frameworks/ApplicationServices.framework/Versions/A/Frameworks/LangAnalysis.framework/Versions/A/LangAnalysis
0x0000000001c05000 	/System/Library/Frameworks/ApplicationServices.framework/Versions/A/Frameworks/PrintCore.framework/Versions/A/PrintCore
0x0000000001c05000 	/System/Library/Frameworks/ApplicationServices.framework/Versions/A/Frameworks/QD.framework/Versions/A/QD
0x0000000001c05000 	/System/Library/Frameworks/ApplicationServices.framework/Versions/A/Frameworks/SpeechSynthesis.framework/Versions/A/SpeechSynthesis
0x0000000001c05000 	/System/Library/Frameworks/Metal.framework/Versions/A/Metal
0x0000000001c05000 	/System/Library/Frameworks/Accelerate.framework/Versions/A/Frameworks/vImage.framework/Versions/A/vImage
0x0000000001c05000 	/System/Library/Frameworks/Accelerate.framework/Versions/A/Frameworks/vecLib.framework/Versions/A/vecLib
0x0000000001c05000 	/System/Library/Frameworks/Accelerate.framework/Versions/A/Frameworks/vecLib.framework/Versions/A/libvDSP.dylib
0x0000000001c05000 	/System/Library/Frameworks/Accelerate.framework/Versions/A/Frameworks/vecLib.framework/Versions/A/libvMisc.dylib
0x0000000001c05000 	/System/Library/Frameworks/Accelerate.framework/Versions/A/Frameworks/vecLib.framework/Versions/A/libLAPACK.dylib
0x0000000001c05000 	/System/Library/Frameworks/Accelerate.framework/Versions/A/Frameworks/vecLib.framework/Versions/A/libBLAS.dylib
0x0000000001c05000 	/System/Library/Frameworks/Accelerate.framework/Versions/A/Frameworks/vecLib.framework/Versions/A/libLinearAlgebra.dylib
0x0000000001c05000 	/System/Library/Frameworks/Accelerate.framework/Versions/A/Frameworks/vecLib.framework/Versions/A/libSparseBLAS.dylib
0x0000000001c05000 	/System/Library/PrivateFrameworks/GPUCompiler.framework/libmetal_timestamp.dylib
0x0000000001c05000 	/System/Library/Frameworks/OpenGL.framework/Versions/A/Libraries/libCoreFSCache.dylib
0x0000000001c05000 	/System/Library/PrivateFrameworks/IOAccelerator.framework/Versions/A/IOAccelerator
0x0000000001c05000 	/System/Library/Frameworks/ApplicationServices.framework/Versions/A/Frameworks/ATS.framework/Versions/A/Resources/libFontParser.dylib
0x0000000001c05000 	/System/Library/Frameworks/ApplicationServices.framework/Versions/A/Frameworks/ATS.framework/Versions/A/Resources/libFontRegistry.dylib
0x0000000001c05000 	/System/Library/PrivateFrameworks/AppleVPA.framework/Versions/A/AppleVPA
0x0000000001c05000 	/System/Library/PrivateFrameworks/AppleJPEG.framework/Versions/A/AppleJPEG
0x0000000001c05000 	/System/Library/Frameworks/ImageIO.framework/Versions/A/Resources/libJPEG.dylib
0x0000000001c05000 	/System/Library/Frameworks/ImageIO.framework/Versions/A/Resources/libTIFF.dylib
0x0000000001c05000 	/System/Library/Frameworks/ImageIO.framework/Versions/A/Resources/libPng.dylib
0x0000000001c05000 	/System/Library/Frameworks/ImageIO.framework/Versions/A/Resources/libGIF.dylib
0x0000000001c05000 	/System/Library/Frameworks/ImageIO.framework/Versions/A/Resources/libJP2.dylib
0x0000000001c05000 	/System/Library/Frameworks/ImageIO.framework/Versions/A/Resources/libRadiance.dylib
0x0000000001c05000 	/System/Library/Frameworks/CoreVideo.framework/Versions/A/CoreVideo
0x0000000001c05000 	/System/Library/Frameworks/OpenGL.framework/Versions/A/Libraries/libGLU.dylib
0x0000000001c05000 	/System/Library/Frameworks/OpenGL.framework/Versions/A/Libraries/libGFXShared.dylib
0x0000000001c05000 	/System/Library/Frameworks/OpenGL.framework/Versions/A/Libraries/libGL.dylib
0x0000000001c05000 	/System/Library/Frameworks/OpenGL.framework/Versions/A/Libraries/libGLImage.dylib
0x0000000001c05000 	/System/Library/Frameworks/OpenGL.framework/Versions/A/Libraries/libCVMSPluginSupport.dylib
0x0000000001c05000 	/System/Library/Frameworks/OpenGL.framework/Versions/A/Libraries/libCoreVMClient.dylib
0x0000000001c05000 	/usr/lib/libcompression.dylib
0x0000000001c05000 	/usr/lib/libcups.2.dylib
0x0000000001c05000 	/System/Library/Frameworks/Kerberos.framework/Versions/A/Kerberos
0x0000000001c05000 	/System/Library/Frameworks/GSS.framework/Versions/A/GSS
0x0000000001c05000 	/usr/lib/libresolv.9.dylib
0x0000000001c05000 	/usr/lib/libiconv.2.dylib
0x0000000001c05000 	/System/Library/PrivateFrameworks/Heimdal.framework/Versions/A/Heimdal
0x0000000001c05000 	/usr/lib/libheimdal-asn1.dylib
0x0000000001c05000 	/System/Library/Frameworks/OpenDirectory.framework/Versions/A/OpenDirectory
0x0000000001c05000 	/System/Library/PrivateFrameworks/CommonAuth.framework/Versions/A/CommonAuth
0x0000000001c05000 	/System/Library/Frameworks/OpenDirectory.framework/Versions/A/Frameworks/CFOpenDirectory.framework/Versions/A/CFOpenDirectory
0x0000000001c05000 	/System/Library/Frameworks/SecurityFoundation.framework/Versions/A/SecurityFoundation
0x0000000001c05000 	/System/Library/PrivateFrameworks/LanguageModeling.framework/Versions/A/LanguageModeling
0x0000000001c05000 	/usr/lib/libmarisa.dylib
0x0000000001c05000 	/usr/lib/libChineseTokenizer.dylib
0x0000000001c05000 	/usr/lib/libcmph.dylib
0x0000000001c05000 	/System/Library/Frameworks/ServiceManagement.framework/Versions/A/ServiceManagement
0x0000000001c05000 	/usr/lib/libxslt.1.dylib
0x0000000001c05000 	/System/Library/Frameworks/Carbon.framework/Versions/A/Frameworks/Ink.framework/Versions/A/Ink
0x0000000001c05000 	/usr/lib/libFosl_dynamic.dylib
0x0000000001c05000 	/System/Library/PrivateFrameworks/FaceCore.framework/Versions/A/FaceCore
0x0000000001c05000 	/System/Library/Frameworks/OpenCL.framework/Versions/A/OpenCL
0x0000000001c05000 	/System/Library/PrivateFrameworks/CrashReporterSupport.framework/Versions/A/CrashReporterSupport
0x0000000001c05000 	/System/Library/PrivateFrameworks/IconServices.framework/Versions/A/IconServices
0x0000000001c05000 	/System/Library/PrivateFrameworks/Apple80211.framework/Versions/A/Apple80211
0x0000000001c05000 	/System/Library/Frameworks/CoreWLAN.framework/Versions/A/CoreWLAN
0x0000000001c05000 	/System/Library/Frameworks/IOBluetooth.framework/Versions/A/IOBluetooth
0x0000000001c05000 	/System/Library/PrivateFrameworks/CoreWiFi.framework/Versions/A/CoreWiFi
0x0000000001c05000 	/System/Library/Frameworks/CoreBluetooth.framework/Versions/A/CoreBluetooth
0x0000000001c05000 	/System/Library/PrivateFrameworks/ChunkingLibrary.framework/Versions/A/ChunkingLibrary
0x0000000001c05000 	/System/Library/PrivateFrameworks/DebugSymbols.framework/Versions/A/DebugSymbols
0x0000000001c05000 	/System/Library/PrivateFrameworks/CoreSymbolication.framework/Versions/A/CoreSymbolication
0x0000000001c05000 	/System/Library/PrivateFrameworks/Symbolication.framework/Versions/A/Symbolication
0x0000000001c05000 	/System/Library/PrivateFrameworks/SpeechRecognitionCore.framework/Versions/A/SpeechRecognitionCore
0x000000010f84a000 	/Library/Java/JavaVirtualMachines/jdk1.8.0_65.jdk/Contents/Home/jre/lib/server/libjvm.dylib
0x0000000001c05000 	/usr/lib/libstdc++.6.dylib
0x00000001107d3000 	/Library/Java/JavaVirtualMachines/jdk1.8.0_65.jdk/Contents/Home/jre/lib/libverify.dylib
0x00000001107e1000 	/Library/Java/JavaVirtualMachines/jdk1.8.0_65.jdk/Contents/Home/jre/lib/libjava.dylib
0x0000000110824000 	/Library/Java/JavaVirtualMachines/jdk1.8.0_65.jdk/Contents/Home/jre/lib/libzip.dylib
0x0000000126990000 	/System/Library/Frameworks/JavaVM.framework/Frameworks/JavaRuntimeSupport.framework/JavaRuntimeSupport
0x00000001269ab000 	/System/Library/Frameworks/JavaVM.framework/Versions/A/Frameworks/JavaNativeFoundation.framework/Versions/A/JavaNativeFoundation
0x00000001269c0000 	/System/Library/Frameworks/JavaVM.framework/Versions/A/JavaVM
0x0000000001c05000 	/System/Library/Frameworks/Carbon.framework/Versions/A/Carbon
0x00000001269cd000 	/System/Library/PrivateFrameworks/JavaLaunching.framework/Versions/A/JavaLaunching
0x0000000001c05000 	/System/Library/Frameworks/Carbon.framework/Versions/A/Frameworks/CommonPanels.framework/Versions/A/CommonPanels
0x0000000001c05000 	/System/Library/Frameworks/Carbon.framework/Versions/A/Frameworks/Help.framework/Versions/A/Help
0x0000000001c05000 	/System/Library/Frameworks/Carbon.framework/Versions/A/Frameworks/ImageCapture.framework/Versions/A/ImageCapture
0x0000000001c05000 	/System/Library/Frameworks/Carbon.framework/Versions/A/Frameworks/OpenScripting.framework/Versions/A/OpenScripting
0x0000000001c05000 	/System/Library/Frameworks/Carbon.framework/Versions/A/Frameworks/Print.framework/Versions/A/Print
0x0000000001c05000 	/System/Library/Frameworks/Carbon.framework/Versions/A/Frameworks/SecurityHI.framework/Versions/A/SecurityHI
0x0000000128359000 	/Library/Java/JavaVirtualMachines/jdk1.8.0_65.jdk/Contents/Home/jre/lib/libawt.dylib
0x0000000128401000 	/Library/Java/JavaVirtualMachines/jdk1.8.0_65.jdk/Contents/Home/jre/lib/./libmlib_image.dylib
0x00000001284cd000 	/Library/Java/JavaVirtualMachines/jdk1.8.0_65.jdk/Contents/Home/jre/lib/libawt_lwawt.dylib
0x0000000128582000 	/Library/Java/JavaVirtualMachines/jdk1.8.0_65.jdk/Contents/Home/jre/lib/./libosxapp.dylib
0x0000000001c05000 	/System/Library/Frameworks/ExceptionHandling.framework/Versions/A/ExceptionHandling
0x0000000001c05000 	/System/Library/PrivateFrameworks/CoreServicesInternal.framework/Versions/A/CoreServicesInternal
0x0000000001c05000 	/System/Library/Frameworks/CoreGraphics.framework/Versions/A/Resources/libRIP.A.dylib
0x0000000001c05000 	/System/Library/Frameworks/Accelerate.framework/Versions/A/Frameworks/vImage.framework/Versions/A/Libraries/libCGInterfaces.dylib
0x0000000001c05000 	/System/Library/Frameworks/CoreGraphics.framework/Versions/A/Resources/libCGXType.A.dylib
0x0000000001c05000 	/System/Library/Frameworks/OpenCL.framework/Versions/A/Libraries/libcldcpuengine.dylib
0x0000000001c05000 	/System/Library/PrivateFrameworks/DiskImages.framework/Versions/A/DiskImages
0x0000000001c05000 	/System/Library/Frameworks/DiscRecording.framework/Versions/A/DiscRecording
0x0000000001c05000 	/usr/lib/libcsfde.dylib
0x0000000001c05000 	/usr/lib/libcurl.4.dylib
0x0000000001c05000 	/System/Library/PrivateFrameworks/MediaKit.framework/Versions/A/MediaKit
0x0000000001c05000 	/System/Library/PrivateFrameworks/ProtectedCloudStorage.framework/Versions/A/ProtectedCloudStorage
0x0000000001c05000 	/usr/lib/libCoreStorage.dylib
0x0000000001c05000 	/System/Library/PrivateFrameworks/EFILogin.framework/Versions/A/EFILogin
0x0000000001c05000 	/usr/lib/libutil.dylib
0x0000000001c05000 	/System/Library/PrivateFrameworks/FindMyDevice.framework/Versions/A/FindMyDevice
0x0000000001c05000 	/System/Library/Frameworks/LDAP.framework/Versions/A/LDAP
0x0000000001c05000 	/usr/lib/libsasl2.2.dylib
0x0000000001c05000 	/System/Library/PrivateFrameworks/CoreDaemon.framework/Versions/B/CoreDaemon
0x0000000001c05000 	/usr/lib/libcrypto.0.9.8.dylib
0x0000000001c05000 	/System/Library/PrivateFrameworks/AppleSRP.framework/Versions/A/AppleSRP
0x0000000001c05000 	/System/Library/PrivateFrameworks/TrustEvaluationAgent.framework/Versions/A/TrustEvaluationAgent
0x000000012a327000 	cl_kernels
0x0000000001c05000 	/System/Library/Frameworks/OpenCL.framework/Versions/A/Libraries/ImageFormats/unorm8_bgra.dylib
0x0000000001c05000 	/System/Library/Frameworks/OpenCL.framework/Versions/A/Libraries/ImageFormats/unorm8_rgba.dylib
0x0000000001c05000 	/System/Library/PrivateFrameworks/FamilyControls.framework/Versions/A/FamilyControls
0x0000000001c05000 	/System/Library/PrivateFrameworks/CommerceKit.framework/Versions/A/Frameworks/CommerceCore.framework/Versions/A/CommerceCore
0x0000000001c05000 	/System/Library/PrivateFrameworks/SystemAdministration.framework/Versions/A/SystemAdministration
0x0000000001c05000 	/System/Library/PrivateFrameworks/AppContainer.framework/Versions/A/AppContainer
0x0000000001c05000 	/System/Library/PrivateFrameworks/SecCodeWrapper.framework/Versions/A/SecCodeWrapper
0x0000000001c05000 	/System/Library/Frameworks/DirectoryService.framework/Versions/A/DirectoryService
0x0000000001c05000 	/System/Library/PrivateFrameworks/LoginUIKit.framework/Versions/A/Frameworks/LoginUICore.framework/Versions/A/LoginUICore
0x0000000001c05000 	/usr/lib/libodfde.dylib
0x000000012b402000 	/Library/Java/JavaVirtualMachines/jdk1.8.0_65.jdk/Contents/Home/jre/lib/libfontmanager.dylib
0x000000012b469000 	/Users/williamallen/Downloads/slick (1)/liblwjgl.dylib
0x000000012972a000 	/Library/Java/JavaVirtualMachines/jdk1.8.0_65.jdk/Contents/Home/jre/lib/libjawt.dylib
0x0000000001c05000 	/System/Library/Frameworks/OpenGL.framework/Versions/A/Resources/GLEngine.bundle/GLEngine
0x0000000001c05000 	/System/Library/Frameworks/OpenGL.framework/Versions/A/Libraries/libGLProgrammability.dylib
0x000000012b4eb000 	/System/Library/Extensions/AppleIntelBDWGraphicsGLDriver.bundle/Contents/MacOS/AppleIntelBDWGraphicsGLDriver
0x0000000001c05000 	/System/Library/PrivateFrameworks/GPUSupport.framework/Versions/A/Libraries/libGPUSupportMercury.dylib
0x0000000001c05000 	/System/Library/Frameworks/OpenGL.framework/Versions/A/Resources/GLRendererFloat.bundle/GLRendererFloat
0x000000012a31a000 	/Users/williamallen/Downloads/slick (1)/libjinput-osx.dylib
0x000000012d4d5000 	/System/Library/Extensions/IOHIDFamily.kext/Contents/PlugIns/IOHIDLib.plugin/Contents/MacOS/IOHIDLib

VM Arguments:
jvm_args: -Djava.library.path=/Users/williamallen/Downloads/slick (1) -Dfile.encoding=UTF-8 
java_command: Main
java_class_path (initial): /Users/williamallen/Documents/myGames/Wiz/bin:/Users/williamallen/Documents/myGames/Wiz/lib/ibxm.jar:/Users/williamallen/Documents/myGames/Wiz/lib/jinput.jar:/Users/williamallen/Documents/myGames/Wiz/lib/jnlp.jar:/Users/williamallen/Documents/myGames/Wiz/lib/jogg-0.0.7.jar:/Users/williamallen/Documents/myGames/Wiz/lib/jorbis-0.0.15.jar:/Users/williamallen/Documents/myGames/Wiz/lib/lwjgl_util_applet.jar:/Users/williamallen/Documents/myGames/Wiz/lib/lwjgl_util.jar:/Users/williamallen/Documents/myGames/Wiz/lib/lwjgl.jar:/Users/williamallen/Documents/myGames/Wiz/lib/natives-linux.jar:/Users/williamallen/Documents/myGames/Wiz/lib/natives-mac.jar:/Users/williamallen/Documents/myGames/Wiz/lib/natives-windows.jar:/Users/williamallen/Documents/myGames/Wiz/lib/slick-examples.jar:/Users/williamallen/Documents/myGames/Wiz/lib/slick.jar:/Users/williamallen/Documents/myGames/Wiz/lib/tinylinepp.jar
Launcher Type: SUN_STANDARD

Environment Variables:
PATH=/usr/bin:/bin:/usr/sbin:/sbin
SHELL=/bin/bash
DISPLAY=/private/tmp/com.apple.launchd.Osqslh9dPF/org.macosforge.xquartz:0

Signal Handlers:
SIGSEGV: [libjvm.dylib+0x5a6d31], sa_mask[0]=11111111011111110111111111111111, sa_flags=SA_ONSTACK|SA_RESTART|SA_SIGINFO
SIGBUS: [libjvm.dylib+0x5a6d31], sa_mask[0]=11111111011111110111111111111111, sa_flags=SA_RESTART|SA_SIGINFO
SIGFPE: [libjvm.dylib+0x480a40], sa_mask[0]=11111111011111110111111111111111, sa_flags=SA_RESTART|SA_SIGINFO
SIGPIPE: [libjvm.dylib+0x480a40], sa_mask[0]=11111111011111110111111111111111, sa_flags=SA_RESTART|SA_SIGINFO
SIGXFSZ: [libjvm.dylib+0x480a40], sa_mask[0]=11111111011111110111111111111111, sa_flags=SA_RESTART|SA_SIGINFO
SIGILL: [libjvm.dylib+0x480a40], sa_mask[0]=11111111011111110111111111111111, sa_flags=SA_RESTART|SA_SIGINFO
SIGUSR1: SIG_DFL, sa_mask[0]=00000000000000000000000000000000, sa_flags=none
SIGUSR2: [libjvm.dylib+0x48055e], sa_mask[0]=00100000000000000000000000000000, sa_flags=SA_RESTART|SA_SIGINFO
SIGHUP: [libjvm.dylib+0x47eb35], sa_mask[0]=11111111011111110111111111111111, sa_flags=SA_RESTART|SA_SIGINFO
SIGINT: [libjvm.dylib+0x47eb35], sa_mask[0]=11111111011111110111111111111111, sa_flags=SA_RESTART|SA_SIGINFO
SIGTERM: [libjvm.dylib+0x47eb35], sa_mask[0]=11111111011111110111111111111111, sa_flags=SA_RESTART|SA_SIGINFO
SIGQUIT: [libjvm.dylib+0x47eb35], sa_mask[0]=11111111011111110111111111111111, sa_flags=SA_RESTART|SA_SIGINFO


---------------  S Y S T E M  ---------------

OS:Bsduname:Darwin 15.6.0 Darwin Kernel Version 15.6.0: Thu Jun 23 18:25:34 PDT 2016; root:xnu-3248.60.10~1/RELEASE_X86_64 x86_64
rlimit: STACK 8192k, CORE 0k, NPROC 709, NOFILE 10240, AS infinity
load average:2.34 1.91 1.83

CPU:total 4 (2 cores per cpu, 2 threads per core) family 6 model 61 stepping 4, cmov, cx8, fxsr, mmx, sse, sse2, sse3, ssse3, sse4.1, sse4.2, popcnt, avx, avx2, aes, clmul, erms, 3dnowpref, lzcnt, ht, tsc, tscinvbit, bmi1, bmi2, adx

Memory: 4k page, physical 8388608k(2118808k free)

/proc/meminfo:


vm_info: Java HotSpot(TM) 64-Bit Server VM (25.65-b01) for bsd-amd64 JRE (1.8.0_65-b17), built on Oct  6 2015 15:36:46 by "java_re" with gcc 4.2.1 (Based on Apple Inc. build 5658) (LLVM build 2336.11.00)

time: Tue Nov 22 23:51:43 2016
elapsed time: 10 seconds (0d 0h 0m 10s)

